Scenario - 
Logfile written - 11/22/2019 16:03:23

Subject	Trial	Event Type	Code	type(str)	condition(num)	emotion(num)	Time	TTime	Uncertainty	Duration	Uncertainty	ReqTime	ReqDur	Stim Type	Pair Index

00GY3P	0	Pulse	255				77770	77770	0
00GY3P	1	Picture	welcome	welcome			77859	0	1	167	1	0	next	other	0
00GY3P	2	Pulse	255				97769	19743	0
00GY3P	2	Pulse	255				117770	39744	0
00GY3P	2	Pulse	255				137770	59744	0
00GY3P	2	Pulse	255				157770	79744	0
00GY3P	2	Pulse	255				177770	99744	0
00GY3P	3	Picture	txt,1,3	txt	1	3	177893	0	1	20173	1	0	next	other	0
00GY3P	3	Pulse	255				197770	19877	0
00GY3P	5	Picture	stm,1,3	stm	1	3	213238	0	1	20173	1	0	next	hit	12
00GY3P	5	Pulse	255				217770	4532	0
00GY3P	5	Response	1				225040	11802	0
00GY3P	6	Pulse	255				237770	4358	0
00GY3P	7	Picture	stm,1,3	stm	1	3	247246	0	6	20177	6	0	next	hit	16
00GY3P	7	Pulse	255				257770	10524	0
00GY3P	7	Response	1				259420	12173	0
00GY3P	8	Pulse	255				277770	10347	0
00GY3P	9	Picture	stm,1,3	stm	1	3	281095	0	1	20173	1	0	next	hit	20
00GY3P	9	Pulse	255				297770	16675	0
00GY3P	9	Response	1				298340	17245	0
00GY3P	11	Picture	stm,1,3	stm	1	3	317440	0	1	20173	1	0	next	hit	23
00GY3P	11	Pulse	255				317770	330	0
00GY3P	11	Response	2				328530	11090	0
00GY3P	12	Pulse	255				337770	156	0
00GY3P	13	Pulse	255				357770	6985	0
00GY3P	13	Pulse	255				377770	26985	0
00GY3P	13	Pulse	255				397770	46985	0
00GY3P	13	Pulse	255				417770	66985	0
00GY3P	13	Pulse	255				437770	86985	0
00GY3P	13	Pulse	255				457770	106985	0
00GY3P	14	Picture	txt,4,2	txt	4	2	458488	0	1	20173	1	0	next	other	0
00GY3P	14	Pulse	255				477770	19283	0
00GY3P	16	Picture	stm,4,2	stm	4	2	493833	0	1	20173	1	0	next	hit	35
00GY3P	16	Pulse	255				497770	3937	0
00GY3P	16	Response	1				504320	10487	0
00GY3P	17	Pulse	255				517770	3764	0
00GY3P	17	Pulse	255				537770	23764	0
00GY3P	18	Picture	stm,4,2	stm	4	2	538848	0	1	20173	1	0	next	hit	39
00GY3P	18	Response	1				547240	8392	0
00GY3P	18	Pulse	255				557770	18922	0
00GY3P	20	Picture	stm,4,2	stm	4	2	569692	0	1	20173	1	0	next	hit	43
00GY3P	20	Pulse	255				577770	8078	0
00GY3P	20	Response	2				578920	9228	0
00GY3P	21	Pulse	255				597770	7905	0
00GY3P	22	Picture	stm,4,2	stm	4	2	604704	0	1	20173	1	0	next	hit	46
00GY3P	22	Response	2				613320	8617	0
00GY3P	22	Pulse	255				617770	13066	0
00GY3P	23	Pulse	255				637770	12893	0
00GY3P	24	Pulse	255				657770	17721	0
00GY3P	24	Pulse	255				677770	37721	0
00GY3P	24	Pulse	255				697770	57721	0
00GY3P	24	Pulse	255				717770	77721	0
00GY3P	25	Picture	txt,2,3	txt	2	3	733914	0	1	20173	1	0	next	other	0
00GY3P	25	Pulse	255				737770	3856	0
00GY3P	26	Pulse	255				757770	3683	0
00GY3P	27	Picture	stm,2,3	stm	2	3	769259	0	1	20173	1	0	next	hit	58
00GY3P	27	Pulse	255				777770	8511	0
00GY3P	27	Response	2				788630	19371	0
00GY3P	28	Pulse	255				797770	8338	0
00GY3P	29	Picture	stm,2,3	stm	2	3	802437	0	1	20173	1	0	next	hit	61
00GY3P	29	Response	1				810260	7823	0
00GY3P	29	Pulse	255				817770	15333	0
00GY3P	31	Picture	stm,2,3	stm	2	3	833281	0	1	20173	1	0	next	hit	65
00GY3P	31	Pulse	255				837770	4490	0
00GY3P	31	Response	2				840970	7689	0
00GY3P	32	Pulse	255				857770	4316	0
00GY3P	33	Picture	stm,2,3	stm	2	3	871627	0	1	20173	1	0	next	hit	69
00GY3P	33	Pulse	255				877770	6143	0
00GY3P	33	Response	2				880750	9123	0
00GY3P	34	Pulse	255				897770	5970	0
00GY3P	35	Pulse	255				917770	13966	0
00GY3P	35	Pulse	255				937770	33966	0
00GY3P	35	Pulse	255				957770	53966	0
00GY3P	35	Pulse	255				977770	73966	0
00GY3P	35	Pulse	255				997770	93966	0
00GY3P	36	Picture	txt,4,1	txt	4	1	1005005	0	1	20173	1	0	next	other	0
00GY3P	36	Pulse	255				1017770	12765	0
00GY3P	37	Pulse	255				1037771	12592	0
00GY3P	38	Picture	stm,4,1	stm	4	1	1040350	0	1	20173	1	0	next	hit	80
00GY3P	38	Response	1				1052450	12100	0
00GY3P	38	Pulse	255				1057770	17420	0
00GY3P	40	Picture	stm,4,1	stm	4	1	1075696	0	1	20173	1	0	next	hit	84
00GY3P	40	Pulse	255				1077770	2075	0
00GY3P	40	Response	1				1084300	8605	0
00GY3P	41	Pulse	255				1097770	1901	0
00GY3P	42	Picture	stm,4,1	stm	4	1	1107206	0	1	20173	1	0	next	hit	87
00GY3P	42	Response	2				1116321	9114	0
00GY3P	42	Pulse	255				1117771	10565	0
00GY3P	43	Pulse	255				1137770	10390	0
00GY3P	44	Picture	stm,4,1	stm	4	1	1138545	0	14	20008	31	0	next	hit	91
00GY3P	44	Response	2				1146880	8336	0
00GY3P	44	Pulse	255				1157770	19226	0
00GY3P	46	Pulse	255				1177770	2875	0
00GY3P	46	Pulse	255				1197770	22875	0
00GY3P	46	Pulse	255				1217770	42875	0
00GY3P	46	Pulse	255				1237771	62875	0
00GY3P	46	Pulse	255				1257771	82875	0
00GY3P	47	Picture	txt,3,1	txt	3	1	1273262	0	1	20173	1	0	next	other	0
00GY3P	47	Pulse	255				1277770	4508	0
00GY3P	48	Pulse	255				1297771	4335	0
00GY3P	49	Picture	stm,3,1	stm	3	1	1308607	0	1	20173	1	0	next	hit	103
00GY3P	49	Pulse	255				1317771	9163	0
00GY3P	49	Response	1				1325231	16623	0
00GY3P	50	Pulse	255				1337770	8990	0
00GY3P	51	Picture	stm,3,1	stm	3	1	1343619	0	1	20173	1	0	next	hit	107
00GY3P	51	Pulse	255				1357771	14151	0
00GY3P	51	Response	2				1358150	14531	0
00GY3P	52	Pulse	255				1377771	13978	0
00GY3P	53	Picture	stm,3,1	stm	3	1	1389801	0	1	20173	1	0	next	hit	111
00GY3P	53	Pulse	255				1397771	7969	0
00GY3P	53	Response	1				1398980	9179	0
00GY3P	54	Pulse	255				1417760	7786	0
00GY3P	55	Picture	stm,3,1	stm	3	1	1425480	0	1	20173	1	0	next	hit	114
00GY3P	55	Response	1				1433530	8050	0
00GY3P	55	Pulse	255				1437760	12280	0
00GY3P	56	Pulse	255				1457761	12107	0
00GY3P	57	Pulse	255				1477761	15268	0
00GY3P	57	Pulse	255				1497761	35268	0
00GY3P	57	Pulse	255				1517761	55268	0
00GY3P	57	Pulse	255				1537761	75268	0
00GY3P	58	Picture	txt,6,1	txt	6	1	1554357	0	1	20173	1	0	next	other	0
00GY3P	58	Pulse	255				1557761	3404	0
00GY3P	59	Pulse	255				1577761	3230	0
00GY3P	60	Picture	stm,6,1	stm	6	1	1589702	0	1	20173	1	0	next	hit	126
00GY3P	60	Pulse	255				1597761	8059	0
00GY3P	60	Response	1				1598020	8318	0
00GY3P	61	Pulse	255				1617761	7885	0
00GY3P	62	Picture	stm,6,1	stm	6	1	1624380	0	1	20173	1	0	next	hit	129
00GY3P	62	Response	2				1635301	10920	0
00GY3P	62	Pulse	255				1637760	13380	0
00GY3P	63	Pulse	255				1657761	13207	0
00GY3P	64	Picture	stm,6,1	stm	6	1	1661393	0	1	20173	1	0	next	hit	133
00GY3P	64	Response	1				1674811	13418	0
00GY3P	64	Pulse	255				1677760	16367	0
00GY3P	66	Picture	stm,6,1	stm	6	1	1693237	0	1	20173	1	0	next	hit	137
00GY3P	66	Pulse	255				1697761	4524	0
00GY3P	66	Response	1				1704851	11614	0
00GY3P	67	Pulse	255				1717761	4350	0
00GY3P	67	Pulse	255				1737761	24350	0
00GY3P	68	Pulse	255				1757761	19842	0
00GY3P	68	Pulse	255				1777761	39842	0
00GY3P	68	Pulse	255				1797761	59842	0
00GY3P	68	Pulse	255				1817761	79842	0
00GY3P	68	Pulse	255				1837761	99842	0
00GY3P	69	Picture	txt,2,2	txt	2	2	1840620	0	1	20173	1	0	next	other	0
00GY3P	69	Pulse	255				1857761	17141	0
00GY3P	71	Picture	stm,2,2	stm	2	2	1875965	0	1	20173	1	0	next	hit	149
00GY3P	71	Pulse	255				1877761	1796	0
00GY3P	71	Response	2				1883331	7365	0
00GY3P	72	Pulse	255				1897761	1622	0
00GY3P	72	Pulse	255				1917761	21622	0
00GY3P	73	Picture	stm,2,2	stm	2	2	1921814	0	1	20173	1	0	next	hit	153
00GY3P	73	Response	1				1931351	9537	0
00GY3P	73	Pulse	255				1937761	15947	0
00GY3P	75	Picture	stm,2,2	stm	2	2	1953325	0	1	20173	1	0	next	hit	157
00GY3P	75	Pulse	255				1957761	4436	0
00GY3P	75	Response	2				1960531	7206	0
00GY3P	76	Pulse	255				1977761	4263	0
00GY3P	77	Picture	stm,2,2	stm	2	2	1984002	0	1	20173	1	0	next	hit	160
00GY3P	77	Response	1				1993531	9529	0
00GY3P	77	Pulse	255				1997760	13759	0
00GY3P	79	Pulse	255				2017761	1082	0
00GY3P	79	Pulse	255				2037761	21082	0
00GY3P	79	Pulse	255				2057761	41082	0
00GY3P	79	Pulse	255				2077761	61082	0
00GY3P	79	Pulse	255				2097761	81082	0
00GY3P	80	Picture	txt,4,3	txt	4	3	2111044	0	1	20173	1	0	next	other	0
00GY3P	80	Pulse	255				2117761	6716	0
00GY3P	81	Pulse	255				2137761	6543	0
00GY3P	82	Picture	stm,4,3	stm	4	3	2146390	0	1	20173	1	0	next	hit	172
00GY3P	82	Pulse	255				2157761	11371	0
00GY3P	82	Response	1				2161141	14751	0
00GY3P	83	Pulse	255				2177761	11198	0
00GY3P	84	Picture	stm,4,3	stm	4	3	2189071	0	1	20173	1	0	next	hit	176
00GY3P	84	Pulse	255				2197761	8690	0
00GY3P	84	Response	1				2202491	13420	0
00GY3P	85	Pulse	255				2217761	8517	0
00GY3P	86	Picture	stm,4,3	stm	4	3	2219581	0	1	20173	1	0	next	hit	179
00GY3P	86	Response	2				2227271	7690	0
00GY3P	86	Pulse	255				2237761	18180	0
00GY3P	88	Picture	stm,4,3	stm	4	3	2256260	0	1	20173	1	0	next	hit	183
00GY3P	88	Pulse	255				2257761	1501	0
00GY3P	88	Response	2				2275841	19581	0
00GY3P	89	Pulse	255				2277762	1328	0
00GY3P	90	Pulse	255				2297760	7322	0
00GY3P	90	Pulse	255				2317761	27323	0
00GY3P	90	Pulse	255				2337761	47323	0
00GY3P	90	Pulse	255				2357761	67323	0
00GY3P	91	Picture	txt,5,2	txt	5	2	2374633	0	1	20173	1	0	next	other	0
00GY3P	91	Pulse	255				2377761	3128	0
00GY3P	92	Pulse	255				2397761	2954	0
00GY3P	93	Picture	stm,5,2	stm	5	2	2409978	0	1	20173	1	0	next	hit	194
00GY3P	93	Pulse	255				2417761	7783	0
00GY3P	93	Response	1				2418271	8292	0
00GY3P	94	Pulse	255				2437761	7609	0
00GY3P	94	Pulse	255				2457761	27609	0
00GY3P	95	Picture	stm,5,2	stm	5	2	2459485	0	15	20017	15	0	next	hit	198
00GY3P	95	Response	2				2470061	10576	0
00GY3P	95	Pulse	255				2477761	18276	0
00GY3P	97	Picture	stm,5,2	stm	5	2	2496341	0	1	20173	1	0	next	hit	202
00GY3P	97	Pulse	255				2497761	1420	0
00GY3P	97	Response	2				2503061	6720	0
00GY3P	98	Pulse	255				2517761	1247	0
00GY3P	99	Picture	stm,5,2	stm	5	2	2527518	0	1	20173	1	0	next	hit	206
00GY3P	99	Pulse	255				2537761	10243	0
00GY3P	99	Response	1				2539041	11523	0
00GY3P	100	Pulse	255				2557761	10070	0
00GY3P	101	Pulse	255				2577761	18899	0
00GY3P	101	Pulse	255				2597761	38899	0
00GY3P	101	Pulse	255				2617761	58899	0
00GY3P	101	Pulse	255				2637761	78899	0
00GY3P	102	Picture	txt,1,1	txt	1	1	2645724	0	1	20173	1	0	next	other	0
00GY3P	102	Pulse	255				2657761	12037	0
00GY3P	103	Pulse	255				2677761	11863	0
00GY3P	104	Picture	stm,1,1	stm	1	1	2681070	0	1	20173	1	0	next	hit	216
00GY3P	104	Response	2				2690181	9111	0
00GY3P	104	Pulse	255				2697761	16692	0
00GY3P	105	Pulse	255				2717761	16518	0
00GY3P	106	Picture	stm,1,1	stm	1	1	2720416	0	1	20173	1	0	next	hit	220
00GY3P	106	Response	2				2731711	11295	0
00GY3P	106	Pulse	255				2737761	17345	0
00GY3P	108	Picture	stm,1,1	stm	1	1	2756929	0	1	20173	1	0	next	hit	224
00GY3P	108	Pulse	255				2757761	833	0
00GY3P	108	Response	1				2763421	6493	0
00GY3P	109	Pulse	255				2777761	659	0
00GY3P	110	Picture	stm,1,1	stm	1	1	2788106	0	1	20173	1	0	next	hit	227
00GY3P	110	Response	1				2795141	7036	0
00GY3P	110	Pulse	255				2797761	9655	0
00GY3P	111	Pulse	255				2817761	9482	0
00GY3P	112	Pulse	255				2837761	11143	0
00GY3P	112	Pulse	255				2857761	31143	0
00GY3P	112	Pulse	255				2877761	51143	0
00GY3P	112	Pulse	255				2897761	71143	0
00GY3P	113	Picture	txt,6,2	txt	6	2	2915148	0	1	20173	1	0	next	other	0
00GY3P	113	Pulse	255				2917761	2613	0
00GY3P	114	Pulse	255				2937761	2439	0
00GY3P	115	Picture	stm,6,2	stm	6	2	2950494	0	1	20173	1	0	next	hit	239
00GY3P	115	Pulse	255				2957761	7268	0
00GY3P	115	Response	2				2965511	15018	0
00GY3P	116	Pulse	255				2977761	7094	0
00GY3P	117	Picture	stm,6,2	stm	6	2	2997343	0	1	20173	1	0	next	hit	243
00GY3P	117	Pulse	255				2997761	418	0
00GY3P	117	Response	1				3010021	12678	0
00GY3P	118	Pulse	255				3017761	245	0
00GY3P	119	Picture	stm,6,2	stm	6	2	3029854	0	1	20173	1	0	next	hit	247
00GY3P	119	Pulse	255				3037761	7908	0
00GY3P	119	Response	1				3038561	8708	0
00GY3P	120	Pulse	255				3057761	7734	0
00GY3P	121	Picture	stm,6,2	stm	6	2	3063198	0	1	20173	1	0	next	hit	250
00GY3P	121	Response	1				3073601	10403	0
00GY3P	121	Pulse	255				3077761	14562	0
00GY3P	122	Pulse	255				3097761	14389	0
00GY3P	123	Pulse	255				3117761	7714	0
00GY3P	123	Pulse	255				3137761	27714	0
00GY3P	123	Pulse	255				3157761	47714	0
00GY3P	123	Pulse	255				3177761	67714	0
00GY3P	123	Pulse	255				3197751	87704	0
00GY3P	124	Picture	txt,2,1	txt	2	1	3209081	0	1	20173	1	0	next	other	0
00GY3P	124	Pulse	255				3217751	8671	0
00GY3P	125	Pulse	255				3237751	8497	0
00GY3P	126	Picture	stm,2,1	stm	2	1	3244426	0	1	20173	1	0	next	hit	262
00GY3P	126	Response	1				3252711	8285	0
00GY3P	126	Pulse	255				3257751	13325	0
00GY3P	127	Pulse	255				3277751	13152	0
00GY3P	128	Picture	stm,2,1	stm	2	1	3279605	0	1	20173	1	0	next	hit	266
00GY3P	128	Response	2				3289131	9527	0
00GY3P	128	Pulse	255				3297751	18147	0
00GY3P	129	Pulse	255				3317751	17973	0
00GY3P	130	Picture	stm,2,1	stm	2	1	3318284	0	1	20173	1	0	next	hit	270
00GY3P	130	Response	1				3325721	7437	0
00GY3P	130	Pulse	255				3337751	19467	0
00GY3P	132	Picture	stm,2,1	stm	2	1	3351129	0	1	20173	1	0	next	hit	274
00GY3P	132	Pulse	255				3357752	6623	0
00GY3P	132	Response	2				3358201	7072	0
00GY3P	133	Pulse	255				3377751	6449	0
00GY3P	134	Pulse	255				3397751	11611	0
00GY3P	134	Pulse	255				3417751	31611	0
00GY3P	134	Pulse	255				3437751	51611	0
00GY3P	134	Pulse	255				3457752	71611	0
00GY3P	135	Picture	txt,1,2	txt	1	2	3470336	0	1	20173	1	0	next	other	0
00GY3P	135	Pulse	255				3477752	7416	0
00GY3P	136	Pulse	255				3497752	7243	0
00GY3P	137	Picture	stm,1,2	stm	1	2	3505681	0	1	20173	1	0	next	hit	285
00GY3P	137	Pulse	255				3517752	12071	0
00GY3P	137	Response	2				3518741	13061	0
00GY3P	138	Pulse	255				3537752	11897	0
00GY3P	139	Picture	stm,1,2	stm	1	2	3543694	0	1	20173	1	0	next	hit	288
00GY3P	139	Response	2				3551582	7888	0
00GY3P	139	Pulse	255				3557751	14058	0
00GY3P	140	Pulse	255				3577752	13885	0
00GY3P	141	Picture	stm,1,2	stm	1	2	3578372	0	1	20173	1	0	next	hit	292
00GY3P	141	Response	2				3583901	5530	0
00GY3P	141	Pulse	255				3597752	19380	0
00GY3P	143	Picture	stm,1,2	stm	1	2	3612208	0	16	20015	17	0	next	hit	296
00GY3P	143	Pulse	255				3617752	5544	0
00GY3P	143	Response	2				3624222	12014	0
00GY3P	144	Pulse	255				3637752	5528	0
00GY3P	145	Pulse	255				3657752	14691	0
00GY3P	145	Pulse	255				3677752	34691	0
00GY3P	145	Pulse	255				3697752	54691	0
00GY3P	145	Pulse	255				3717752	74691	0
00GY3P	145	Pulse	255				3737752	94691	0
00GY3P	146	Picture	txt,5,3	txt	5	3	3743094	0	1	20173	1	0	next	other	0
00GY3P	146	Pulse	255				3757752	14658	0
00GY3P	147	Pulse	255				3777752	14484	0
00GY3P	148	Picture	stm,5,3	stm	5	3	3778439	0	1	20173	1	0	next	hit	307
00GY3P	148	Response	2				3788502	10062	0
00GY3P	148	Pulse	255				3797752	19312	0
00GY3P	150	Picture	stm,5,3	stm	5	3	3812951	0	1	20173	1	0	next	hit	311
00GY3P	150	Pulse	255				3817752	4801	0
00GY3P	150	Response	1				3828522	15571	0
00GY3P	151	Pulse	255				3837752	4627	0
00GY3P	152	Picture	stm,5,3	stm	5	3	3845128	0	1	20173	1	0	next	hit	314
00GY3P	152	Response	2				3852372	7243	0
00GY3P	152	Pulse	255				3857751	12623	0
00GY3P	153	Pulse	255				3877752	12450	0
00GY3P	154	Picture	stm,5,3	stm	5	3	3877806	0	1	20173	1	0	next	hit	318
00GY3P	154	Response	2				3889892	12086	0
00GY3P	154	Pulse	255				3897752	19946	0
00GY3P	156	Pulse	255				3917752	8435	0
00GY3P	156	Pulse	255				3937752	28435	0
00GY3P	156	Pulse	255				3957752	48435	0
00GY3P	156	Pulse	255				3977752	68435	0
00GY3P	157	Picture	txt,6,3	txt	6	3	3992678	0	1	20173	1	0	next	other	0
00GY3P	157	Pulse	255				3997752	5074	0
00GY3P	158	Pulse	255				4017752	4900	0
00GY3P	159	Picture	stm,6,3	stm	6	3	4028023	0	1	20173	1	0	next	hit	328
00GY3P	159	Response	1				4037042	9018	0
00GY3P	159	Pulse	255				4037752	9729	0
00GY3P	160	Pulse	255				4057751	9555	0
00GY3P	161	Picture	stm,6,3	stm	6	3	4060701	0	1	20173	1	0	next	hit	332
00GY3P	161	Response	2				4071972	11271	0
00GY3P	161	Pulse	255				4077752	17051	0
00GY3P	163	Picture	stm,6,3	stm	6	3	4096546	0	1	20173	1	0	next	miss	0
00GY3P	163	Pulse	255				4097752	1205	0
00GY3P	164	Pulse	255				4117752	1032	0
00GY3P	165	Picture	stm,6,3	stm	6	3	4127223	0	1	20173	1	0	next	hit	339
00GY3P	165	Pulse	255				4137752	10528	0
00GY3P	165	Response	1				4138081	10858	0
00GY3P	167	Pulse	255				4157752	185	0
00GY3P	167	Pulse	255				4177752	20185	0
00GY3P	167	Pulse	255				4197752	40185	0
00GY3P	167	Pulse	255				4217752	60185	0
00GY3P	167	Pulse	255				4237752	80185	0
00GY3P	167	Pulse	255				4257752	100185	0
00GY3P	168	Picture	txt,3,2	txt	3	2	4262769	0	1	20173	1	0	next	other	0
00GY3P	168	Pulse	255				4277752	14983	0
00GY3P	169	Pulse	255				4297752	14809	0
00GY3P	170	Picture	stm,3,2	stm	3	2	4298114	0	1	20173	1	0	next	hit	350
00GY3P	170	Response	1				4312282	14168	0
00GY3P	170	Pulse	255				4317752	19637	0
00GY3P	172	Picture	stm,3,2	stm	3	2	4336961	0	1	20173	1	0	next	hit	354
00GY3P	172	Pulse	255				4337752	791	0
00GY3P	172	Response	2				4349752	12791	0
00GY3P	173	Pulse	255				4357752	618	0
00GY3P	174	Picture	stm,3,2	stm	3	2	4371639	0	1	20173	1	0	next	hit	358
00GY3P	174	Pulse	255				4377752	6113	0
00GY3P	174	Response	2				4382322	10683	0
00GY3P	175	Pulse	255				4397752	5939	0
00GY3P	176	Picture	stm,3,2	stm	3	2	4405317	0	1	20173	1	0	next	hit	361
00GY3P	176	Response	2				4414342	9025	0
00GY3P	176	Pulse	255				4417751	12434	0
00GY3P	178	Pulse	255				4437752	2091	0
00GY3P	178	Pulse	255				4457752	22091	0
00GY3P	178	Pulse	255				4477752	42091	0
00GY3P	178	Pulse	255				4497752	62091	0
00GY3P	178	Pulse	255				4517752	82091	0
00GY3P	179	Picture	txt,5,1	txt	5	1	4525191	0	1	20173	1	0	next	other	0
00GY3P	179	Pulse	255				4537752	12561	0
00GY3P	180	Pulse	255				4557752	12388	0
00GY3P	181	Picture	stm,5,1	stm	5	1	4560536	0	1	20173	1	0	next	hit	372
00GY3P	181	Response	2				4569342	8806	0
00GY3P	181	Pulse	255				4577752	17216	0
00GY3P	183	Picture	stm,5,1	stm	5	1	4592380	0	1	20173	1	0	next	hit	376
00GY3P	183	Pulse	255				4597752	5372	0
00GY3P	183	Response	1				4600962	8582	0
00GY3P	184	Pulse	255				4617752	5199	0
00GY3P	185	Picture	stm,5,1	stm	5	1	4623391	0	1	20173	1	0	next	hit	379
00GY3P	185	Response	2				4634992	11601	0
00GY3P	185	Pulse	255				4637752	14361	0
00GY3P	187	Picture	stm,5,1	stm	5	1	4654068	0	1	20173	1	0	next	hit	383
00GY3P	187	Pulse	255				4657752	3684	0
00GY3P	187	Response	1				4666622	12555	0
00GY3P	188	Pulse	255				4677752	3511	0
00GY3P	189	Pulse	255				4697752	10340	0
00GY3P	189	Pulse	255				4717752	30340	0
00GY3P	189	Pulse	255				4737752	50340	0
00GY3P	189	Pulse	255				4757752	70340	0
00GY3P	189	Pulse	255				4777752	90340	0
00GY3P	190	Picture	txt,3,3	txt	3	3	4787779	0	1	20173	1	0	next	other	0
00GY3P	190	Pulse	255				4797752	9973	0
00GY3P	191	Pulse	255				4817752	9799	0
00GY3P	192	Picture	stm,3,3	stm	3	3	4823125	0	1	20173	1	0	next	hit	394
00GY3P	192	Response	1				4835362	12238	0
00GY3P	192	Pulse	255				4837751	14627	0
00GY3P	194	Picture	stm,3,3	stm	3	3	4857303	0	1	20173	1	0	next	hit	398
00GY3P	194	Pulse	255				4857752	449	0
00GY3P	194	Response	2				4865852	8549	0
00GY3P	195	Pulse	255				4877752	276	0
00GY3P	196	Picture	stm,3,3	stm	3	3	4891648	0	1	20173	1	0	next	hit	402
00GY3P	196	Pulse	255				4897752	6105	0
00GY3P	196	Response	1				4903502	11855	0
00GY3P	197	Pulse	255				4917752	5931	0
00GY3P	198	Picture	stm,3,3	stm	3	3	4925826	0	1	20173	1	0	next	hit	406
00GY3P	198	Pulse	255				4937752	11926	0
00GY3P	198	Response	1				4939942	14116	0
00GY3P	200	Picture	break	break			4964005	0	1	124375	1	0	next	other	0
00GY3P	200	Response	3				5088296	124291	0
00GY3P	201	Pulse	255				5151412	63032	0
00GY3P	201	Pulse	255				5171412	83032	0
00GY3P	201	Pulse	255				5191412	103032	0
00GY3P	201	Pulse	255				5211412	123032	0
00GY3P	201	Pulse	255				5231412	143032	0
00GY3P	202	Picture	txt,3,1	txt	3	1	5231425	0	10	20177	10	0	next	other	0
00GY3P	202	Pulse	255				5251412	19987	0
00GY3P	204	Picture	stm,3,1	stm	3	1	5266774	0	1	20173	1	0	next	hit	418
00GY3P	204	Pulse	255				5271412	4638	0
00GY3P	204	Response	1				5276322	9548	0
00GY3P	205	Pulse	255				5291412	4465	0
00GY3P	205	Pulse	255				5311412	24465	0
00GY3P	206	Picture	stm,3,1	stm	3	1	5311456	0	1	20173	1	0	next	hit	422
00GY3P	206	Response	1				5324962	13507	0
00GY3P	206	Pulse	255				5331412	19957	0
00GY3P	208	Picture	stm,3,1	stm	3	1	5347968	0	1	20173	1	0	next	hit	426
00GY3P	208	Pulse	255				5351412	3444	0
00GY3P	208	Response	1				5358982	11014	0
00GY3P	209	Pulse	255				5371412	3271	0
00GY3P	210	Picture	stm,3,1	stm	3	1	5389815	0	1	20173	1	0	next	hit	430
00GY3P	210	Pulse	255				5391412	1597	0
00GY3P	210	Response	1				5399792	9977	0
00GY3P	211	Pulse	255				5411412	1424	0
00GY3P	212	Pulse	255				5431412	9753	0
00GY3P	212	Pulse	255				5451412	29753	0
00GY3P	212	Pulse	255				5471412	49753	0
00GY3P	212	Pulse	255				5491412	69753	0
00GY3P	212	Pulse	255				5511412	89753	0
00GY3P	213	Picture	txt,6,3	txt	6	3	5516025	0	1	20173	1	0	next	other	0
00GY3P	213	Pulse	255				5531412	15388	0
00GY3P	215	Picture	stm,6,3	stm	6	3	5551370	0	1	20173	1	0	next	hit	441
00GY3P	215	Pulse	255				5551412	43	0
00GY3P	215	Response	2				5562582	11213	0
00GY3P	215	Pulse	255				5571412	20043	0
00GY3P	217	Picture	stm,6,3	stm	6	3	5589549	0	1	20173	1	0	next	hit	445
00GY3P	217	Pulse	255				5591412	1863	0
00GY3P	217	Response	2				5600892	11343	0
00GY3P	218	Pulse	255				5611412	1690	0
00GY3P	219	Picture	stm,6,3	stm	6	3	5624228	0	1	20173	1	0	next	hit	449
00GY3P	219	Pulse	255				5631412	7185	0
00GY3P	219	Response	2				5640552	16325	0
00GY3P	220	Pulse	255				5651412	7011	0
00GY3P	221	Picture	stm,6,3	stm	6	3	5660740	0	1	20173	1	0	next	hit	452
00GY3P	221	Response	1				5669182	8443	0
00GY3P	221	Pulse	255				5671412	10672	0
00GY3P	222	Pulse	255				5691413	10499	0
00GY3P	223	Pulse	255				5711412	19829	0
00GY3P	223	Pulse	255				5731412	39829	0
00GY3P	223	Pulse	255				5751412	59829	0
00GY3P	223	Pulse	255				5771413	79829	0
00GY3P	223	Pulse	255				5791412	99829	0
00GY3P	224	Picture	txt,2,1	txt	2	1	5794285	0	1	20173	1	0	next	other	0
00GY3P	224	Pulse	255				5811412	17128	0
00GY3P	226	Picture	stm,2,1	stm	2	1	5829630	0	1	20173	1	0	next	hit	464
00GY3P	226	Pulse	255				5831413	1782	0
00GY3P	226	Response	1				5837732	8102	0
00GY3P	227	Pulse	255				5851413	1609	0
00GY3P	227	Pulse	255				5871413	21609	0
00GY3P	228	Picture	stm,2,1	stm	2	1	5872145	0	1	20173	1	0	next	hit	468
00GY3P	228	Response	2				5883342	11198	0
00GY3P	228	Pulse	255				5891412	19268	0
00GY3P	230	Picture	stm,2,1	stm	2	1	5903322	0	1	20173	1	0	next	hit	471
00GY3P	230	Response	2				5910882	7561	0
00GY3P	230	Pulse	255				5911413	8091	0
00GY3P	231	Pulse	255				5931412	7917	0
00GY3P	232	Picture	stm,2,1	stm	2	1	5936158	0	15	20015	15	0	next	hit	475
00GY3P	232	Response	1				5945123	8965	0
00GY3P	232	Pulse	255				5951413	15255	0
00GY3P	234	Pulse	255				5971413	4903	0
00GY3P	234	Pulse	255				5991413	24903	0
00GY3P	234	Pulse	255				6011413	44903	0
00GY3P	234	Pulse	255				6031413	64903	0
00GY3P	234	Pulse	255				6051413	84903	0
00GY3P	235	Picture	txt,4,3	txt	4	3	6056040	0	1	20173	1	0	next	other	0
00GY3P	235	Pulse	255				6071413	15373	0
00GY3P	237	Picture	stm,4,3	stm	4	3	6091385	0	1	20173	1	0	next	hit	486
00GY3P	237	Pulse	255				6091413	28	0
00GY3P	237	Response	2				6100153	8768	0
00GY3P	237	Pulse	255				6111415	20030	0
00GY3P	239	Picture	stm,4,3	stm	4	3	6128885	0	18	20019	18	0	next	hit	490
00GY3P	239	Pulse	255				6131413	2527	0
00GY3P	239	Response	2				6136883	7997	0
00GY3P	240	Pulse	255				6151413	2508	0
00GY3P	241	Picture	stm,4,3	stm	4	3	6160575	0	1	20173	1	0	next	hit	494
00GY3P	241	Pulse	255				6171413	10838	0
00GY3P	241	Response	2				6173312	12737	0
00GY3P	242	Pulse	255				6191413	10664	0
00GY3P	243	Picture	stm,4,3	stm	4	3	6197754	0	1	20173	1	0	next	hit	498
00GY3P	243	Pulse	255				6211413	13659	0
00GY3P	243	Response	1				6212242	14488	0
00GY3P	245	Pulse	255				6231413	1314	0
00GY3P	245	Pulse	255				6251413	21314	0
00GY3P	245	Pulse	255				6271413	41314	0
00GY3P	245	Pulse	255				6291413	61314	0
00GY3P	245	Pulse	255				6311413	81314	0
00GY3P	246	Picture	txt,2,2	txt	2	2	6318628	0	1	20173	1	0	next	other	0
00GY3P	246	Pulse	255				6331413	12785	0
00GY3P	247	Pulse	255				6351413	12611	0
00GY3P	248	Picture	stm,2,2	stm	2	2	6353973	0	1	20173	1	0	next	hit	508
00GY3P	248	Response	1				6361733	7759	0
00GY3P	248	Pulse	255				6371413	17439	0
00GY3P	249	Pulse	255				6391413	17266	0
00GY3P	250	Picture	stm,2,2	stm	2	2	6391653	0	1	20173	1	0	next	hit	512
00GY3P	250	Response	1				6398983	7331	0
00GY3P	250	Pulse	255				6411413	19760	0
00GY3P	252	Picture	stm,2,2	stm	2	2	6423163	0	1	20173	1	0	next	hit	516
00GY3P	252	Pulse	255				6431413	8249	0
00GY3P	252	Response	1				6435093	11929	0
00GY3P	253	Pulse	255				6451413	8076	0
00GY3P	254	Picture	stm,2,2	stm	2	2	6469679	0	1	20173	1	0	next	hit	520
00GY3P	254	Pulse	255				6471413	1734	0
00GY3P	254	Response	2				6477843	8164	0
00GY3P	255	Pulse	255				6491413	1560	0
00GY3P	256	Pulse	255				6511413	8056	0
00GY3P	256	Pulse	255				6531413	28056	0
00GY3P	256	Pulse	255				6551413	48056	0
00GY3P	256	Pulse	255				6571403	68046	0
00GY3P	256	Pulse	255				6591403	88046	0
00GY3P	257	Picture	txt,5,2	txt	5	2	6604058	0	1	20173	1	0	next	other	0
00GY3P	257	Pulse	255				6611403	7345	0
00GY3P	258	Pulse	255				6631403	7172	0
00GY3P	259	Picture	stm,5,2	stm	5	2	6639403	0	1	20173	1	0	next	hit	531
00GY3P	259	Response	1				6646903	7500	0
00GY3P	259	Pulse	255				6651403	12000	0
00GY3P	260	Pulse	255				6671403	11827	0
00GY3P	261	Picture	stm,5,2	stm	5	2	6675248	0	1	20173	1	0	next	hit	535
00GY3P	261	Response	1				6689193	13945	0
00GY3P	261	Pulse	255				6691402	16154	0
00GY3P	263	Picture	stm,5,2	stm	5	2	6706926	0	1	20173	1	0	next	hit	539
00GY3P	263	Pulse	255				6711403	4477	0
00GY3P	263	Response	2				6714373	7447	0
00GY3P	264	Pulse	255				6731403	4304	0
00GY3P	265	Picture	stm,5,2	stm	5	2	6738103	0	1	20173	1	0	next	hit	542
00GY3P	265	Response	2				6751303	13200	0
00GY3P	265	Pulse	255				6751403	13300	0
00GY3P	267	Pulse	255				6771402	789	0
00GY3P	267	Pulse	255				6791403	20789	0
00GY3P	267	Pulse	255				6811403	40789	0
00GY3P	267	Pulse	255				6831403	60789	0
00GY3P	267	Pulse	255				6851403	80789	0
00GY3P	268	Picture	txt,3,2	txt	3	2	6870648	0	1	20173	1	0	next	other	0
00GY3P	268	Pulse	255				6871403	755	0
00GY3P	269	Pulse	255				6891403	582	0
00GY3P	270	Picture	stm,3,2	stm	3	2	6905993	0	1	20173	1	0	next	hit	554
00GY3P	270	Pulse	255				6911403	5410	0
00GY3P	270	Response	2				6918563	12570	0
00GY3P	271	Pulse	255				6931403	5237	0
00GY3P	272	Picture	stm,3,2	stm	3	2	6941671	0	1	20173	1	0	next	hit	558
00GY3P	272	Pulse	255				6951403	9732	0
00GY3P	272	Response	1				6954243	12571	0
00GY3P	273	Pulse	255				6971403	9558	0
00GY3P	274	Picture	stm,3,2	stm	3	2	6978350	0	1	20173	1	0	next	hit	561
00GY3P	274	Response	1				6988523	10172	0
00GY3P	274	Pulse	255				6991402	13052	0
00GY3P	275	Pulse	255				7011403	12879	0
00GY3P	276	Picture	stm,3,2	stm	3	2	7012695	0	1	20173	1	0	next	hit	565
00GY3P	276	Response	1				7022903	10208	0
00GY3P	276	Pulse	255				7031403	18708	0
00GY3P	277	Pulse	255				7051403	18534	0
00GY3P	278	Pulse	255				7071403	16193	0
00GY3P	278	Pulse	255				7091403	36193	0
00GY3P	278	Pulse	255				7111403	56193	0
00GY3P	278	Pulse	255				7131403	76193	0
00GY3P	278	Pulse	255				7151403	96193	0
00GY3P	279	Picture	txt,6,1	txt	6	1	7155577	0	1	20173	1	0	next	other	0
00GY3P	279	Pulse	255				7171403	15826	0
00GY3P	281	Picture	stm,6,1	stm	6	1	7190922	0	1	20173	1	0	next	hit	577
00GY3P	281	Pulse	255				7191403	481	0
00GY3P	281	Response	1				7198613	7691	0
00GY3P	282	Pulse	255				7211403	308	0
00GY3P	283	Picture	stm,6,1	stm	6	1	7221932	0	1	20173	1	0	next	hit	580
00GY3P	283	Response	1				7229023	7091	0
00GY3P	283	Pulse	255				7231403	9470	0
00GY3P	284	Pulse	255				7251403	9297	0
00GY3P	285	Picture	stm,6,1	stm	6	1	7253777	0	1	20173	1	0	next	hit	584
00GY3P	285	Response	1				7260343	6567	0
00GY3P	285	Pulse	255				7271403	17627	0
00GY3P	287	Picture	stm,6,1	stm	6	1	7286454	0	1	20173	1	0	next	hit	588
00GY3P	287	Pulse	255				7291403	4949	0
00GY3P	287	Response	2				7293873	7419	0
00GY3P	288	Pulse	255				7311403	4775	0
00GY3P	289	Pulse	255				7331403	11604	0
00GY3P	289	Pulse	255				7351403	31604	0
00GY3P	289	Pulse	255				7371403	51604	0
00GY3P	289	Pulse	255				7391403	71604	0
00GY3P	289	Pulse	255				7411403	91604	0
00GY3P	290	Picture	txt,4,1	txt	4	1	7421000	0	1	20173	1	0	next	other	0
00GY3P	290	Pulse	255				7431403	10404	0
00GY3P	291	Pulse	255				7451403	10230	0
00GY3P	292	Picture	stm,4,1	stm	4	1	7456345	0	1	20173	1	0	next	hit	599
00GY3P	292	Response	2				7467393	11049	0
00GY3P	292	Pulse	255				7471403	15058	0
00GY3P	293	Pulse	255				7491403	14885	0
00GY3P	294	Picture	stm,4,1	stm	4	1	7502527	0	1	20173	1	0	next	hit	603
00GY3P	294	Response	2				7510393	7866	0
00GY3P	294	Pulse	255				7511404	8877	0
00GY3P	295	Pulse	255				7531403	8702	0
00GY3P	296	Picture	stm,4,1	stm	4	1	7533371	0	1	20173	1	0	next	hit	607
00GY3P	296	Response	1				7543433	10062	0
00GY3P	296	Pulse	255				7551403	18033	0
00GY3P	298	Picture	stm,4,1	stm	4	1	7563881	0	1	20173	1	0	next	hit	611
00GY3P	298	Pulse	255				7571403	7522	0
00GY3P	298	Response	1				7574143	10262	0
00GY3P	299	Pulse	255				7591403	7349	0
00GY3P	300	Pulse	255				7611403	15011	0
00GY3P	300	Pulse	255				7631403	35011	0
00GY3P	300	Pulse	255				7651403	55011	0
00GY3P	300	Pulse	255				7671403	75011	0
00GY3P	300	Pulse	255				7691403	95011	0
00GY3P	301	Picture	txt,1,1	txt	1	1	7701594	0	1	20173	1	0	next	other	0
00GY3P	301	Pulse	255				7711403	9809	0
00GY3P	302	Pulse	255				7731403	9636	0
00GY3P	303	Picture	stm,1,1	stm	1	1	7736939	0	1	20173	1	0	next	hit	622
00GY3P	303	Response	2				7744413	7474	0
00GY3P	303	Pulse	255				7751403	14464	0
00GY3P	304	Pulse	255				7771403	14291	0
00GY3P	305	Picture	stm,1,1	stm	1	1	7772947	0	12	20178	12	0	next	hit	626
00GY3P	305	Response	1				7780553	7606	0
00GY3P	305	Pulse	255				7791403	18456	0
00GY3P	307	Picture	stm,1,1	stm	1	1	7805796	0	1	20173	1	0	next	hit	630
00GY3P	307	Pulse	255				7811403	5608	0
00GY3P	307	Response	1				7819383	13588	0
00GY3P	308	Pulse	255				7831403	5434	0
00GY3P	309	Picture	stm,1,1	stm	1	1	7839140	0	1	20173	1	0	next	hit	633
00GY3P	309	Response	1				7848153	9013	0
00GY3P	309	Pulse	255				7851403	12262	0
00GY3P	311	Pulse	255				7871403	1253	0
00GY3P	311	Pulse	255				7891403	21253	0
00GY3P	311	Pulse	255				7911403	41253	0
00GY3P	311	Pulse	255				7931404	61253	0
00GY3P	311	Pulse	255				7951403	81253	0
00GY3P	312	Picture	txt,3,3	txt	3	3	7962015	0	1	20173	1	0	next	other	0
00GY3P	312	Pulse	255				7971403	9388	0
00GY3P	313	Pulse	255				7991403	9215	0
00GY3P	314	Picture	stm,3,3	stm	3	3	7997360	0	1	20173	1	0	next	hit	644
00GY3P	314	Response	1				8009943	12583	0
00GY3P	314	Pulse	255				8011404	14043	0
00GY3P	315	Pulse	255				8031403	13869	0
00GY3P	316	Picture	stm,3,3	stm	3	3	8044710	0	1	20173	1	0	next	hit	649
00GY3P	316	Pulse	255				8051404	6694	0
00GY3P	316	Response	1				8056963	12254	0
00GY3P	317	Pulse	255				8071403	6520	0
00GY3P	318	Picture	stm,3,3	stm	3	3	8086891	0	1	20173	1	0	next	hit	653
00GY3P	318	Pulse	255				8091403	4513	0
00GY3P	318	Response	1				8096093	9203	0
00GY3P	319	Pulse	255				8111404	4340	0
00GY3P	320	Picture	stm,3,3	stm	3	3	8120569	0	1	20173	1	0	next	hit	656
00GY3P	320	Response	2				8131214	10645	0
00GY3P	320	Pulse	255				8131404	10835	0
00GY3P	321	Pulse	255				8151403	10661	0
00GY3P	322	Pulse	255				8171404	17157	0
00GY3P	322	Pulse	255				8191404	37157	0
00GY3P	322	Pulse	255				8211404	57157	0
00GY3P	322	Pulse	255				8231404	77157	0
00GY3P	323	Picture	txt,5,3	txt	5	3	8241109	0	1	20173	1	0	next	other	0
00GY3P	323	Pulse	255				8251404	10294	0
00GY3P	324	Pulse	255				8271404	10121	0
00GY3P	325	Picture	stm,5,3	stm	5	3	8276454	0	1	20173	1	0	next	hit	667
00GY3P	325	Response	2				8289674	13219	0
00GY3P	325	Pulse	255				8291404	14950	0
00GY3P	327	Picture	stm,5,3	stm	5	3	8309966	0	1	20173	1	0	next	hit	671
00GY3P	327	Pulse	255				8311403	1437	0
00GY3P	327	Response	2				8321584	11618	0
00GY3P	328	Pulse	255				8331404	1265	0
00GY3P	329	Picture	stm,5,3	stm	5	3	8346978	0	1	20173	1	0	next	hit	675
00GY3P	329	Pulse	255				8351404	4426	0
00GY3P	329	Response	2				8353203	6225	0
00GY3P	330	Pulse	255				8371404	4252	0
00GY3P	331	Picture	stm,5,3	stm	5	3	8378489	0	1	20173	1	0	next	hit	679
00GY3P	331	Pulse	255				8391394	12905	0
00GY3P	331	Response	2				8394213	15725	0
00GY3P	332	Pulse	255				8411394	12731	0
00GY3P	333	Pulse	255				8431394	19060	0
00GY3P	333	Pulse	255				8451394	39060	0
00GY3P	333	Pulse	255				8471394	59060	0
00GY3P	333	Pulse	255				8491394	79060	0
00GY3P	334	Picture	txt,4,2	txt	4	2	8495695	0	1	20173	1	0	next	other	0
00GY3P	334	Pulse	255				8511394	15699	0
00GY3P	336	Picture	stm,4,2	stm	4	2	8531040	0	1	20173	1	0	next	hit	689
00GY3P	336	Pulse	255				8531394	354	0
00GY3P	336	Response	2				8538094	7054	0
00GY3P	337	Pulse	255				8551394	180	0
00GY3P	338	Picture	stm,4,2	stm	4	2	8568719	0	1	20173	1	0	next	hit	693
00GY3P	338	Pulse	255				8571394	2674	0
00GY3P	338	Response	2				8582024	13304	0
00GY3P	339	Pulse	255				8591394	2501	0
00GY3P	340	Picture	stm,4,2	stm	4	2	8600230	0	1	20173	1	0	next	hit	696
00GY3P	340	Response	2				8610664	10434	0
00GY3P	340	Pulse	255				8611394	11164	0
00GY3P	342	Picture	stm,4,2	stm	4	2	8631074	0	1	20173	1	0	next	hit	700
00GY3P	342	Pulse	255				8631393	320	0
00GY3P	342	Response	1				8639724	8650	0
00GY3P	343	Pulse	255				8651394	147	0
00GY3P	344	Pulse	255				8671394	8809	0
00GY3P	344	Pulse	255				8691394	28809	0
00GY3P	344	Pulse	255				8711394	48809	0
00GY3P	344	Pulse	255				8731394	68809	0
00GY3P	344	Pulse	255				8751394	88810	0
00GY3P	345	Picture	txt,1,3	txt	1	3	8761618	0	1	20173	1	0	next	other	0
00GY3P	345	Pulse	255				8771394	9776	0
00GY3P	346	Pulse	255				8791394	9603	0
00GY3P	347	Picture	stm,1,3	stm	1	3	8796963	0	1	20173	1	0	next	hit	711
00GY3P	347	Response	2				8811004	14041	0
00GY3P	347	Pulse	255				8811394	14431	0
00GY3P	348	Pulse	255				8831393	14257	0
00GY3P	349	Picture	stm,1,3	stm	1	3	8835143	0	1	20173	1	0	next	hit	715
00GY3P	349	Response	1				8848604	13461	0
00GY3P	349	Pulse	255				8851393	16251	0
00GY3P	351	Picture	stm,1,3	stm	1	3	8866486	0	1	20173	1	0	next	hit	719
00GY3P	351	Pulse	255				8871394	4907	0
00GY3P	351	Response	2				8886354	19867	0
00GY3P	352	Pulse	255				8891393	4733	0
00GY3P	353	Picture	stm,1,3	stm	1	3	8902332	0	1	20173	1	0	next	hit	723
00GY3P	353	Pulse	255				8911394	9062	0
00GY3P	353	Response	2				8915334	13002	0
00GY3P	354	Pulse	255				8931394	8889	0
00GY3P	355	Pulse	255				8951394	16218	0
00GY3P	355	Pulse	255				8971394	36218	0
00GY3P	355	Pulse	255				8991394	56218	0
00GY3P	355	Pulse	255				9011394	76218	0
00GY3P	356	Picture	txt,6,2	txt	6	2	9019371	0	1	20173	1	0	next	other	0
00GY3P	356	Pulse	255				9031394	12023	0
00GY3P	357	Pulse	255				9051394	11849	0
00GY3P	358	Picture	stm,6,2	stm	6	2	9054717	0	1	20173	1	0	next	hit	733
00GY3P	358	Response	1				9068114	13397	0
00GY3P	358	Pulse	255				9071393	16677	0
00GY3P	360	Picture	stm,6,2	stm	6	2	9089725	0	6	20177	6	0	next	hit	737
00GY3P	360	Pulse	255				9091394	1669	0
00GY3P	360	Response	1				9097294	7569	0
00GY3P	361	Pulse	255				9111394	1492	0
00GY3P	362	Picture	stm,6,2	stm	6	2	9120572	0	1	20173	1	0	next	hit	740
00GY3P	362	Response	1				9127724	7152	0
00GY3P	362	Pulse	255				9131394	10822	0
00GY3P	363	Pulse	255				9151394	10648	0
00GY3P	364	Picture	stm,6,2	stm	6	2	9157584	0	1	20173	1	0	next	hit	744
00GY3P	364	Response	2				9166784	9199	0
00GY3P	364	Pulse	255				9171393	13809	0
00GY3P	366	Pulse	255				9191394	2632	0
00GY3P	366	Pulse	255				9211394	22632	0
00GY3P	366	Pulse	255				9231394	42632	0
00GY3P	366	Pulse	255				9251394	62632	0
00GY3P	366	Pulse	255				9271394	82632	0
00GY3P	366	Pulse	255				9291394	102632	0
00GY3P	367	Picture	txt,2,3	txt	2	3	9296465	0	1	20173	1	0	next	other	0
00GY3P	367	Pulse	255				9311394	14929	0
00GY3P	368	Pulse	255				9331394	14756	0
00GY3P	369	Picture	stm,2,3	stm	2	3	9331810	0	1	20173	1	0	next	hit	756
00GY3P	369	Response	2				9345644	13834	0
00GY3P	369	Pulse	255				9351394	19584	0
00GY3P	371	Picture	stm,2,3	stm	2	3	9370990	0	1	20173	1	0	next	hit	760
00GY3P	371	Pulse	255				9371394	404	0
00GY3P	371	Response	2				9378864	7875	0
00GY3P	372	Pulse	255				9391394	231	0
00GY3P	372	Pulse	255				9411394	20231	0
00GY3P	373	Picture	stm,2,3	stm	2	3	9412837	0	1	20173	1	0	next	hit	764
00GY3P	373	Response	2				9423624	10787	0
00GY3P	373	Pulse	255				9431394	18557	0
00GY3P	375	Picture	stm,2,3	stm	2	3	9449850	0	1	20173	1	0	next	hit	768
00GY3P	375	Pulse	255				9451394	1545	0
00GY3P	375	Response	1				9456694	6844	0
00GY3P	376	Pulse	255				9471394	1371	0
00GY3P	377	Pulse	255				9491394	6199	0
00GY3P	377	Pulse	255				9511394	26199	0
00GY3P	377	Pulse	255				9531394	46199	0
00GY3P	377	Pulse	255				9551394	66199	0
00GY3P	377	Pulse	255				9571394	86199	0
00GY3P	378	Picture	txt,5,1	txt	5	1	9579060	0	1	20173	1	0	next	other	0
00GY3P	378	Pulse	255				9591394	12335	0
00GY3P	379	Pulse	255				9611394	12161	0
00GY3P	380	Picture	stm,5,1	stm	5	1	9614405	0	1	20173	1	0	next	hit	779
00GY3P	380	Response	1				9629204	14799	0
00GY3P	380	Pulse	255				9631395	16990	0
00GY3P	382	Picture	stm,5,1	stm	5	1	9649584	0	1	20173	1	0	next	hit	783
00GY3P	382	Pulse	255				9651394	1810	0
00GY3P	382	Response	1				9656894	7311	0
00GY3P	383	Pulse	255				9671394	1637	0
00GY3P	384	Picture	stm,5,1	stm	5	1	9681261	0	1	20173	1	0	next	hit	787
00GY3P	384	Pulse	255				9691394	10133	0
00GY3P	384	Response	2				9691984	10723	0
00GY3P	385	Pulse	255				9711394	9960	0
00GY3P	386	Picture	stm,5,1	stm	5	1	9712429	0	16	20016	17	0	next	hit	790
00GY3P	386	Response	2				9720144	7715	0
00GY3P	386	Pulse	255				9731394	18965	0
00GY3P	388	Pulse	255				9751394	8446	0
00GY3P	388	Pulse	255				9771394	28446	0
00GY3P	388	Pulse	255				9791394	48446	0
00GY3P	388	Pulse	255				9811394	68446	0
00GY3P	389	Picture	txt,1,2	txt	1	2	9827143	0	1	20173	1	0	next	other	0
00GY3P	389	Pulse	255				9831394	4251	0
00GY3P	390	Pulse	255				9851394	4077	0
00GY3P	391	Picture	stm,1,2	stm	1	2	9862489	0	1	20173	1	0	next	hit	801
00GY3P	391	Pulse	255				9871394	8906	0
00GY3P	391	Response	1				9871864	9375	0
00GY3P	392	Pulse	255				9891394	8732	0
00GY3P	393	Picture	stm,1,2	stm	1	2	9899501	0	1	20173	1	0	next	hit	804
00GY3P	393	Response	2				9906434	6933	0
00GY3P	393	Pulse	255				9911394	11893	0
00GY3P	394	Pulse	255				9931394	11720	0
00GY3P	395	Picture	stm,1,2	stm	1	2	9939848	0	1	20173	1	0	next	hit	808
00GY3P	395	Response	1				9948454	8606	0
00GY3P	395	Pulse	255				9951394	11546	0
00GY3P	396	Pulse	255				9971394	11373	0
00GY3P	397	Picture	stm,1,2	stm	1	2	9975027	0	1	20173	1	0	next	hit	812
00GY3P	397	Response	1				9987924	12898	0
00GY3P	397	Pulse	255				9991394	16367	0
00GY3P	398	Pulse	255				10011394	16194	0
00GY3P	399	Picture	break	break			10020709	0	1	120374	1	0	next	other	0
00GY3P	399	Response	3				10140959	120250	0
00GY3P	400	Pulse	255				10206745	65662	0
00GY3P	400	Pulse	255				10226744	85662	0
00GY3P	400	Pulse	255				10246745	105662	0
00GY3P	400	Pulse	255				10266745	125662	0
00GY3P	400	Pulse	255				10286745	145662	0
00GY3P	401	Picture	txt,5,3	txt	5	3	10286798	0	1	20173	1	0	next	other	0
00GY3P	401	Pulse	255				10306744	19946	0
00GY3P	403	Picture	stm,5,3	stm	5	3	10322143	0	1	20173	1	0	next	hit	826
00GY3P	403	Pulse	255				10326745	4601	0
00GY3P	403	Response	2				10333484	11341	0
00GY3P	404	Pulse	255				10346744	4428	0
00GY3P	404	Pulse	255				10366745	24428	0
00GY3P	405	Picture	stm,5,3	stm	5	3	10366825	0	1	20173	1	0	next	hit	830
00GY3P	405	Response	1				10376304	9479	0
00GY3P	405	Pulse	255				10386744	19919	0
00GY3P	407	Picture	stm,5,3	stm	5	3	10398669	0	1	20173	1	0	next	hit	833
00GY3P	407	Response	1				10406244	7575	0
00GY3P	407	Pulse	255				10406745	8076	0
00GY3P	408	Pulse	255				10426744	7901	0
00GY3P	409	Picture	stm,5,3	stm	5	3	10429513	0	1	20173	1	0	next	hit	837
00GY3P	409	Response	2				10435865	6352	0
00GY3P	409	Pulse	255				10446745	17232	0
00GY3P	410	Pulse	255				10466735	17048	0
00GY3P	411	Pulse	255				10486735	17542	0
00GY3P	411	Pulse	255				10506735	37542	0
00GY3P	411	Pulse	255				10526735	57542	0
00GY3P	411	Pulse	255				10546735	77542	0
00GY3P	412	Picture	txt,3,2	txt	3	2	10558723	0	1	20173	1	0	next	other	0
00GY3P	412	Pulse	255				10566735	8011	0
00GY3P	413	Pulse	255				10586735	7838	0
00GY3P	414	Picture	stm,3,2	stm	3	2	10594068	0	1	20173	1	0	next	hit	848
00GY3P	414	Response	1				10604315	10246	0
00GY3P	414	Pulse	255				10606734	12666	0
00GY3P	415	Pulse	255				10626735	12493	0
00GY3P	416	Picture	stm,3,2	stm	3	2	10629914	0	1	20173	1	0	next	hit	852
00GY3P	416	Response	1				10641425	11511	0
00GY3P	416	Pulse	255				10646735	16821	0
00GY3P	417	Pulse	255				10666735	16647	0
00GY3P	418	Picture	stm,3,2	stm	3	2	10668093	0	1	20173	1	0	next	hit	856
00GY3P	418	Response	2				10678235	10141	0
00GY3P	418	Pulse	255				10686735	18641	0
00GY3P	420	Picture	stm,3,2	stm	3	2	10698930	0	16	20014	16	0	next	hit	860
00GY3P	420	Pulse	255				10706735	7805	0
00GY3P	420	Response	2				10709264	10335	0
00GY3P	421	Pulse	255				10726735	7791	0
00GY3P	422	Pulse	255				10746735	16120	0
00GY3P	422	Pulse	255				10766735	36120	0
00GY3P	422	Pulse	255				10786735	56120	0
00GY3P	422	Pulse	255				10806735	76120	0
00GY3P	422	Pulse	255				10826735	96120	0
00GY3P	423	Picture	txt,5,1	txt	5	1	10830648	0	1	20173	1	0	next	other	0
00GY3P	423	Pulse	255				10846735	16087	0
00GY3P	425	Picture	stm,5,1	stm	5	1	10865993	0	1	20173	1	0	next	hit	871
00GY3P	425	Pulse	255				10866735	741	0
00GY3P	425	Response	1				10875065	9071	0
00GY3P	426	Pulse	255				10886735	568	0
00GY3P	426	Pulse	255				10906735	20568	0
00GY3P	427	Picture	stm,5,1	stm	5	1	10909841	0	1	20173	1	0	next	hit	875
00GY3P	427	Response	2				10916965	7123	0
00GY3P	427	Pulse	255				10926735	16893	0
00GY3P	428	Pulse	255				10946735	16720	0
00GY3P	429	Picture	stm,5,1	stm	5	1	10949521	0	1	20173	1	0	next	hit	879
00GY3P	429	Response	1				10961375	11853	0
00GY3P	429	Pulse	255				10966735	17213	0
00GY3P	431	Picture	stm,5,1	stm	5	1	10981358	0	14	20008	31	0	next	hit	883
00GY3P	431	Pulse	255				10986735	5377	0
00GY3P	431	Response	2				10992415	11056	0
00GY3P	432	Pulse	255				11006735	5368	0
00GY3P	433	Pulse	255				11026735	11358	0
00GY3P	433	Pulse	255				11046735	31358	0
00GY3P	433	Pulse	255				11066735	51358	0
00GY3P	433	Pulse	255				11086735	71358	0
00GY3P	434	Picture	txt,6,3	txt	6	3	11099572	0	1	20173	1	0	next	other	0
00GY3P	434	Pulse	255				11106735	7163	0
00GY3P	435	Pulse	255				11126735	6989	0
00GY3P	436	Picture	stm,6,3	stm	6	3	11134917	0	1	20173	1	0	next	hit	894
00GY3P	436	Pulse	255				11146735	11818	0
00GY3P	436	Response	2				11148544	13627	0
00GY3P	438	Picture	stm,6,3	stm	6	3	11165427	0	1	20173	1	0	next	hit	897
00GY3P	438	Pulse	255				11166735	1307	0
00GY3P	438	Response	1				11172075	6647	0
00GY3P	439	Pulse	255				11186735	1134	0
00GY3P	440	Picture	stm,6,3	stm	6	3	11197772	0	1	20173	1	0	next	hit	900
00GY3P	440	Response	1				11205185	7413	0
00GY3P	440	Pulse	255				11206735	8964	0
00GY3P	441	Pulse	255				11226734	8789	0
00GY3P	442	Picture	stm,6,3	stm	6	3	11241453	0	1	20173	1	0	next	hit	905
00GY3P	442	Pulse	255				11246735	5282	0
00GY3P	442	Response	1				11249145	7692	0
00GY3P	443	Pulse	255				11266735	5108	0
00GY3P	444	Pulse	255				11286735	10110	0
00GY3P	444	Pulse	255				11306735	30110	0
00GY3P	444	Pulse	255				11326735	50110	0
00GY3P	444	Pulse	255				11346735	70110	0
00GY3P	444	Pulse	255				11366735	90110	0
00GY3P	445	Picture	txt,3,1	txt	3	1	11374828	0	8	20176	8	0	next	other	0
00GY3P	445	Pulse	255				11386735	11907	0
00GY3P	446	Pulse	255				11406735	11730	0
00GY3P	447	Picture	stm,3,1	stm	3	1	11410177	0	1	20173	1	0	next	hit	916
00GY3P	447	Response	2				11420495	10318	0
00GY3P	447	Pulse	255				11426735	16558	0
00GY3P	448	Pulse	255				11446735	16385	0
00GY3P	449	Picture	stm,3,1	stm	3	1	11450023	0	1	20173	1	0	next	hit	920
00GY3P	449	Response	1				11459685	9662	0
00GY3P	449	Pulse	255				11466735	16712	0
00GY3P	451	Picture	stm,3,1	stm	3	1	11481867	0	1	20173	1	0	next	hit	924
00GY3P	451	Pulse	255				11486735	4868	0
00GY3P	451	Response	2				11492005	10138	0
00GY3P	452	Pulse	255				11506735	4694	0
00GY3P	453	Picture	stm,3,1	stm	3	1	11512378	0	1	20173	1	0	next	hit	927
00GY3P	453	Response	1				11520585	8207	0
00GY3P	453	Pulse	255				11526735	14357	0
00GY3P	454	Pulse	255				11546735	14184	0
00GY3P	455	Pulse	255				11566735	15678	0
00GY3P	455	Pulse	255				11586735	35678	0
00GY3P	455	Pulse	255				11606735	55678	0
00GY3P	455	Pulse	255				11626735	75678	0
00GY3P	455	Pulse	255				11646735	95678	0
00GY3P	456	Picture	txt,1,3	txt	1	3	11656259	0	1	20173	1	0	next	other	0
00GY3P	456	Pulse	255				11666735	10476	0
00GY3P	457	Pulse	255				11686735	10302	0
00GY3P	458	Picture	stm,1,3	stm	1	3	11691605	0	1	20173	1	0	next	hit	939
00GY3P	458	Response	2				11702855	11250	0
00GY3P	458	Pulse	255				11706735	15130	0
00GY3P	459	Pulse	255				11726735	14957	0
00GY3P	460	Picture	stm,1,3	stm	1	3	11732118	0	1	20173	1	0	next	hit	943
00GY3P	460	Response	1				11744345	12227	0
00GY3P	460	Pulse	255				11746735	14616	0
00GY3P	462	Picture	stm,1,3	stm	1	3	11763296	0	1	20173	1	0	next	hit	947
00GY3P	462	Pulse	255				11766735	3440	0
00GY3P	462	Response	2				11775515	12220	0
00GY3P	463	Pulse	255				11786735	3266	0
00GY3P	464	Picture	stm,1,3	stm	1	3	11794973	0	1	20173	1	0	next	hit	951
00GY3P	464	Pulse	255				11806735	11762	0
00GY3P	464	Response	1				11807604	12632	0
00GY3P	465	Pulse	255				11826735	11589	0
00GY3P	466	Pulse	255				11846735	17918	0
00GY3P	466	Pulse	255				11866735	37918	0
00GY3P	466	Pulse	255				11886735	57918	0
00GY3P	466	Pulse	255				11906735	77918	0
00GY3P	466	Pulse	255				11926735	97918	0
00GY3P	467	Picture	txt,4,1	txt	4	1	11930018	0	1	20173	1	0	next	other	0
00GY3P	467	Pulse	255				11946735	16717	0
00GY3P	469	Picture	stm,4,1	stm	4	1	11965364	0	1	20173	1	0	next	hit	962
00GY3P	469	Pulse	255				11966735	1372	0
00GY3P	469	Response	2				11974735	9372	0
00GY3P	470	Pulse	255				11986735	1198	0
00GY3P	471	Picture	stm,4,1	stm	4	1	11998208	0	1	20173	1	0	next	hit	966
00GY3P	471	Pulse	255				12006735	8527	0
00GY3P	471	Response	1				12011285	13077	0
00GY3P	472	Pulse	255				12026735	8354	0
00GY3P	473	Picture	stm,4,1	stm	4	1	12034387	0	1	20173	1	0	next	hit	970
00GY3P	473	Pulse	255				12046735	12348	0
00GY3P	473	Response	1				12048835	14448	0
00GY3P	475	Picture	stm,4,1	stm	4	1	12065064	0	1	20173	1	0	next	hit	973
00GY3P	475	Pulse	255				12066735	1671	0
00GY3P	475	Response	1				12072105	7041	0
00GY3P	476	Pulse	255				12086735	1498	0
00GY3P	477	Pulse	255				12106735	10994	0
00GY3P	477	Pulse	255				12126735	30994	0
00GY3P	477	Pulse	255				12146735	50994	0
00GY3P	477	Pulse	255				12166735	70994	0
00GY3P	478	Picture	txt,2,2	txt	2	2	12184271	0	1	20173	1	0	next	other	0
00GY3P	478	Pulse	255				12186735	2465	0
00GY3P	479	Pulse	255				12206735	2291	0
00GY3P	480	Picture	stm,2,2	stm	2	2	12219616	0	1	20173	1	0	next	hit	984
00GY3P	480	Pulse	255				12226735	7119	0
00GY3P	480	Response	1				12228965	9349	0
00GY3P	481	Pulse	255				12246735	6946	0
00GY3P	481	Pulse	255				12266725	26936	0
00GY3P	482	Picture	stm,2,2	stm	2	2	12268632	0	1	20173	1	0	next	hit	988
00GY3P	482	Response	1				12277335	8703	0
00GY3P	482	Pulse	255				12286735	18103	0
00GY3P	484	Picture	stm,2,2	stm	2	2	12303477	0	1	20173	1	0	next	hit	992
00GY3P	484	Pulse	255				12306725	3248	0
00GY3P	484	Response	1				12311205	7728	0
00GY3P	485	Pulse	255				12326725	3074	0
00GY3P	486	Picture	stm,2,2	stm	2	2	12333988	0	1	20173	1	0	next	hit	995
00GY3P	486	Response	2				12343395	9408	0
00GY3P	486	Pulse	255				12346725	12737	0
00GY3P	487	Pulse	255				12366725	12564	0
00GY3P	488	Pulse	255				12386725	18726	0
00GY3P	488	Pulse	255				12406725	38726	0
00GY3P	488	Pulse	255				12426725	58726	0
00GY3P	488	Pulse	255				12446725	78726	0
00GY3P	489	Picture	txt,2,1	txt	2	1	12451361	0	1	20173	1	0	next	other	0
00GY3P	489	Pulse	255				12466725	15365	0
00GY3P	491	Picture	stm,2,1	stm	2	1	12486706	0	1	20173	1	0	next	hit	1006
00GY3P	491	Pulse	255				12486726	20	0
00GY3P	491	Response	1				12498955	12250	0
00GY3P	491	Pulse	255				12506727	20021	0
00GY3P	493	Picture	stm,2,1	stm	2	1	12519384	0	1	20173	1	0	next	hit	1010
00GY3P	493	Pulse	255				12526726	7342	0
00GY3P	493	Response	2				12527005	7621	0
00GY3P	494	Pulse	255				12546726	7169	0
00GY3P	495	Picture	stm,2,1	stm	2	1	12561064	0	1	20173	1	0	next	hit	1014
00GY3P	495	Pulse	255				12566725	5661	0
00GY3P	495	Response	2				12570295	9231	0
00GY3P	496	Pulse	255				12586725	5488	0
00GY3P	497	Picture	stm,2,1	stm	2	1	12591575	0	1	20173	1	0	next	hit	1017
00GY3P	497	Response	1				12599415	7841	0
00GY3P	497	Pulse	255				12606725	15151	0
00GY3P	499	Pulse	255				12626726	4641	0
00GY3P	499	Pulse	255				12646725	24641	0
00GY3P	499	Pulse	255				12666725	44641	0
00GY3P	499	Pulse	255				12686725	64641	0
00GY3P	499	Pulse	255				12706726	84641	0
00GY3P	500	Picture	txt,4,3	txt	4	3	12722452	0	1	20173	1	0	next	other	0
00GY3P	500	Pulse	255				12726726	4274	0
00GY3P	501	Pulse	255				12746725	4100	0
00GY3P	502	Picture	stm,4,3	stm	4	3	12757797	0	1	20173	1	0	next	hit	1029
00GY3P	502	Pulse	255				12766725	8928	0
00GY3P	502	Response	2				12770955	13158	0
00GY3P	503	Pulse	255				12786725	8755	0
00GY3P	504	Picture	stm,4,3	stm	4	3	12796977	0	1	20173	1	0	next	hit	1033
00GY3P	504	Pulse	255				12806726	9749	0
00GY3P	504	Response	2				12809245	12268	0
00GY3P	505	Pulse	255				12826726	9575	0
00GY3P	506	Picture	stm,4,3	stm	4	3	12832156	0	1	20173	1	0	next	hit	1036
00GY3P	506	Response	2				12846186	14030	0
00GY3P	506	Pulse	255				12846726	14570	0
00GY3P	508	Picture	stm,4,3	stm	4	3	12862999	0	1	20173	1	0	next	hit	1040
00GY3P	508	Pulse	255				12866725	3726	0
00GY3P	508	Response	1				12876856	13856	0
00GY3P	509	Pulse	255				12886725	3553	0
00GY3P	510	Pulse	255				12906726	11382	0
00GY3P	510	Pulse	255				12926726	31382	0
00GY3P	510	Pulse	255				12946726	51382	0
00GY3P	510	Pulse	255				12966726	71382	0
00GY3P	510	Pulse	255				12986726	91382	0
00GY3P	511	Picture	txt,6,1	txt	6	1	12998045	0	1	20173	1	0	next	other	0
00GY3P	511	Pulse	255				13006726	8681	0
00GY3P	512	Pulse	255				13026726	8507	0
00GY3P	513	Picture	stm,6,1	stm	6	1	13033390	0	1	20173	1	0	next	hit	1051
00GY3P	513	Response	2				13043296	9906	0
00GY3P	513	Pulse	255				13046725	13335	0
00GY3P	514	Pulse	255				13066726	13162	0
00GY3P	515	Picture	stm,6,1	stm	6	1	13072570	0	1	20173	1	0	next	hit	1055
00GY3P	515	Response	2				13084326	11756	0
00GY3P	515	Pulse	255				13086725	14155	0
00GY3P	517	Picture	stm,6,1	stm	6	1	13103247	0	1	20173	1	0	next	hit	1059
00GY3P	517	Pulse	255				13106726	3479	0
00GY3P	517	Response	1				13115376	12129	0
00GY3P	518	Pulse	255				13126726	3305	0
00GY3P	519	Picture	stm,6,1	stm	6	1	13136758	0	1	20173	1	0	next	hit	1062
00GY3P	519	Response	1				13145286	8528	0
00GY3P	519	Pulse	255				13146727	9969	0
00GY3P	520	Pulse	255				13166725	9794	0
00GY3P	521	Pulse	255				13186726	11621	0
00GY3P	521	Pulse	255				13206726	31621	0
00GY3P	521	Pulse	255				13226726	51621	0
00GY3P	521	Pulse	255				13246726	71621	0
00GY3P	521	Pulse	255				13266726	91621	0
00GY3P	522	Picture	txt,1,2	txt	1	2	13266969	0	1	20173	1	0	next	other	0
00GY3P	522	Pulse	255				13286726	19757	0
00GY3P	524	Picture	stm,1,2	stm	1	2	13302314	0	1	20173	1	0	next	hit	1074
00GY3P	524	Pulse	255				13306726	4412	0
00GY3P	524	Response	1				13310196	7882	0
00GY3P	525	Pulse	255				13326726	4238	0
00GY3P	526	Picture	stm,1,2	stm	1	2	13345162	0	1	20173	1	0	next	hit	1078
00GY3P	526	Pulse	255				13346726	1564	0
00GY3P	526	Response	2				13353566	8404	0
00GY3P	527	Pulse	255				13366726	1391	0
00GY3P	528	Picture	stm,1,2	stm	1	2	13380173	0	1	20173	1	0	next	hit	1082
00GY3P	528	Pulse	255				13386726	6552	0
00GY3P	528	Response	1				13396466	16292	0
00GY3P	529	Pulse	255				13406726	6379	0
00GY3P	530	Picture	stm,1,2	stm	1	2	13417519	0	1	20173	1	0	next	hit	1085
00GY3P	530	Response	1				13426346	8826	0
00GY3P	530	Pulse	255				13426726	9207	0
00GY3P	531	Pulse	255				13446725	9033	0
00GY3P	532	Pulse	255				13466726	17362	0
00GY3P	532	Pulse	255				13486726	37362	0
00GY3P	532	Pulse	255				13506726	57363	0
00GY3P	532	Pulse	255				13526726	77362	0
00GY3P	532	Pulse	255				13546726	97362	0
00GY3P	533	Picture	txt,4,2	txt	4	2	13557066	0	1	20173	1	0	next	other	0
00GY3P	533	Pulse	255				13566726	9659	0
00GY3P	534	Pulse	255				13586726	9486	0
00GY3P	535	Picture	stm,4,2	stm	4	2	13592412	0	1	20173	1	0	next	hit	1097
00GY3P	535	Response	2				13603706	11294	0
00GY3P	535	Pulse	255				13606726	14314	0
00GY3P	536	Pulse	255				13626726	14141	0
00GY3P	537	Picture	stm,4,2	stm	4	2	13633926	0	1	20173	1	0	next	hit	1101
00GY3P	537	Response	2				13644986	11060	0
00GY3P	537	Pulse	255				13646726	12801	0
00GY3P	538	Pulse	255				13666725	12626	0
00GY3P	539	Picture	stm,4,2	stm	4	2	13673772	0	1	20173	1	0	next	hit	1105
00GY3P	539	Response	2				13685446	11674	0
00GY3P	539	Pulse	255				13686726	12954	0
00GY3P	540	Pulse	255				13706725	12780	0
00GY3P	541	Picture	stm,4,2	stm	4	2	13707450	0	1	20173	1	0	next	hit	1109
00GY3P	541	Response	2				13714916	7466	0
00GY3P	541	Pulse	255				13726726	19276	0
00GY3P	543	Pulse	255				13746726	8432	0
00GY3P	543	Pulse	255				13766726	28432	0
00GY3P	543	Pulse	255				13786726	48432	0
00GY3P	543	Pulse	255				13806726	68432	0
00GY3P	543	Pulse	255				13826726	88432	0
00GY3P	544	Picture	txt,2,3	txt	2	3	13832659	0	1	20173	1	0	next	other	0
00GY3P	544	Pulse	255				13846726	14067	0
00GY3P	545	Pulse	255				13866726	13893	0
00GY3P	546	Picture	stm,2,3	stm	2	3	13868004	0	1	20173	1	0	next	hit	1120
00GY3P	546	Response	1				13880886	12882	0
00GY3P	546	Pulse	255				13886726	18722	0
00GY3P	548	Picture	stm,2,3	stm	2	3	13898848	0	1	20173	1	0	next	hit	1123
00GY3P	548	Response	2				13906136	7288	0
00GY3P	548	Pulse	255				13906726	7878	0
00GY3P	549	Pulse	255				13926726	7704	0
00GY3P	550	Picture	stm,2,3	stm	2	3	13932193	0	1	20173	1	0	next	hit	1127
00GY3P	550	Response	2				13939226	7033	0
00GY3P	550	Pulse	255				13946726	14533	0
00GY3P	552	Picture	stm,2,3	stm	2	3	13962703	0	1	20173	1	0	next	hit	1131
00GY3P	552	Pulse	255				13966726	4023	0
00GY3P	552	Response	2				13972376	9673	0
00GY3P	553	Pulse	255				13986726	3850	0
00GY3P	553	Pulse	255				14006726	23850	0
00GY3P	554	Pulse	255				14026726	19508	0
00GY3P	554	Pulse	255				14046726	39508	0
00GY3P	554	Pulse	255				14066716	59498	0
00GY3P	554	Pulse	255				14086716	79498	0
00GY3P	555	Picture	txt,1,1	txt	1	1	14091413	0	1	20173	1	0	next	other	0
00GY3P	555	Pulse	255				14106726	15313	0
00GY3P	556	Pulse	255				14126716	15130	0
00GY3P	557	Picture	stm,1,1	stm	1	1	14126758	0	1	20173	1	0	next	hit	1142
00GY3P	557	Response	1				14136386	9628	0
00GY3P	557	Pulse	255				14146716	19958	0
00GY3P	559	Picture	stm,1,1	stm	1	1	14157269	0	1	20173	1	0	next	hit	1145
00GY3P	559	Response	1				14164696	7428	0
00GY3P	559	Pulse	255				14166717	9448	0
00GY3P	560	Pulse	255				14186716	9274	0
00GY3P	561	Picture	stm,1,1	stm	1	1	14195115	0	1	20173	1	0	next	hit	1149
00GY3P	561	Response	2				14204226	9112	0
00GY3P	561	Pulse	255				14206716	11601	0
00GY3P	562	Pulse	255				14226716	11428	0
00GY3P	563	Picture	stm,1,1	stm	1	1	14229793	0	1	20173	1	0	next	hit	1153
00GY3P	563	Response	2				14239016	9223	0
00GY3P	563	Pulse	255				14246716	16923	0
00GY3P	565	Pulse	255				14266716	2578	0
00GY3P	565	Pulse	255				14286716	22578	0
00GY3P	565	Pulse	255				14306716	42578	0
00GY3P	565	Pulse	255				14326716	62578	0
00GY3P	565	Pulse	255				14346716	82578	0
00GY3P	566	Picture	txt,5,2	txt	5	2	14363171	0	1	20173	1	0	next	other	0
00GY3P	566	Pulse	255				14366716	3545	0
00GY3P	567	Pulse	255				14386716	3372	0
00GY3P	568	Picture	stm,5,2	stm	5	2	14398516	0	1	20173	1	0	next	hit	1165
00GY3P	568	Pulse	255				14406716	8200	0
00GY3P	568	Response	2				14408766	10249	0
00GY3P	569	Pulse	255				14426716	8026	0
00GY3P	570	Picture	stm,5,2	stm	5	2	14432861	0	1	20173	1	0	next	hit	1168
00GY3P	570	Response	2				14440556	7695	0
00GY3P	570	Pulse	255				14446716	13855	0
00GY3P	572	Picture	stm,5,2	stm	5	2	14463372	0	1	20173	1	0	next	hit	1172
00GY3P	572	Pulse	255				14466716	3345	0
00GY3P	572	Response	1				14471266	7895	0
00GY3P	573	Pulse	255				14486716	3171	0
00GY3P	574	Picture	stm,5,2	stm	5	2	14496716	0	1	20173	1	0	next	hit	1175
00GY3P	574	Response	2				14503976	7260	0
00GY3P	574	Pulse	255				14506716	10000	0
00GY3P	575	Pulse	255				14526716	9827	0
00GY3P	576	Pulse	255				14546716	16655	0
00GY3P	576	Pulse	255				14566716	36655	0
00GY3P	576	Pulse	255				14586716	56655	0
00GY3P	576	Pulse	255				14606716	76656	0
00GY3P	577	Picture	txt,6,2	txt	6	2	14623926	0	1	20173	1	0	next	other	0
00GY3P	577	Pulse	255				14626716	2791	0
00GY3P	578	Pulse	255				14646716	2617	0
00GY3P	579	Picture	stm,6,2	stm	6	2	14659271	0	1	20173	1	0	next	hit	1186
00GY3P	579	Response	1				14666486	7215	0
00GY3P	579	Pulse	255				14666717	7446	0
00GY3P	580	Pulse	255				14686716	7272	0
00GY3P	581	Picture	stm,6,2	stm	6	2	14689781	0	1	20173	1	0	next	hit	1190
00GY3P	581	Response	2				14701986	12205	0
00GY3P	581	Pulse	255				14706716	16935	0
00GY3P	583	Picture	stm,6,2	stm	6	2	14720292	0	1	20173	1	0	next	hit	1193
00GY3P	583	Response	1				14726006	5715	0
00GY3P	583	Pulse	255				14726717	6425	0
00GY3P	584	Pulse	255				14746716	6251	0
00GY3P	585	Picture	stm,6,2	stm	6	2	14751135	0	1	20173	1	0	next	hit	1197
00GY3P	585	Response	2				14761046	9911	0
00GY3P	585	Pulse	255				14766716	15581	0
00GY3P	586	Pulse	255				14786717	15408	0
00GY3P	587	Pulse	255				14806716	13234	0
00GY3P	587	Pulse	255				14826717	33234	0
00GY3P	587	Pulse	255				14846716	53234	0
00GY3P	587	Pulse	255				14866716	73234	0
00GY3P	588	Picture	txt,3,3	txt	3	3	14880345	0	1	20173	1	0	next	other	0
00GY3P	588	Pulse	255				14886716	6371	0
00GY3P	589	Pulse	255				14906717	6198	0
00GY3P	590	Picture	stm,3,3	stm	3	3	14915691	0	1	20173	1	0	next	hit	1209
00GY3P	590	Pulse	255				14926717	11026	0
00GY3P	590	Response	1				14929116	13425	0
00GY3P	591	Pulse	255				14946717	10852	0
00GY3P	592	Picture	stm,3,3	stm	3	3	14957538	0	1	20173	1	0	next	hit	1213
00GY3P	592	Pulse	255				14966717	9178	0
00GY3P	592	Response	1				14969236	11698	0
00GY3P	593	Pulse	255				14986717	9005	0
00GY3P	594	Picture	stm,3,3	stm	3	3	14995051	0	1	20173	1	0	next	hit	1217
00GY3P	594	Pulse	255				15006717	11666	0
00GY3P	594	Response	1				15007406	12355	0
00GY3P	595	Pulse	255				15026717	11492	0
00GY3P	596	Picture	stm,3,3	stm	3	3	15033397	0	1	20173	1	0	next	hit	1220
00GY3P	596	Response	1				15041667	8270	0
00GY3P	596	Pulse	255				15046716	13319	0
00GY3P	597	Pulse	255				15066717	13146	0
00GY3P	598	Picture	finish	finish			15073410	0	1	460302	1	0	next	other	0
00GY3P	598	Response	3				15520526	447116	0
