Scenario - 
Logfile written - 02/19/2020 12:11:12

Subject	Trial	Event Type	Code	type(str)	condition(num)	emotion(num)	Time	TTime	Uncertainty	Duration	Uncertainty	ReqTime	ReqDur	Stim Type	Pair Index

00XAM9	0	Pulse	255				525002	525002	0
00XAM9	1	Picture	welcome	welcome			525177	0	1	167	1	0	next	other	0
00XAM9	2	Pulse	255				545001	19658	0
00XAM9	2	Pulse	255				565002	39658	0
00XAM9	2	Pulse	255				585001	59658	0
00XAM9	2	Pulse	255				605001	79658	0
00XAM9	2	Pulse	255				625001	99658	0
00XAM9	3	Picture	txt,1,3	txt	1	3	625044	0	1	20173	1	0	next	other	0
00XAM9	3	Pulse	255				645001	19958	0
00XAM9	5	Picture	stm,1,3	stm	1	3	660389	0	1	20173	1	0	next	miss	0
00XAM9	5	Pulse	255				665001	4612	0
00XAM9	6	Response	2				681801	1239	0
00XAM9	6	Pulse	255				685001	4439	0
00XAM9	7	Picture	stm,1,3	stm	1	3	694400	0	1	20173	1	0	next	hit	16
00XAM9	7	Pulse	255				705001	10601	0
00XAM9	7	Response	2				707921	13521	0
00XAM9	8	Pulse	255				725001	10427	0
00XAM9	9	Picture	stm,1,3	stm	1	3	728245	0	1	20173	1	0	next	hit	19
00XAM9	9	Response	1				738901	10656	0
00XAM9	9	Pulse	255				745001	16756	0
00XAM9	11	Picture	stm,1,3	stm	1	3	764591	0	1	20173	1	0	next	hit	23
00XAM9	11	Pulse	255				765001	411	0
00XAM9	11	Response	2				779021	14431	0
00XAM9	12	Pulse	255				785001	237	0
00XAM9	13	Pulse	255				805001	7066	0
00XAM9	13	Pulse	255				825001	27066	0
00XAM9	13	Pulse	255				845001	47066	0
00XAM9	13	Pulse	255				865001	67066	0
00XAM9	14	Picture	txt,4,2	txt	4	2	881297	0	1	20173	1	0	next	other	0
00XAM9	14	Pulse	255				885001	3705	0
00XAM9	15	Pulse	255				905001	3531	0
00XAM9	16	Picture	stm,4,2	stm	4	2	916642	0	1	20173	1	0	next	hit	34
00XAM9	16	Pulse	255				925001	8360	0
00XAM9	16	Response	1				933381	16739	0
00XAM9	17	Pulse	255				945001	8186	0
00XAM9	18	Picture	stm,4,2	stm	4	2	961657	0	1	20173	1	0	next	hit	38
00XAM9	18	Pulse	255				965002	3344	0
00XAM9	18	Response	1				971031	9374	0
00XAM9	19	Pulse	255				985002	3171	0
00XAM9	20	Picture	stm,4,2	stm	4	2	992501	0	1	20173	1	0	next	hit	42
00XAM9	20	Pulse	255				1005002	12501	0
00XAM9	20	Response	2				1006851	14350	0
00XAM9	21	Pulse	255				1025001	12327	0
00XAM9	22	Picture	stm,4,2	stm	4	2	1027513	0	1	20173	1	0	next	hit	45
00XAM9	22	Response	1				1036842	9329	0
00XAM9	22	Response	2				1044891	17379	0
00XAM9	22	Pulse	255				1044991	17478	0
00XAM9	24	Pulse	255				1064992	2134	0
00XAM9	24	Pulse	255				1084991	22134	0
00XAM9	24	Pulse	255				1104992	42134	0
00XAM9	24	Pulse	255				1124992	62134	0
00XAM9	24	Pulse	255				1144992	82134	0
00XAM9	25	Picture	txt,2,3	txt	2	3	1154722	0	1	20173	1	0	next	other	0
00XAM9	25	Pulse	255				1164992	10269	0
00XAM9	26	Pulse	255				1184992	10096	0
00XAM9	27	Picture	stm,2,3	stm	2	3	1190067	0	1	20173	1	0	next	miss	0
00XAM9	27	Pulse	255				1204992	14924	0
00XAM9	29	Picture	stm,2,3	stm	2	3	1223245	0	1	20173	1	0	next	miss	0
00XAM9	29	Pulse	255				1224992	1746	0
00XAM9	30	Pulse	255				1244992	1573	0
00XAM9	31	Picture	stm,2,3	stm	2	3	1254089	0	1	20173	1	0	next	hit	63
00XAM9	31	Pulse	255				1264992	10903	0
00XAM9	31	Response	2				1265052	10963	0
00XAM9	32	Pulse	255				1284992	10729	0
00XAM9	33	Picture	stm,2,3	stm	2	3	1292435	0	1	20173	1	0	next	hit	66
00XAM9	33	Response	2				1302712	10276	0
00XAM9	33	Pulse	255				1304992	12556	0
00XAM9	35	Pulse	255				1324992	379	0
00XAM9	35	Pulse	255				1344992	20379	0
00XAM9	35	Pulse	255				1364992	40379	0
00XAM9	35	Pulse	255				1384992	60379	0
00XAM9	35	Pulse	255				1404992	80379	0
00XAM9	36	Picture	txt,4,1	txt	4	1	1413143	0	1	20173	1	0	next	other	0
00XAM9	36	Pulse	255				1424992	11849	0
00XAM9	37	Pulse	255				1444992	11676	0
00XAM9	38	Picture	stm,4,1	stm	4	1	1448488	0	1	20173	1	0	next	hit	77
00XAM9	38	Response	2				1464832	16344	0
00XAM9	38	Pulse	255				1464991	16503	0
00XAM9	40	Picture	stm,4,1	stm	4	1	1483833	0	1	20173	1	0	next	hit	81
00XAM9	40	Pulse	255				1484992	1159	0
00XAM9	40	Response	2				1501852	18019	0
00XAM9	41	Pulse	255				1504992	985	0
00XAM9	42	Picture	stm,4,1	stm	4	1	1515344	0	1	20173	1	0	next	hit	84
00XAM9	42	Response	2				1524782	9438	0
00XAM9	42	Pulse	255				1524991	9647	0
00XAM9	43	Pulse	255				1544992	9475	0
00XAM9	44	Picture	stm,4,1	stm	4	1	1546682	0	13	20009	28	0	next	hit	88
00XAM9	44	Response	2				1555332	8650	0
00XAM9	44	Pulse	255				1564992	18310	0
00XAM9	46	Pulse	255				1584992	1959	0
00XAM9	46	Pulse	255				1604992	21959	0
00XAM9	46	Pulse	255				1624992	41959	0
00XAM9	46	Pulse	255				1644992	61959	0
00XAM9	46	Pulse	255				1664992	81959	0
00XAM9	46	Pulse	255				1684992	101959	0
00XAM9	47	Picture	txt,3,1	txt	3	1	1690736	0	1	20173	1	0	next	other	0
00XAM9	47	Pulse	255				1704992	14256	0
00XAM9	48	Pulse	255				1724992	14082	0
00XAM9	49	Picture	stm,3,1	stm	3	1	1726081	0	1	20173	1	0	next	hit	100
00XAM9	49	Response	2				1740392	14311	0
00XAM9	49	Pulse	255				1744992	18911	0
00XAM9	51	Picture	stm,3,1	stm	3	1	1761093	0	1	20173	1	0	next	hit	104
00XAM9	51	Pulse	255				1764992	3899	0
00XAM9	51	Response	2				1773502	12409	0
00XAM9	52	Pulse	255				1784992	3725	0
00XAM9	52	Pulse	255				1804992	23725	0
00XAM9	53	Picture	stm,3,1	stm	3	1	1807275	0	1	20173	1	0	next	hit	109
00XAM9	53	Pulse	255				1824992	17717	0
00XAM9	53	Response	2				1825182	17907	0
00XAM9	55	Picture	stm,3,1	stm	3	1	1842954	0	1	20173	1	0	next	hit	112
00XAM9	55	Pulse	255				1844992	2038	0
00XAM9	55	Response	2				1852572	9618	0
00XAM9	56	Pulse	255				1864992	1864	0
00XAM9	57	Pulse	255				1884992	5025	0
00XAM9	57	Pulse	255				1904992	25025	0
00XAM9	57	Pulse	255				1924992	45025	0
00XAM9	57	Pulse	255				1944992	65026	0
00XAM9	57	Pulse	255				1964992	85025	0
00XAM9	58	Picture	txt,6,1	txt	6	1	1979000	0	1	20173	1	0	next	other	0
00XAM9	58	Pulse	255				1984992	5992	0
00XAM9	59	Pulse	255				2004992	5819	0
00XAM9	60	Picture	stm,6,1	stm	6	1	2014345	0	1	20173	1	0	next	hit	124
00XAM9	60	Pulse	255				2024992	10647	0
00XAM9	60	Response	1				2026182	11837	0
00XAM9	61	Pulse	255				2044992	10473	0
00XAM9	62	Picture	stm,6,1	stm	6	1	2049023	0	1	20173	1	0	next	hit	128
00XAM9	62	Pulse	255				2064992	15969	0
00XAM9	62	Response	2				2065871	16848	0
00XAM9	63	Pulse	255				2084992	15795	0
00XAM9	64	Picture	stm,6,1	stm	6	1	2086036	0	1	20173	1	0	next	hit	131
00XAM9	64	Response	1				2097472	11436	0
00XAM9	64	Pulse	255				2104992	18956	0
00XAM9	66	Picture	stm,6,1	stm	6	1	2117880	0	1	20173	1	0	next	hit	135
00XAM9	66	Pulse	255				2124992	7112	0
00XAM9	66	Response	2				2126612	8732	0
00XAM9	67	Pulse	255				2144992	6939	0
00XAM9	68	Pulse	255				2164992	2430	0
00XAM9	68	Pulse	255				2184992	22430	0
00XAM9	68	Pulse	255				2204992	42430	0
00XAM9	68	Pulse	255				2224992	62430	0
00XAM9	68	Pulse	255				2244992	82430	0
00XAM9	68	Pulse	255				2264992	102430	0
00XAM9	69	Picture	txt,2,2	txt	2	2	2267764	0	1	20173	1	0	next	other	0
00XAM9	69	Pulse	255				2284992	17228	0
00XAM9	71	Picture	stm,2,2	stm	2	2	2303109	0	1	20173	1	0	next	hit	147
00XAM9	71	Pulse	255				2304992	1883	0
00XAM9	71	Response	2				2312822	9713	0
00XAM9	72	Pulse	255				2324992	1710	0
00XAM9	72	Pulse	255				2344992	21710	0
00XAM9	73	Picture	stm,2,2	stm	2	2	2348958	0	1	20173	1	0	next	hit	151
00XAM9	73	Response	1				2363272	14314	0
00XAM9	73	Pulse	255				2364992	16034	0
00XAM9	75	Picture	stm,2,2	stm	2	2	2380468	0	1	20173	1	0	next	hit	155
00XAM9	75	Pulse	255				2384992	4524	0
00XAM9	75	Response	2				2389112	8644	0
00XAM9	76	Pulse	255				2404992	4350	0
00XAM9	77	Picture	stm,2,2	stm	2	2	2411145	0	1	20173	1	0	next	hit	159
00XAM9	77	Pulse	255				2424992	13847	0
00XAM9	77	Response	2				2425142	13997	0
00XAM9	79	Pulse	255				2444992	1169	0
00XAM9	79	Pulse	255				2464992	21169	0
00XAM9	79	Pulse	255				2484992	41169	0
00XAM9	79	Pulse	255				2504992	61169	0
00XAM9	79	Pulse	255				2524992	81169	0
00XAM9	80	Picture	txt,4,3	txt	4	3	2528018	0	1	20173	1	0	next	other	0
00XAM9	80	Pulse	255				2544992	16974	0
00XAM9	82	Picture	stm,4,3	stm	4	3	2563363	0	1	20173	1	0	next	hit	169
00XAM9	82	Pulse	255				2564992	1629	0
00XAM9	82	Response	2				2576882	13519	0
00XAM9	83	Pulse	255				2584992	1455	0
00XAM9	83	Pulse	255				2604992	21455	0
00XAM9	84	Picture	stm,4,3	stm	4	3	2606044	0	1	20173	1	0	next	hit	173
00XAM9	84	Response	2				2615932	9888	0
00XAM9	84	Pulse	255				2624992	18948	0
00XAM9	86	Picture	stm,4,3	stm	4	3	2636555	0	1	20173	1	0	next	hit	176
00XAM9	86	Response	2				2642772	6218	0
00XAM9	86	Pulse	255				2644992	8438	0
00XAM9	87	Pulse	255				2664992	8264	0
00XAM9	88	Picture	stm,4,3	stm	4	3	2673234	0	1	20173	1	0	next	hit	181
00XAM9	88	Pulse	255				2684992	11759	0
00XAM9	88	Response	2				2685782	12548	0
00XAM9	89	Pulse	255				2704992	11585	0
00XAM9	90	Pulse	255				2724992	17580	0
00XAM9	90	Pulse	255				2744992	37580	0
00XAM9	90	Pulse	255				2764992	57580	0
00XAM9	90	Pulse	255				2784982	77571	0
00XAM9	90	Pulse	255				2804992	97581	0
00XAM9	91	Picture	txt,5,2	txt	5	2	2810113	0	1	20173	1	0	next	other	0
00XAM9	91	Pulse	255				2824982	14869	0
00XAM9	92	Pulse	255				2844992	14706	0
00XAM9	93	Picture	stm,5,2	stm	5	2	2845458	0	1	20173	1	0	next	hit	192
00XAM9	93	Response	1				2864112	18654	0
00XAM9	93	Pulse	255				2864982	19524	0
00XAM9	94	Pulse	255				2884982	19351	0
00XAM9	95	Picture	stm,5,2	stm	5	2	2894975	0	1	20173	1	0	next	hit	196
00XAM9	95	Response	2				2902082	7107	0
00XAM9	95	Pulse	255				2904982	10007	0
00XAM9	96	Pulse	255				2924982	9834	0
00XAM9	97	Picture	stm,5,2	stm	5	2	2931987	0	1	20173	1	0	next	hit	200
00XAM9	97	Response	2				2943912	11925	0
00XAM9	97	Pulse	255				2944982	12995	0
00XAM9	99	Picture	stm,5,2	stm	5	2	2963165	0	1	20173	1	0	next	hit	204
00XAM9	99	Pulse	255				2964982	1818	0
00XAM9	99	Response	1				2977622	14458	0
00XAM9	100	Pulse	255				2984982	1644	0
00XAM9	101	Pulse	255				3004983	10474	0
00XAM9	101	Pulse	255				3024982	30474	0
00XAM9	101	Pulse	255				3044982	50474	0
00XAM9	101	Pulse	255				3064982	70474	0
00XAM9	102	Picture	txt,1,1	txt	1	1	3084039	0	1	20173	1	0	next	other	0
00XAM9	102	Pulse	255				3084982	944	0
00XAM9	103	Pulse	255				3104982	770	0
00XAM9	104	Picture	stm,1,1	stm	1	1	3119384	0	1	20173	1	0	next	hit	215
00XAM9	104	Pulse	255				3124982	5598	0
00XAM9	104	Response	2				3129512	10128	0
00XAM9	105	Pulse	255				3144982	5425	0
00XAM9	106	Picture	stm,1,1	stm	1	1	3158730	0	1	20173	1	0	next	hit	219
00XAM9	106	Pulse	255				3164982	6252	0
00XAM9	106	Response	2				3167922	9192	0
00XAM9	107	Pulse	255				3184982	6079	0
00XAM9	108	Picture	stm,1,1	stm	1	1	3195243	0	1	20173	1	0	next	hit	223
00XAM9	108	Pulse	255				3204982	9740	0
00XAM9	108	Response	1				3207522	12280	0
00XAM9	109	Pulse	255				3224982	9566	0
00XAM9	110	Picture	stm,1,1	stm	1	1	3226420	0	1	20173	1	0	next	hit	226
00XAM9	110	Response	1				3235652	9232	0
00XAM9	110	Pulse	255				3244982	18562	0
00XAM9	112	Pulse	255				3264982	50	0
00XAM9	112	Pulse	255				3284982	20050	0
00XAM9	112	Pulse	255				3304982	40050	0
00XAM9	112	Pulse	255				3324982	60050	0
00XAM9	112	Pulse	255				3344982	80050	0
00XAM9	112	Pulse	255				3364982	100050	0
00XAM9	113	Picture	txt,6,2	txt	6	2	3365634	0	1	20173	1	0	next	other	0
00XAM9	113	Pulse	255				3384982	19349	0
00XAM9	115	Picture	stm,6,2	stm	6	2	3400979	0	1	20173	1	0	next	miss	0
00XAM9	115	Pulse	255				3404983	4004	0
00XAM9	116	Pulse	255				3424983	3831	0
00XAM9	116	Pulse	255				3444983	23830	0
00XAM9	117	Picture	stm,6,2	stm	6	2	3447828	0	1	20173	1	0	next	hit	241
00XAM9	117	Response	1				3458193	10365	0
00XAM9	117	Pulse	255				3464983	17155	0
00XAM9	119	Picture	stm,6,2	stm	6	2	3480339	0	1	20173	1	0	next	hit	245
00XAM9	119	Pulse	255				3484983	4644	0
00XAM9	119	Response	2				3491473	11134	0
00XAM9	119	Response	1				3497012	16674	0
00XAM9	120	Pulse	255				3504983	4470	0
00XAM9	121	Picture	stm,6,2	stm	6	2	3513683	0	1	20173	1	0	next	hit	250
00XAM9	121	Pulse	255				3524983	11299	0
00XAM9	121	Response	2				3527302	13619	0
00XAM9	122	Pulse	255				3544983	11126	0
00XAM9	123	Pulse	255				3564983	4450	0
00XAM9	123	Pulse	255				3584983	24450	0
00XAM9	123	Pulse	255				3604983	44450	0
00XAM9	123	Pulse	255				3624983	64450	0
00XAM9	123	Pulse	255				3644983	84450	0
00XAM9	124	Picture	txt,2,1	txt	2	1	3658899	0	1	20173	1	0	next	other	0
00XAM9	124	Pulse	255				3664983	6084	0
00XAM9	125	Pulse	255				3684983	5910	0
00XAM9	126	Picture	stm,2,1	stm	2	1	3694244	0	1	20173	1	0	next	hit	262
00XAM9	126	Pulse	255				3704983	10739	0
00XAM9	126	Response	1				3707973	13728	0
00XAM9	127	Pulse	255				3724983	10565	0
00XAM9	128	Picture	stm,2,1	stm	2	1	3729423	0	1	20173	1	0	next	hit	265
00XAM9	128	Response	2				3743433	14010	0
00XAM9	128	Pulse	255				3744983	15560	0
00XAM9	129	Pulse	255				3764983	15387	0
00XAM9	130	Picture	stm,2,1	stm	2	1	3768102	0	1	20173	1	0	next	hit	269
00XAM9	130	Response	2				3781993	13890	0
00XAM9	130	Pulse	255				3784982	16880	0
00XAM9	132	Picture	stm,2,1	stm	2	1	3800947	0	1	20173	1	0	next	hit	273
00XAM9	132	Pulse	255				3804983	4036	0
00XAM9	132	Response	2				3809693	8746	0
00XAM9	133	Pulse	255				3824983	3863	0
00XAM9	134	Pulse	255				3844983	9024	0
00XAM9	134	Pulse	255				3864983	29024	0
00XAM9	134	Pulse	255				3884983	49024	0
00XAM9	134	Pulse	255				3904983	69024	0
00XAM9	134	Pulse	255				3924983	89024	0
00XAM9	135	Picture	txt,1,2	txt	1	2	3935992	0	1	20173	1	0	next	other	0
00XAM9	135	Pulse	255				3944983	8991	0
00XAM9	136	Pulse	255				3964983	8817	0
00XAM9	137	Picture	stm,1,2	stm	1	2	3971338	0	1	20173	1	0	next	hit	285
00XAM9	137	Pulse	255				3984983	13645	0
00XAM9	137	Response	1				3986663	15325	0
00XAM9	138	Pulse	255				4004983	13472	0
00XAM9	139	Picture	stm,1,2	stm	1	2	4009350	0	1	20173	1	0	next	hit	288
00XAM9	139	Response	2				4021973	12622	0
00XAM9	139	Pulse	255				4024983	15632	0
00XAM9	141	Picture	stm,1,2	stm	1	2	4044029	0	1	20173	1	0	next	hit	292
00XAM9	141	Pulse	255				4044983	954	0
00XAM9	141	Response	2				4050953	6924	0
00XAM9	142	Pulse	255				4064983	781	0
00XAM9	143	Picture	stm,1,2	stm	1	2	4077873	0	1	20173	1	0	next	hit	296
00XAM9	143	Pulse	255				4084983	7109	0
00XAM9	143	Response	1				4097183	19309	0
00XAM9	144	Pulse	255				4104983	6936	0
00XAM9	145	Pulse	255				4124983	16099	0
00XAM9	145	Pulse	255				4144983	36099	0
00XAM9	145	Pulse	255				4164983	56099	0
00XAM9	145	Pulse	255				4184983	76099	0
00XAM9	146	Picture	txt,5,3	txt	5	3	4193079	0	1	20173	1	0	next	other	0
00XAM9	146	Pulse	255				4204983	11904	0
00XAM9	147	Pulse	255				4224983	11731	0
00XAM9	148	Picture	stm,5,3	stm	5	3	4228424	0	1	20173	1	0	next	hit	306
00XAM9	148	Response	2				4239933	11509	0
00XAM9	148	Pulse	255				4244983	16559	0
00XAM9	150	Picture	stm,5,3	stm	5	3	4262936	0	1	20173	1	0	next	hit	310
00XAM9	150	Pulse	255				4264983	2047	0
00XAM9	150	Response	2				4274073	11137	0
00XAM9	151	Pulse	255				4284983	1873	0
00XAM9	152	Picture	stm,5,3	stm	5	3	4295113	0	1	20173	1	0	next	hit	313
00XAM9	152	Response	2				4302063	6950	0
00XAM9	152	Pulse	255				4304983	9869	0
00XAM9	153	Pulse	255				4324983	9696	0
00XAM9	154	Picture	stm,5,3	stm	5	3	4327791	0	1	20173	1	0	next	hit	318
00XAM9	154	Pulse	255				4344983	17192	0
00XAM9	154	Response	2				4347213	19422	0
00XAM9	156	Pulse	255				4364983	5681	0
00XAM9	156	Pulse	255				4384983	25681	0
00XAM9	156	Pulse	255				4404983	45681	0
00XAM9	156	Pulse	255				4424983	65681	0
00XAM9	156	Pulse	255				4444983	85681	0
00XAM9	157	Picture	txt,6,3	txt	6	3	4453166	0	1	20173	1	0	next	other	0
00XAM9	157	Pulse	255				4464983	11817	0
00XAM9	158	Pulse	255				4484983	11643	0
00XAM9	159	Picture	stm,6,3	stm	6	3	4488512	0	1	20173	1	0	next	hit	328
00XAM9	159	Response	1				4499623	11111	0
00XAM9	159	Pulse	255				4504983	16471	0
00XAM9	161	Picture	stm,6,3	stm	6	3	4521189	0	1	20173	1	0	next	hit	332
00XAM9	161	Pulse	255				4524983	3794	0
00XAM9	161	Response	2				4532463	11274	0
00XAM9	162	Pulse	255				4544957	3594	16
00XAM9	163	Picture	stm,6,3	stm	6	3	4557035	0	1	20173	1	0	next	hit	336
00XAM9	163	Pulse	255				4564973	7938	0
00XAM9	163	Response	2				4569893	12858	0
00XAM9	164	Pulse	255				4584973	7765	0
00XAM9	165	Picture	stm,6,3	stm	6	3	4587701	0	21	20017	21	0	next	hit	339
00XAM9	165	Response	1				4602113	14412	0
00XAM9	165	Pulse	255				4604964	17263	10
00XAM9	167	Pulse	255				4624973	7084	0
00XAM9	167	Pulse	255				4644973	27084	0
00XAM9	167	Pulse	255				4664973	47084	0
00XAM9	167	Pulse	255				4684973	67085	0
00XAM9	168	Picture	txt,3,2	txt	3	2	4704751	0	1	20173	1	0	next	other	0
00XAM9	168	Pulse	255				4704973	222	0
00XAM9	169	Pulse	255				4724973	48	0
00XAM9	170	Picture	stm,3,2	stm	3	2	4740096	0	1	20173	1	0	next	hit	350
00XAM9	170	Pulse	255				4744973	4877	0
00XAM9	170	Response	1				4759583	19487	0
00XAM9	171	Pulse	255				4764973	4703	0
00XAM9	172	Picture	stm,3,2	stm	3	2	4778943	0	1	20173	1	0	next	hit	354
00XAM9	172	Pulse	255				4784973	6030	0
00XAM9	172	Response	1				4792433	13490	0
00XAM9	173	Pulse	255				4804973	5857	0
00XAM9	174	Picture	stm,3,2	stm	3	2	4813621	0	1	20173	1	0	next	hit	357
00XAM9	174	Response	2				4824583	10962	0
00XAM9	174	Pulse	255				4824973	11351	0
00XAM9	175	Pulse	255				4844973	11178	0
00XAM9	176	Picture	stm,3,2	stm	3	2	4847299	0	1	20173	1	0	next	hit	361
00XAM9	176	Response	2				4857184	9884	0
00XAM9	176	Pulse	255				4864973	17674	0
00XAM9	178	Pulse	255				4884973	7330	0
00XAM9	178	Pulse	255				4904973	27330	0
00XAM9	178	Pulse	255				4924973	47330	0
00XAM9	178	Pulse	255				4944973	67330	0
00XAM9	178	Pulse	255				4964973	87330	0
00XAM9	179	Picture	txt,5,1	txt	5	1	4978844	0	1	20173	1	0	next	other	0
00XAM9	179	Pulse	255				4984973	6130	0
00XAM9	180	Pulse	255				5004973	5956	0
00XAM9	181	Picture	stm,5,1	stm	5	1	5014189	0	1	20173	1	0	next	hit	373
00XAM9	181	Pulse	255				5024973	10784	0
00XAM9	181	Response	2				5025303	11114	0
00XAM9	182	Pulse	255				5044973	10611	0
00XAM9	183	Picture	stm,5,1	stm	5	1	5046033	0	1	20173	1	0	next	hit	376
00XAM9	183	Response	1				5064383	18350	0
00XAM9	183	Pulse	255				5064973	18940	0
00XAM9	185	Picture	stm,5,1	stm	5	1	5077043	0	1	20173	1	0	next	hit	380
00XAM9	185	Pulse	255				5084973	7930	0
00XAM9	185	Response	2				5087493	10450	0
00XAM9	186	Pulse	255				5104973	7756	0
00XAM9	187	Picture	stm,5,1	stm	5	1	5107720	0	1	20173	1	0	next	hit	383
00XAM9	187	Response	2				5122333	14613	0
00XAM9	187	Pulse	255				5124973	17252	0
00XAM9	189	Pulse	255				5144973	3908	0
00XAM9	189	Pulse	255				5164973	23908	0
00XAM9	189	Pulse	255				5184973	43908	0
00XAM9	189	Pulse	255				5204973	63908	0
00XAM9	189	Pulse	255				5224973	83908	0
00XAM9	190	Picture	txt,3,3	txt	3	3	5241432	0	1	20173	1	0	next	other	0
00XAM9	190	Pulse	255				5244973	3541	0
00XAM9	191	Pulse	255				5264973	3368	0
00XAM9	192	Picture	stm,3,3	stm	3	3	5276777	0	1	20173	1	0	next	hit	395
00XAM9	192	Pulse	255				5284973	8196	0
00XAM9	192	Response	2				5291313	14536	0
00XAM9	193	Pulse	255				5304973	8023	0
00XAM9	194	Picture	stm,3,3	stm	3	3	5310955	0	1	20173	1	0	next	hit	398
00XAM9	194	Response	2				5320943	9988	0
00XAM9	194	Pulse	255				5324973	14018	0
00XAM9	195	Pulse	255				5344973	13844	0
00XAM9	196	Picture	stm,3,3	stm	3	3	5345300	0	1	20173	1	0	next	hit	402
00XAM9	196	Response	2				5354383	9083	0
00XAM9	196	Pulse	255				5364973	19673	0
00XAM9	198	Picture	stm,3,3	stm	3	3	5379479	0	1	20173	1	0	next	hit	406
00XAM9	198	Pulse	255				5384973	5495	0
00XAM9	198	Response	1				5398293	18815	0
00XAM9	200	Picture	break	break			5417658	0	1	13838	1	0	next	other	0
00XAM9	200	Response	3				5431438	13780	0
00XAM9	201	Pulse	255				5676524	245028	0
00XAM9	201	Pulse	255				5696524	265027	0
00XAM9	201	Pulse	255				5716524	285028	0
00XAM9	201	Pulse	255				5736524	305028	0
00XAM9	201	Pulse	255				5756524	325028	0
00XAM9	202	Picture	txt,3,1	txt	3	1	5756606	0	1	20173	1	0	next	other	0
00XAM9	202	Pulse	255				5776524	19918	0
00XAM9	204	Picture	stm,3,1	stm	3	1	5791951	0	1	20173	1	0	next	hit	418
00XAM9	204	Pulse	255				5796524	4573	0
00XAM9	204	Response	2				5806984	15033	0
00XAM9	205	Pulse	255				5816524	4399	0
00XAM9	205	Pulse	255				5836524	24399	0
00XAM9	206	Picture	stm,3,1	stm	3	1	5836632	0	1	20173	1	0	next	hit	422
00XAM9	206	Response	1				5851774	15141	0
00XAM9	206	Pulse	255				5856523	19891	0
00XAM9	208	Picture	stm,3,1	stm	3	1	5873145	0	1	20173	1	0	next	hit	426
00XAM9	208	Pulse	255				5876524	3379	0
00XAM9	208	Response	1				5888744	15599	0
00XAM9	209	Pulse	255				5896524	3205	0
00XAM9	210	Picture	stm,3,1	stm	3	1	5914992	0	1	20173	1	0	next	hit	430
00XAM9	210	Pulse	255				5916524	1531	0
00XAM9	210	Response	2				5930374	15381	0
00XAM9	211	Pulse	255				5936524	1358	0
00XAM9	212	Pulse	255				5956524	9688	0
00XAM9	212	Pulse	255				5976524	29687	0
00XAM9	212	Pulse	255				5996524	49687	0
00XAM9	212	Pulse	255				6016524	69687	0
00XAM9	212	Pulse	255				6036524	89688	0
00XAM9	213	Picture	txt,6,3	txt	6	3	6045203	0	1	20173	1	0	next	other	0
00XAM9	213	Pulse	255				6056524	11321	0
00XAM9	214	Pulse	255				6076524	11148	0
00XAM9	215	Picture	stm,6,3	stm	6	3	6080548	0	1	20173	1	0	next	hit	442
00XAM9	215	Pulse	255				6096524	15976	0
00XAM9	215	Response	2				6098163	17615	0
00XAM9	216	Pulse	255				6116524	15802	0
00XAM9	217	Picture	stm,6,3	stm	6	3	6118728	0	1	20173	1	0	next	hit	445
00XAM9	217	Response	2				6126684	7956	0
00XAM9	217	Pulse	255				6136524	17796	0
00XAM9	219	Picture	stm,6,3	stm	6	3	6153406	0	1	20173	1	0	next	hit	449
00XAM9	219	Pulse	255				6156524	3118	0
00XAM9	219	Response	2				6167894	14488	0
00XAM9	220	Pulse	255				6176524	2944	0
00XAM9	221	Picture	stm,6,3	stm	6	3	6189918	0	1	20173	1	0	next	hit	453
00XAM9	221	Pulse	255				6196524	6606	0
00XAM9	221	Response	1				6197063	7145	0
00XAM9	222	Pulse	255				6216524	6432	0
00XAM9	223	Pulse	255				6236524	15762	0
00XAM9	223	Pulse	255				6256524	35762	0
00XAM9	223	Pulse	255				6276524	55762	0
00XAM9	223	Pulse	255				6296524	75762	0
00XAM9	223	Pulse	255				6316524	95762	0
00XAM9	224	Picture	txt,2,1	txt	2	1	6321462	0	1	20173	1	0	next	other	0
00XAM9	224	Pulse	255				6336524	15061	0
00XAM9	225	Pulse	255				6356524	14888	0
00XAM9	226	Picture	stm,2,1	stm	2	1	6356808	0	1	20173	1	0	next	hit	464
00XAM9	226	Response	1				6371874	15066	0
00XAM9	226	Pulse	255				6376524	19716	0
00XAM9	227	Pulse	255				6396524	19543	0
00XAM9	228	Picture	stm,2,1	stm	2	1	6399322	0	1	20173	1	0	next	hit	468
00XAM9	228	Response	2				6407804	8482	0
00XAM9	228	Pulse	255				6416524	17202	0
00XAM9	230	Picture	stm,2,1	stm	2	1	6430499	0	1	20173	1	0	next	hit	472
00XAM9	230	Pulse	255				6436524	6025	0
00XAM9	230	Response	2				6440614	10114	0
00XAM9	231	Pulse	255				6456524	5851	0
00XAM9	232	Picture	stm,2,1	stm	2	1	6463344	0	1	20173	1	0	next	hit	476
00XAM9	232	Pulse	255				6476524	13180	0
00XAM9	232	Response	1				6478673	15330	0
00XAM9	234	Pulse	255				6496524	2670	0
00XAM9	234	Pulse	255				6516524	22670	0
00XAM9	234	Pulse	255				6536524	42670	0
00XAM9	234	Pulse	255				6556524	62670	0
00XAM9	234	Pulse	255				6576524	82670	0
00XAM9	235	Picture	txt,4,3	txt	4	3	6592887	0	1	20173	1	0	next	other	0
00XAM9	235	Pulse	255				6596524	3637	0
00XAM9	236	Pulse	255				6616524	3463	0
00XAM9	237	Picture	stm,4,3	stm	4	3	6628232	0	1	20173	1	0	next	hit	487
00XAM9	237	Pulse	255				6636524	8291	0
00XAM9	237	Response	2				6639164	10931	0
00XAM9	238	Pulse	255				6656524	8118	0
00XAM9	239	Picture	stm,4,3	stm	4	3	6665731	0	17	20021	17	0	next	hit	491
00XAM9	239	Pulse	255				6676524	10793	0
00XAM9	239	Response	2				6676684	10953	0
00XAM9	240	Pulse	255				6696524	10772	0
00XAM9	241	Picture	stm,4,3	stm	4	3	6697422	0	1	20173	1	0	next	hit	494
00XAM9	241	Response	1				6714284	16861	0
00XAM9	241	Pulse	255				6716524	19101	0
00XAM9	243	Picture	stm,4,3	stm	4	3	6734602	0	1	20173	1	0	next	hit	498
00XAM9	243	Pulse	255				6736524	1922	0
00XAM9	243	Response	2				6748234	13632	0
00XAM9	244	Pulse	255				6756524	1749	0
00XAM9	245	Pulse	255				6776524	9578	0
00XAM9	245	Pulse	255				6796524	29578	0
00XAM9	245	Pulse	255				6816524	49578	0
00XAM9	245	Pulse	255				6836524	69578	0
00XAM9	245	Pulse	255				6856524	89578	0
00XAM9	246	Picture	txt,2,2	txt	2	2	6860811	0	1	20173	1	0	next	other	0
00XAM9	246	Pulse	255				6876524	15713	0
00XAM9	248	Picture	stm,2,2	stm	2	2	6896156	0	1	20173	1	0	next	hit	509
00XAM9	248	Pulse	255				6896524	368	0
00XAM9	248	Response	1				6910544	14388	0
00XAM9	249	Pulse	255				6916524	195	0
00XAM9	250	Picture	stm,2,2	stm	2	2	6933835	0	1	20173	1	0	next	hit	513
00XAM9	250	Pulse	255				6936524	2689	0
00XAM9	250	Response	1				6942594	8759	0
00XAM9	251	Pulse	255				6956524	2515	0
00XAM9	252	Picture	stm,2,2	stm	2	2	6965346	0	1	20173	1	0	next	hit	516
00XAM9	252	Response	2				6975334	9988	0
00XAM9	252	Pulse	255				6976524	11178	0
00XAM9	253	Pulse	255				6996524	11005	0
00XAM9	254	Picture	stm,2,2	stm	2	2	7011862	0	1	20173	1	0	next	hit	521
00XAM9	254	Pulse	255				7016524	4662	0
00XAM9	254	Response	2				7021874	10012	0
00XAM9	255	Pulse	255				7036524	4489	0
00XAM9	256	Pulse	255				7056524	10984	0
00XAM9	256	Pulse	255				7076524	30984	0
00XAM9	256	Pulse	255				7096524	50984	0
00XAM9	256	Pulse	255				7116524	70985	0
00XAM9	256	Pulse	255				7136524	90984	0
00XAM9	257	Picture	txt,5,2	txt	5	2	7145907	0	1	20173	1	0	next	other	0
00XAM9	257	Pulse	255				7156514	10607	0
00XAM9	258	Pulse	255				7176524	10444	0
00XAM9	259	Picture	stm,5,2	stm	5	2	7181252	0	1	20173	1	0	next	hit	533
00XAM9	259	Pulse	255				7196514	15262	0
00XAM9	259	Response	1				7197703	16451	0
00XAM9	260	Pulse	255				7216514	15089	0
00XAM9	261	Picture	stm,5,2	stm	5	2	7217097	0	1	20173	1	0	next	hit	536
00XAM9	261	Response	1				7228884	11787	0
00XAM9	261	Pulse	255				7236514	19417	0
00XAM9	263	Picture	stm,5,2	stm	5	2	7248775	0	1	20173	1	0	next	hit	540
00XAM9	263	Pulse	255				7256514	7739	0
00XAM9	263	Response	2				7256534	7760	0
00XAM9	264	Pulse	255				7276514	7566	0
00XAM9	265	Picture	stm,5,2	stm	5	2	7279952	0	1	20173	1	0	next	hit	543
00XAM9	265	Response	2				7287384	7432	0
00XAM9	265	Pulse	255				7296514	16562	0
00XAM9	267	Pulse	255				7316514	4051	0
00XAM9	267	Pulse	255				7336514	24051	0
00XAM9	267	Pulse	255				7356514	44051	0
00XAM9	267	Pulse	255				7376514	64051	0
00XAM9	267	Pulse	255				7396514	84051	0
00XAM9	267	Pulse	255				7416514	104051	0
00XAM9	268	Picture	txt,3,2	txt	3	2	7420166	0	1	20173	1	0	next	other	0
00XAM9	268	Pulse	255				7436514	16349	0
00XAM9	270	Picture	stm,3,2	stm	3	2	7455511	0	1	20173	1	0	next	hit	555
00XAM9	270	Pulse	255				7456514	1003	0
00XAM9	270	Response	2				7465894	10383	0
00XAM9	271	Pulse	255				7476514	830	0
00XAM9	272	Picture	stm,3,2	stm	3	2	7491190	0	1	20173	1	0	next	hit	559
00XAM9	272	Pulse	255				7496514	5325	0
00XAM9	272	Response	1				7506094	14905	0
00XAM9	273	Pulse	255				7516514	5151	0
00XAM9	274	Picture	stm,3,2	stm	3	2	7527869	0	1	20173	1	0	next	hit	562
00XAM9	274	Response	2				7534134	6265	0
00XAM9	274	Pulse	255				7536514	8645	0
00XAM9	275	Pulse	255				7556514	8472	0
00XAM9	276	Picture	stm,3,2	stm	3	2	7562214	0	1	20173	1	0	next	hit	566
00XAM9	276	Response	2				7570274	8061	0
00XAM9	276	Pulse	255				7576514	14301	0
00XAM9	277	Pulse	255				7596514	14127	0
00XAM9	278	Pulse	255				7616514	11786	0
00XAM9	278	Pulse	255				7636514	31786	0
00XAM9	278	Pulse	255				7656514	51786	0
00XAM9	278	Pulse	255				7676514	71786	0
00XAM9	279	Picture	txt,6,1	txt	6	1	7688923	0	1	20173	1	0	next	other	0
00XAM9	279	Pulse	255				7696515	7591	0
00XAM9	280	Pulse	255				7716514	7418	0
00XAM9	281	Picture	stm,6,1	stm	6	1	7724268	0	1	20173	1	0	next	hit	577
00XAM9	281	Response	1				7733664	9396	0
00XAM9	281	Pulse	255				7736514	12245	0
00XAM9	283	Picture	stm,6,1	stm	6	1	7755279	0	1	20173	1	0	next	hit	581
00XAM9	283	Pulse	255				7756515	1236	0
00XAM9	283	Response	1				7769974	14696	0
00XAM9	284	Pulse	255				7776515	1062	0
00XAM9	285	Picture	stm,6,1	stm	6	1	7787123	0	1	20173	1	0	next	hit	584
00XAM9	285	Response	1				7796294	9172	0
00XAM9	285	Pulse	255				7796514	9391	0
00XAM9	286	Pulse	255				7816514	9218	0
00XAM9	287	Picture	stm,6,1	stm	6	1	7819800	0	1	20173	1	0	next	hit	588
00XAM9	287	Response	2				7827124	7324	0
00XAM9	287	Pulse	255				7836514	16714	0
00XAM9	289	Pulse	255				7856515	3370	0
00XAM9	289	Pulse	255				7876514	23369	0
00XAM9	289	Pulse	255				7896515	43369	0
00XAM9	289	Pulse	255				7916515	63369	0
00XAM9	289	Pulse	255				7936514	83369	0
00XAM9	290	Picture	txt,4,1	txt	4	1	7940008	0	1	20173	1	0	next	other	0
00XAM9	290	Pulse	255				7956514	16507	0
00XAM9	292	Picture	stm,4,1	stm	4	1	7975353	0	1	20173	1	0	next	hit	599
00XAM9	292	Pulse	255				7976515	1162	0
00XAM9	292	Response	2				7987455	12102	0
00XAM9	293	Pulse	255				7996515	988	0
00XAM9	293	Pulse	255				8016515	20988	0
00XAM9	294	Picture	stm,4,1	stm	4	1	8021535	0	1	20173	1	0	next	hit	603
00XAM9	294	Response	2				8030825	9289	0
00XAM9	294	Pulse	255				8036515	14979	0
00XAM9	296	Picture	stm,4,1	stm	4	1	8052379	0	1	20173	1	0	next	hit	607
00XAM9	296	Pulse	255				8056515	4136	0
00XAM9	296	Response	1				8066815	14436	0
00XAM9	297	Pulse	255				8076515	3962	0
00XAM9	298	Picture	stm,4,1	stm	4	1	8082889	0	1	20173	1	0	next	hit	610
00XAM9	298	Response	1				8093145	10255	0
00XAM9	298	Pulse	255				8096514	13625	0
00XAM9	300	Pulse	255				8116515	1115	0
00XAM9	300	Pulse	255				8136515	21115	0
00XAM9	300	Pulse	255				8156515	41115	0
00XAM9	300	Pulse	255				8176515	61115	0
00XAM9	300	Pulse	255				8196515	81115	0
00XAM9	300	Pulse	255				8216515	101115	0
00XAM9	301	Picture	txt,1,1	txt	1	1	8220602	0	1	20173	1	0	next	other	0
00XAM9	301	Pulse	255				8236515	15912	0
00XAM9	303	Picture	stm,1,1	stm	1	1	8255947	0	1	20173	1	0	next	hit	622
00XAM9	303	Pulse	255				8256515	567	0
00XAM9	303	Response	2				8270145	14197	0
00XAM9	304	Pulse	255				8276515	394	0
00XAM9	305	Picture	stm,1,1	stm	1	1	8291955	0	11	20178	11	0	next	hit	626
00XAM9	305	Pulse	255				8296515	4560	0
00XAM9	305	Response	1				8306565	14610	0
00XAM9	306	Pulse	255				8316515	4382	0
00XAM9	307	Picture	stm,1,1	stm	1	1	8324804	0	1	20173	1	0	next	hit	630
00XAM9	307	Pulse	255				8336515	11711	0
00XAM9	307	Response	2				8338254	13450	0
00XAM9	308	Pulse	255				8356515	11537	0
00XAM9	309	Picture	stm,1,1	stm	1	1	8358148	0	1	20173	1	0	next	hit	633
00XAM9	309	Response	2				8369825	11676	0
00XAM9	309	Pulse	255				8376515	18366	0
00XAM9	311	Pulse	255				8396515	7356	0
00XAM9	311	Pulse	255				8416515	27356	0
00XAM9	311	Pulse	255				8436515	47356	0
00XAM9	311	Pulse	255				8456515	67356	0
00XAM9	311	Pulse	255				8476515	87356	0
00XAM9	312	Picture	txt,3,3	txt	3	3	8483524	0	1	20173	1	0	next	other	0
00XAM9	312	Pulse	255				8496515	12991	0
00XAM9	313	Pulse	255				8516515	12817	0
00XAM9	314	Picture	stm,3,3	stm	3	3	8518869	0	1	20173	1	0	next	hit	644
00XAM9	314	Response	2				8530935	12065	0
00XAM9	314	Pulse	255				8536515	17645	0
00XAM9	315	Pulse	255				8556515	17472	0
00XAM9	316	Picture	stm,3,3	stm	3	3	8566219	0	1	20173	1	0	next	hit	649
00XAM9	316	Pulse	255				8576515	10296	0
00XAM9	316	Response	2				8580104	13886	0
00XAM9	317	Pulse	255				8596515	10123	0
00XAM9	318	Picture	stm,3,3	stm	3	3	8608399	0	1	20173	1	0	next	hit	652
00XAM9	318	Response	2				8615255	6855	0
00XAM9	318	Pulse	255				8616515	8115	0
00XAM9	319	Pulse	255				8636515	7942	0
00XAM9	320	Picture	stm,3,3	stm	3	3	8642077	0	1	20173	1	0	next	hit	656
00XAM9	320	Response	2				8649475	7397	0
00XAM9	320	Pulse	255				8656515	14437	0
00XAM9	322	Pulse	255				8676515	759	0
00XAM9	322	Pulse	255				8696515	20759	0
00XAM9	322	Pulse	255				8716515	40759	0
00XAM9	322	Pulse	255				8736515	60759	0
00XAM9	322	Pulse	255				8756515	80759	0
00XAM9	323	Picture	txt,5,3	txt	5	3	8759117	0	1	20173	1	0	next	other	0
00XAM9	323	Pulse	255				8776515	17398	0
00XAM9	325	Picture	stm,5,3	stm	5	3	8794462	0	1	20173	1	0	next	hit	667
00XAM9	325	Pulse	255				8796515	2053	0
00XAM9	325	Response	2				8805105	10643	0
00XAM9	326	Pulse	255				8816515	1879	0
00XAM9	327	Picture	stm,5,3	stm	5	3	8827973	0	1	20173	1	0	next	hit	671
00XAM9	327	Pulse	255				8836515	8542	0
00XAM9	327	Response	2				8836754	8781	0
00XAM9	328	Pulse	255				8856515	8368	0
00XAM9	329	Picture	stm,5,3	stm	5	3	8864986	0	1	20173	1	0	next	hit	674
00XAM9	329	Response	2				8874055	9069	0
00XAM9	329	Pulse	255				8876515	11529	0
00XAM9	331	Picture	stm,5,3	stm	5	3	8896496	0	1	20173	1	0	next	hit	678
00XAM9	331	Pulse	255				8896515	19	0
00XAM9	331	Response	2				8904255	7758	0
00XAM9	331	Pulse	255				8916505	20008	0
00XAM9	333	Pulse	255				8936505	6164	0
00XAM9	333	Pulse	255				8956505	26164	0
00XAM9	333	Pulse	255				8976505	46164	0
00XAM9	333	Pulse	255				8996505	66164	0
00XAM9	333	Pulse	255				9016505	86164	0
00XAM9	334	Picture	txt,4,2	txt	4	2	9018871	0	1	20173	1	0	next	other	0
00XAM9	334	Pulse	255				9036505	17634	0
00XAM9	336	Picture	stm,4,2	stm	4	2	9054216	0	1	20173	1	0	next	hit	689
00XAM9	336	Pulse	255				9056505	2289	0
00XAM9	336	Response	2				9063075	8859	0
00XAM9	337	Pulse	255				9076505	2115	0
00XAM9	338	Picture	stm,4,2	stm	4	2	9091896	0	1	20173	1	0	next	hit	693
00XAM9	338	Pulse	255				9096505	4609	0
00XAM9	338	Response	2				9101485	9589	0
00XAM9	339	Pulse	255				9116505	4436	0
00XAM9	340	Picture	stm,4,2	stm	4	2	9123406	0	1	20173	1	0	next	hit	696
00XAM9	340	Response	2				9132275	8869	0
00XAM9	340	Pulse	255				9136505	13099	0
00XAM9	342	Picture	stm,4,2	stm	4	2	9154250	0	1	20173	1	0	next	hit	700
00XAM9	342	Pulse	255				9156505	2255	0
00XAM9	342	Response	2				9159815	5565	0
00XAM9	343	Pulse	255				9176505	2082	0
00XAM9	344	Pulse	255				9196505	10744	0
00XAM9	344	Pulse	255				9216505	30744	0
00XAM9	344	Pulse	255				9236505	50744	0
00XAM9	344	Pulse	255				9256505	70745	0
00XAM9	344	Pulse	255				9276505	90744	0
00XAM9	345	Picture	txt,1,3	txt	1	3	9285794	0	1	20173	1	0	next	other	0
00XAM9	345	Pulse	255				9296505	10711	0
00XAM9	346	Pulse	255				9316505	10537	0
00XAM9	347	Picture	stm,1,3	stm	1	3	9321140	0	1	20173	1	0	next	hit	711
00XAM9	347	Response	2				9332025	10886	0
00XAM9	347	Pulse	255				9336505	15366	0
00XAM9	348	Pulse	255				9356505	15192	0
00XAM9	349	Picture	stm,1,3	stm	1	3	9359319	0	1	20173	1	0	next	hit	715
00XAM9	349	Response	2				9371705	12386	0
00XAM9	349	Pulse	255				9376505	17186	0
00XAM9	351	Picture	stm,1,3	stm	1	3	9390663	0	1	20173	1	0	next	hit	719
00XAM9	351	Pulse	255				9396505	5842	0
00XAM9	351	Response	1				9401145	10482	0
00XAM9	352	Pulse	255				9416505	5669	0
00XAM9	353	Picture	stm,1,3	stm	1	3	9426508	0	1	20173	1	0	next	hit	723
00XAM9	353	Pulse	255				9436505	9997	0
00XAM9	353	Response	1				9437865	11356	0
00XAM9	354	Pulse	255				9456505	9823	0
00XAM9	355	Pulse	255				9476505	17153	0
00XAM9	355	Pulse	255				9496505	37152	0
00XAM9	355	Pulse	255				9516505	57152	0
00XAM9	355	Pulse	255				9536505	77152	0
00XAM9	355	Pulse	255				9556505	97152	0
00XAM9	356	Picture	txt,6,2	txt	6	2	9560554	0	1	20173	1	0	next	other	0
00XAM9	356	Pulse	255				9576505	15952	0
00XAM9	358	Picture	stm,6,2	stm	6	2	9595899	0	1	20173	1	0	next	hit	734
00XAM9	358	Pulse	255				9596505	607	0
00XAM9	358	Response	1				9615355	19456	0
00XAM9	359	Pulse	255				9616505	433	0
00XAM9	360	Picture	stm,6,2	stm	6	2	9630907	0	4	20177	4	0	next	hit	738
00XAM9	360	Pulse	255				9636505	5598	0
00XAM9	360	Response	1				9648135	17228	0
00XAM9	361	Pulse	255				9656505	5421	0
00XAM9	362	Picture	stm,6,2	stm	6	2	9661754	0	1	20173	1	0	next	hit	741
00XAM9	362	Response	2				9668465	6711	0
00XAM9	362	Response	1				9676195	14441	0
00XAM9	362	Pulse	255				9676505	14751	0
00XAM9	363	Pulse	255				9696505	14578	0
00XAM9	364	Picture	stm,6,2	stm	6	2	9698767	0	1	20173	1	0	next	hit	746
00XAM9	364	Response	1				9712635	13869	0
00XAM9	364	Pulse	255				9716505	17738	0
00XAM9	366	Pulse	255				9736505	6562	0
00XAM9	366	Pulse	255				9756505	26561	0
00XAM9	366	Pulse	255				9776505	46561	0
00XAM9	366	Pulse	255				9796505	66561	0
00XAM9	366	Pulse	255				9816505	86561	0
00XAM9	367	Picture	txt,2,3	txt	2	3	9821808	0	1	20173	1	0	next	other	0
00XAM9	367	Pulse	255				9836505	14697	0
00XAM9	368	Pulse	255				9856505	14524	0
00XAM9	369	Picture	stm,2,3	stm	2	3	9857153	0	1	20173	1	0	next	hit	757
00XAM9	369	Response	2				9871455	14302	0
00XAM9	369	Pulse	255				9876505	19352	0
00XAM9	371	Picture	stm,2,3	stm	2	3	9896333	0	1	20173	1	0	next	hit	761
00XAM9	371	Pulse	255				9896505	172	0
00XAM9	371	Response	2				9904225	7892	0
00XAM9	371	Pulse	255				9916505	20172	0
00XAM9	372	Pulse	255				9936505	19999	0
00XAM9	373	Picture	stm,2,3	stm	2	3	9938181	0	1	20173	1	0	next	hit	765
00XAM9	373	Response	2				9954295	16115	0
00XAM9	373	Pulse	255				9956505	18324	0
00XAM9	375	Picture	stm,2,3	stm	2	3	9975193	0	1	20173	1	0	next	hit	769
00XAM9	375	Pulse	255				9976505	1312	0
00XAM9	375	Response	2				9984605	9412	0
00XAM9	376	Response	1				9995465	99	0
00XAM9	376	Pulse	255				9996506	1139	0
00XAM9	377	Pulse	255				10016506	5967	0
00XAM9	377	Pulse	255				10036505	25967	0
00XAM9	377	Pulse	255				10056505	45967	0
00XAM9	377	Pulse	255				10076505	65967	0
00XAM9	377	Pulse	255				10096505	85967	0
00XAM9	378	Picture	txt,5,1	txt	5	1	10113240	0	1	20173	1	0	next	other	0
00XAM9	378	Pulse	255				10116506	3266	0
00XAM9	379	Pulse	255				10136506	3092	0
00XAM9	380	Picture	stm,5,1	stm	5	1	10148585	0	1	20173	1	0	next	hit	782
00XAM9	380	Pulse	255				10156505	7921	0
00XAM9	380	Response	2				10160925	12341	0
00XAM9	381	Pulse	255				10176505	7747	0
00XAM9	382	Picture	stm,5,1	stm	5	1	10183763	0	1	20173	1	0	next	hit	785
00XAM9	382	Response	1				10191575	7812	0
00XAM9	382	Pulse	255				10196506	12742	0
00XAM9	384	Picture	stm,5,1	stm	5	1	10215441	0	1	20173	1	0	next	hit	789
00XAM9	384	Pulse	255				10216506	1065	0
00XAM9	384	Response	2				10226826	11385	0
00XAM9	385	Pulse	255				10236506	891	0
00XAM9	386	Picture	stm,5,1	stm	5	1	10246618	0	1	20173	1	0	next	hit	793
00XAM9	386	Pulse	255				10256506	9888	0
00XAM9	386	Response	2				10257625	11007	0
00XAM9	387	Pulse	255				10276506	9714	0
00XAM9	388	Pulse	255				10296505	19211	0
00XAM9	388	Pulse	255				10316505	39211	0
00XAM9	388	Pulse	255				10336506	59211	0
00XAM9	388	Pulse	255				10356506	79211	0
00XAM9	389	Picture	txt,1,2	txt	1	2	10366825	0	1	20173	1	0	next	other	0
00XAM9	389	Pulse	255				10376506	9680	0
00XAM9	390	Pulse	255				10396506	9507	0
00XAM9	391	Picture	stm,1,2	stm	1	2	10402170	0	1	20173	1	0	next	hit	803
00XAM9	391	Response	2				10416346	14175	0
00XAM9	391	Pulse	255				10416505	14335	0
00XAM9	392	Pulse	255				10436506	14162	0
00XAM9	393	Picture	stm,1,2	stm	1	2	10439183	0	1	20173	1	0	next	hit	807
00XAM9	393	Response	2				10446016	6833	0
00XAM9	393	Pulse	255				10456506	17323	0
00XAM9	394	Pulse	255				10476506	17149	0
00XAM9	395	Picture	stm,1,2	stm	1	2	10479530	0	1	20173	1	0	next	hit	811
00XAM9	395	Response	1				10493306	13776	0
00XAM9	395	Pulse	255				10496506	16976	0
00XAM9	397	Picture	stm,1,2	stm	1	2	10514708	0	1	20173	1	0	next	hit	815
00XAM9	397	Pulse	255				10516506	1797	0
00XAM9	397	Response	2				10521765	7057	0
00XAM9	398	Pulse	255				10536506	1624	0
00XAM9	399	Picture	break	break			10560390	0	1	30010	1	0	next	other	0
00XAM9	399	Response	3				10590292	29902	0
00XAM9	400	Pulse	255				10854516	264116	0
00XAM9	400	Pulse	255				10874516	284115	0
00XAM9	400	Pulse	255				10894516	304115	0
00XAM9	400	Pulse	255				10914516	324116	0
00XAM9	400	Pulse	255				10934516	344115	0
00XAM9	401	Picture	txt,5,3	txt	5	3	10934683	0	1	20173	1	0	next	other	0
00XAM9	401	Pulse	255				10954516	19833	0
00XAM9	403	Picture	stm,5,3	stm	5	3	10970028	0	1	20173	1	0	next	hit	828
00XAM9	403	Pulse	255				10974516	4488	0
00XAM9	403	Response	2				10985226	15198	0
00XAM9	404	Pulse	255				10994516	4314	0
00XAM9	404	Pulse	255				11014516	24314	0
00XAM9	405	Picture	stm,5,3	stm	5	3	11014710	0	1	20173	1	0	next	hit	832
00XAM9	405	Response	1				11026856	12146	0
00XAM9	405	Pulse	255				11034516	19806	0
00XAM9	407	Picture	stm,5,3	stm	5	3	11046554	0	1	20173	1	0	next	hit	836
00XAM9	407	Pulse	255				11054516	7962	0
00XAM9	407	Response	1				11056826	10272	0
00XAM9	408	Pulse	255				11074516	7788	0
00XAM9	409	Picture	stm,5,3	stm	5	3	11077398	0	1	20173	1	0	next	hit	839
00XAM9	409	Response	2				11085716	8318	0
00XAM9	409	Pulse	255				11094516	17118	0
00XAM9	410	Pulse	255				11114516	16945	0
00XAM9	411	Pulse	255				11134516	17438	0
00XAM9	411	Pulse	255				11154516	37438	0
00XAM9	411	Pulse	255				11174516	57438	0
00XAM9	411	Pulse	255				11194516	77438	0
00XAM9	411	Pulse	255				11214516	97438	0
00XAM9	412	Picture	txt,3,2	txt	3	2	11215444	0	1	20173	1	0	next	other	0
00XAM9	412	Pulse	255				11234516	19072	0
00XAM9	414	Picture	stm,3,2	stm	3	2	11250790	0	1	20173	1	0	next	hit	851
00XAM9	414	Pulse	255				11254516	3726	0
00XAM9	414	Response	1				11264766	13977	0
00XAM9	415	Pulse	255				11274516	3553	0
00XAM9	416	Picture	stm,3,2	stm	3	2	11286635	0	1	20173	1	0	next	hit	855
00XAM9	416	Pulse	255				11294516	7881	0
00XAM9	416	Response	1				11303266	16631	0
00XAM9	417	Pulse	255				11314516	7708	0
00XAM9	418	Picture	stm,3,2	stm	3	2	11324814	0	1	20173	1	0	next	hit	859
00XAM9	418	Pulse	255				11334516	9702	0
00XAM9	418	Response	2				11339246	14432	0
00XAM9	419	Pulse	255				11354516	9528	0
00XAM9	420	Picture	stm,3,2	stm	3	2	11355650	0	13	20008	28	0	next	hit	862
00XAM9	420	Response	1				11372956	17306	0
00XAM9	420	Pulse	255				11374516	18865	0
00XAM9	422	Pulse	255				11394516	7181	0
00XAM9	422	Pulse	255				11414516	27181	0
00XAM9	422	Pulse	255				11434516	47181	0
00XAM9	422	Pulse	255				11454516	67181	0
00XAM9	422	Pulse	255				11474516	87181	0
00XAM9	423	Picture	txt,5,1	txt	5	1	11486369	0	1	20173	1	0	next	other	0
00XAM9	423	Pulse	255				11494516	8147	0
00XAM9	424	Pulse	255				11514516	7974	0
00XAM9	425	Picture	stm,5,1	stm	5	1	11521714	0	1	20173	1	0	next	hit	874
00XAM9	425	Pulse	255				11534516	12802	0
00XAM9	425	Response	2				11537626	15912	0
00XAM9	426	Pulse	255				11554516	12629	0
00XAM9	427	Picture	stm,5,1	stm	5	1	11565562	0	1	20173	1	0	next	hit	878
00XAM9	427	Pulse	255				11574516	8954	0
00XAM9	427	Response	2				11575235	9673	0
00XAM9	428	Pulse	255				11594516	8781	0
00XAM9	429	Picture	stm,5,1	stm	5	1	11605242	0	1	20173	1	0	next	hit	882
00XAM9	429	Pulse	255				11614516	9274	0
00XAM9	429	Response	2				11616196	10954	0
00XAM9	430	Pulse	255				11634516	9100	0
00XAM9	431	Picture	stm,5,1	stm	5	1	11637079	0	15	20008	32	0	next	hit	885
00XAM9	431	Response	2				11647986	10908	0
00XAM9	431	Pulse	255				11654506	17427	0
00XAM9	433	Pulse	255				11674506	3408	0
00XAM9	433	Pulse	255				11694506	23408	0
00XAM9	433	Pulse	255				11714506	43408	0
00XAM9	433	Pulse	255				11734506	63408	0
00XAM9	433	Pulse	255				11754506	83408	0
00XAM9	434	Picture	txt,6,3	txt	6	3	11762962	0	1	20173	1	0	next	other	0
00XAM9	434	Pulse	255				11774506	11544	0
00XAM9	435	Pulse	255				11794506	11371	0
00XAM9	436	Picture	stm,6,3	stm	6	3	11798307	0	1	20173	1	0	next	hit	896
00XAM9	436	Response	2				11807916	9609	0
00XAM9	436	Pulse	255				11814506	16199	0
00XAM9	438	Picture	stm,6,3	stm	6	3	11828818	0	1	20173	1	0	next	hit	900
00XAM9	438	Pulse	255				11834506	5689	0
00XAM9	438	Response	1				11839856	11039	0
00XAM9	439	Pulse	255				11854506	5515	0
00XAM9	440	Picture	stm,6,3	stm	6	3	11861162	0	1	20173	1	0	next	hit	903
00XAM9	440	Response	1				11870166	9004	0
00XAM9	440	Pulse	255				11874506	13344	0
00XAM9	441	Pulse	255				11894506	13171	0
00XAM9	442	Picture	stm,6,3	stm	6	3	11904843	0	1	20173	1	0	next	hit	907
00XAM9	442	Response	1				11912016	7173	0
00XAM9	442	Pulse	255				11914506	9663	0
00XAM9	443	Pulse	255				11934506	9490	0
00XAM9	444	Pulse	255				11954506	14491	0
00XAM9	444	Pulse	255				11974506	34491	0
00XAM9	444	Pulse	255				11994506	54491	0
00XAM9	444	Pulse	255				12014506	74491	0
00XAM9	445	Picture	txt,3,1	txt	3	1	12026884	0	1	20173	1	0	next	other	0
00XAM9	445	Pulse	255				12034506	7622	0
00XAM9	446	Pulse	255				12054506	7449	0
00XAM9	447	Picture	stm,3,1	stm	3	1	12062230	0	1	20173	1	0	next	hit	919
00XAM9	447	Pulse	255				12074506	12277	0
00XAM9	447	Response	1				12079886	17657	0
00XAM9	448	Pulse	255				12094506	12103	0
00XAM9	449	Picture	stm,3,1	stm	3	1	12102076	0	1	20173	1	0	next	hit	923
00XAM9	449	Pulse	255				12114506	12430	0
00XAM9	449	Response	1				12118716	16640	0
00XAM9	451	Picture	stm,3,1	stm	3	1	12133920	0	1	20173	1	0	next	miss	0
00XAM9	451	Pulse	255				12134506	586	0
00XAM9	452	Pulse	255				12154506	413	0
00XAM9	453	Picture	stm,3,1	stm	3	1	12164431	0	1	20173	1	0	next	hit	929
00XAM9	453	Pulse	255				12174506	10076	0
00XAM9	453	Response	1				12174607	10176	0
00XAM9	454	Pulse	255				12194506	9902	0
00XAM9	455	Pulse	255				12214506	11396	0
00XAM9	455	Pulse	255				12234506	31396	0
00XAM9	455	Pulse	255				12254506	51396	0
00XAM9	455	Pulse	255				12274506	71396	0
00XAM9	455	Pulse	255				12294506	91396	0
00XAM9	456	Picture	txt,1,3	txt	1	3	12303477	0	1	20173	1	0	next	other	0
00XAM9	456	Pulse	255				12314506	11029	0
00XAM9	457	Pulse	255				12334506	10856	0
00XAM9	458	Picture	stm,1,3	stm	1	3	12338823	0	1	20173	1	0	next	hit	940
00XAM9	458	Response	2				12346076	7254	0
00XAM9	458	Pulse	255				12354506	15684	0
00XAM9	459	Pulse	255				12374506	15510	0
00XAM9	460	Picture	stm,1,3	stm	1	3	12379336	0	1	20173	1	0	next	hit	945
00XAM9	460	Pulse	255				12394507	15170	0
00XAM9	460	Response	1				12396666	17330	0
00XAM9	462	Picture	stm,1,3	stm	1	3	12410513	0	1	20173	1	0	next	hit	948
00XAM9	462	Pulse	255				12414506	3993	0
00XAM9	462	Response	2				12423586	13073	0
00XAM9	463	Pulse	255				12434506	3820	0
00XAM9	464	Picture	stm,1,3	stm	1	3	12442191	0	1	20173	1	0	next	hit	951
00XAM9	464	Response	2				12451767	9576	0
00XAM9	464	Pulse	255				12454506	12315	0
00XAM9	465	Pulse	255				12474507	12142	0
00XAM9	466	Pulse	255				12494507	18471	0
00XAM9	466	Pulse	255				12514507	38471	0
00XAM9	466	Pulse	255				12534507	58471	0
00XAM9	466	Pulse	255				12554507	78471	0
00XAM9	466	Pulse	255				12574507	98471	0
00XAM9	467	Picture	txt,4,1	txt	4	1	12581238	0	1	20173	1	0	next	other	0
00XAM9	467	Pulse	255				12594507	13269	0
00XAM9	468	Pulse	255				12614507	13096	0
00XAM9	469	Picture	stm,4,1	stm	4	1	12616583	0	1	20173	1	0	next	hit	964
00XAM9	469	Pulse	255				12634507	17924	0
00XAM9	469	Response	2				12635866	19283	0
00XAM9	471	Picture	stm,4,1	stm	4	1	12649427	0	1	20173	1	0	next	hit	967
00XAM9	471	Pulse	255				12654507	5079	0
00XAM9	471	Response	2				12660007	10579	0
00XAM9	472	Pulse	255				12674507	4906	0
00XAM9	473	Picture	stm,4,1	stm	4	1	12685606	0	1	20173	1	0	next	hit	971
00XAM9	473	Pulse	255				12694507	8901	0
00XAM9	473	Response	2				12704047	18441	0
00XAM9	474	Pulse	255				12714507	8727	0
00XAM9	475	Picture	stm,4,1	stm	4	1	12716283	0	1	20173	1	0	next	miss	0
00XAM9	475	Pulse	255				12734507	18224	0
00XAM9	477	Pulse	255				12754507	7547	0
00XAM9	477	Pulse	255				12774507	27547	0
00XAM9	477	Pulse	255				12794507	47547	0
00XAM9	477	Pulse	255				12814507	67547	0
00XAM9	478	Picture	txt,2,2	txt	2	2	12830322	0	1	20173	1	0	next	other	0
00XAM9	478	Pulse	255				12834507	4185	0
00XAM9	479	Pulse	255				12854507	4012	0
00XAM9	480	Picture	stm,2,2	stm	2	2	12865667	0	1	20173	1	0	next	hit	984
00XAM9	480	Pulse	255				12874507	8840	0
00XAM9	480	Response	2				12877617	11950	0
00XAM9	481	Pulse	255				12894507	8666	0
00XAM9	481	Pulse	255				12914507	28667	0
00XAM9	482	Picture	stm,2,2	stm	2	2	12914683	0	1	20173	1	0	next	hit	988
00XAM9	482	Response	2				12931887	17203	0
00XAM9	482	Pulse	255				12934506	19823	0
00XAM9	484	Picture	stm,2,2	stm	2	2	12949528	0	1	20173	1	0	next	hit	992
00XAM9	484	Pulse	255				12954507	4978	0
00XAM9	484	Response	1				12958187	8658	0
00XAM9	485	Pulse	255				12974507	4805	0
00XAM9	486	Picture	stm,2,2	stm	2	2	12980039	0	1	20173	1	0	next	hit	995
00XAM9	486	Response	2				12987647	7608	0
00XAM9	486	Pulse	255				12994507	14468	0
00XAM9	488	Pulse	255				13014507	457	0
00XAM9	488	Pulse	255				13034507	20457	0
00XAM9	488	Pulse	255				13054507	40457	0
00XAM9	488	Pulse	255				13074507	60457	0
00XAM9	488	Pulse	255				13094507	80457	0
00XAM9	488	Pulse	255				13114507	100457	0
00XAM9	489	Picture	txt,2,1	txt	2	1	13114751	0	1	20173	1	0	next	other	0
00XAM9	489	Pulse	255				13134507	19756	0
00XAM9	491	Picture	stm,2,1	stm	2	1	13150096	0	1	20173	1	0	next	hit	1007
00XAM9	491	Pulse	255				13154507	4411	0
00XAM9	491	Response	2				13161117	11021	0
00XAM9	492	Pulse	255				13174507	4237	0
00XAM9	493	Picture	stm,2,1	stm	2	1	13182774	0	1	20173	1	0	next	hit	1010
00XAM9	493	Response	2				13191807	9033	0
00XAM9	493	Pulse	255				13194506	11733	0
00XAM9	494	Pulse	255				13214507	11560	0
00XAM9	495	Picture	stm,2,1	stm	2	1	13224454	0	1	20173	1	0	next	hit	1015
00XAM9	495	Pulse	255				13234507	10053	0
00XAM9	495	Response	2				13234906	10452	0
00XAM9	496	Pulse	255				13254507	9879	0
00XAM9	497	Picture	stm,2,1	stm	2	1	13254965	0	1	20173	1	0	next	hit	1018
00XAM9	497	Response	1				13266587	11622	0
00XAM9	497	Pulse	255				13274507	19542	0
00XAM9	499	Pulse	255				13294507	9032	0
00XAM9	499	Pulse	255				13314507	29032	0
00XAM9	499	Pulse	255				13334507	49032	0
00XAM9	499	Pulse	255				13354507	69032	0
00XAM9	499	Pulse	255				13374507	89032	0
00XAM9	500	Picture	txt,4,3	txt	4	3	13393178	0	1	20173	1	0	next	other	0
00XAM9	500	Pulse	255				13394507	1329	0
00XAM9	501	Pulse	255				13414507	1156	0
00XAM9	502	Picture	stm,4,3	stm	4	3	13428523	0	1	20173	1	0	next	miss	0
00XAM9	502	Pulse	255				13434507	5984	0
00XAM9	503	Pulse	255				13454497	5800	0
00XAM9	503	Response	2				13456527	7830	0
00XAM9	504	Picture	stm,4,3	stm	4	3	13467703	0	1	20173	1	0	next	hit	1034
00XAM9	504	Pulse	255				13474497	6794	0
00XAM9	504	Response	2				13475766	8063	0
00XAM9	505	Pulse	255				13494497	6621	0
00XAM9	506	Picture	stm,4,3	stm	4	3	13502881	0	1	20173	1	0	next	hit	1037
00XAM9	506	Response	2				13510667	7786	0
00XAM9	506	Pulse	255				13514497	11615	0
00XAM9	508	Picture	stm,4,3	stm	4	3	13533725	0	1	20173	1	0	next	hit	1041
00XAM9	508	Pulse	255				13534497	772	0
00XAM9	508	Response	2				13540717	6992	0
00XAM9	509	Pulse	255				13554497	599	0
00XAM9	510	Pulse	255				13574497	8428	0
00XAM9	510	Pulse	255				13594497	28428	0
00XAM9	510	Pulse	255				13614497	48428	0
00XAM9	510	Pulse	255				13634497	68428	0
00XAM9	510	Pulse	255				13654497	88428	0
00XAM9	511	Picture	txt,6,1	txt	6	1	13668771	0	1	20173	1	0	next	other	0
00XAM9	511	Pulse	255				13674497	5726	0
00XAM9	512	Pulse	255				13694497	5553	0
00XAM9	513	Picture	stm,6,1	stm	6	1	13704116	0	1	20173	1	0	next	hit	1052
00XAM9	513	Response	2				13712367	8251	0
00XAM9	513	Pulse	255				13714496	10381	0
00XAM9	514	Pulse	255				13734497	10208	0
00XAM9	515	Picture	stm,6,1	stm	6	1	13743296	0	1	20173	1	0	next	hit	1056
00XAM9	515	Response	2				13750547	7251	0
00XAM9	515	Pulse	255				13754497	11201	0
00XAM9	517	Picture	stm,6,1	stm	6	1	13773973	0	1	20173	1	0	next	hit	1060
00XAM9	517	Pulse	255				13774497	524	0
00XAM9	517	Response	2				13784487	10514	0
00XAM9	518	Pulse	255				13794497	351	0
00XAM9	519	Picture	stm,6,1	stm	6	1	13807484	0	1	20173	1	0	next	hit	1064
00XAM9	519	Pulse	255				13814497	7013	0
00XAM9	519	Response	1				13817347	9863	0
00XAM9	520	Pulse	255				13834497	6840	0
00XAM9	521	Pulse	255				13854497	8667	0
00XAM9	521	Pulse	255				13874497	28667	0
00XAM9	521	Pulse	255				13894497	48667	0
00XAM9	521	Pulse	255				13914497	68667	0
00XAM9	521	Pulse	255				13934497	88667	0
00XAM9	522	Picture	txt,1,2	txt	1	2	13940195	0	1	20173	1	0	next	other	0
00XAM9	522	Pulse	255				13954497	14302	0
00XAM9	523	Pulse	255				13974497	14128	0
00XAM9	524	Picture	stm,1,2	stm	1	2	13975541	0	1	20173	1	0	next	hit	1075
00XAM9	524	Response	1				13988157	12616	0
00XAM9	524	Pulse	255				13994497	18956	0
00XAM9	525	Pulse	255				14014497	18783	0
00XAM9	526	Picture	stm,1,2	stm	1	2	14018388	0	1	20173	1	0	next	hit	1079
00XAM9	526	Response	2				14027407	9019	0
00XAM9	526	Pulse	255				14034497	16109	0
00XAM9	528	Picture	stm,1,2	stm	1	2	14053400	0	1	20173	1	0	next	hit	1083
00XAM9	528	Pulse	255				14054497	1097	0
00XAM9	528	Response	2				14061647	8247	0
00XAM9	529	Pulse	255				14074497	924	0
00XAM9	530	Picture	stm,1,2	stm	1	2	14090746	0	1	20173	1	0	next	hit	1087
00XAM9	530	Pulse	255				14094497	3751	0
00XAM9	530	Response	1				14104567	13821	0
00XAM9	531	Pulse	255				14114497	3578	0
00XAM9	532	Pulse	255				14134497	11907	0
00XAM9	532	Pulse	255				14154497	31907	0
00XAM9	532	Pulse	255				14174497	51907	0
00XAM9	532	Pulse	255				14194497	71907	0
00XAM9	533	Picture	txt,4,2	txt	4	2	14212120	0	1	20173	1	0	next	other	0
00XAM9	533	Pulse	255				14214497	2377	0
00XAM9	534	Pulse	255				14234497	2204	0
00XAM9	535	Picture	stm,4,2	stm	4	2	14247466	0	1	20173	1	0	next	hit	1098
00XAM9	535	Pulse	255				14254497	7032	0
00XAM9	535	Response	2				14256417	8951	0
00XAM9	536	Pulse	255				14274497	6858	0
00XAM9	537	Picture	stm,4,2	stm	4	2	14288980	0	1	20173	1	0	next	hit	1102
00XAM9	537	Pulse	255				14294497	5518	0
00XAM9	537	Response	2				14302327	13348	0
00XAM9	538	Pulse	255				14314497	5344	0
00XAM9	539	Picture	stm,4,2	stm	4	2	14328826	0	1	20173	1	0	next	hit	1106
00XAM9	539	Pulse	255				14334497	5671	0
00XAM9	539	Response	2				14335797	6971	0
00XAM9	540	Pulse	255				14354497	5498	0
00XAM9	541	Picture	stm,4,2	stm	4	2	14362504	0	1	20173	1	0	next	hit	1109
00XAM9	541	Response	2				14371957	9453	0
00XAM9	541	Pulse	255				14374497	11992	0
00XAM9	543	Pulse	255				14394497	1149	0
00XAM9	543	Pulse	255				14414497	21149	0
00XAM9	543	Pulse	255				14434497	41149	0
00XAM9	543	Pulse	255				14454497	61149	0
00XAM9	543	Pulse	255				14474497	81149	0
00XAM9	544	Picture	txt,2,3	txt	2	3	14477543	0	1	20173	1	0	next	other	0
00XAM9	544	Pulse	255				14494497	16954	0
00XAM9	546	Picture	stm,2,3	stm	2	3	14512888	0	1	20173	1	0	next	hit	1120
00XAM9	546	Pulse	255				14514497	1609	0
00XAM9	546	Response	1				14520387	7499	0
00XAM9	547	Pulse	255				14534497	1436	0
00XAM9	548	Picture	stm,2,3	stm	2	3	14543732	0	1	20173	1	0	next	hit	1123
00XAM9	548	Response	2				14551567	7835	0
00XAM9	548	Pulse	255				14554497	10765	0
00XAM9	549	Pulse	255				14574497	10592	0
00XAM9	550	Picture	stm,2,3	stm	2	3	14577077	0	1	20173	1	0	next	hit	1127
00XAM9	550	Response	2				14587907	10831	0
00XAM9	550	Pulse	255				14594497	17421	0
00XAM9	552	Picture	stm,2,3	stm	2	3	14607587	0	1	20173	1	0	next	hit	1131
00XAM9	552	Pulse	255				14614497	6911	0
00XAM9	552	Response	2				14620327	12741	0
00XAM9	553	Pulse	255				14634497	6737	0
00XAM9	554	Pulse	255				14654498	2396	0
00XAM9	554	Pulse	255				14674498	22396	0
00XAM9	554	Pulse	255				14694498	42396	0
00XAM9	554	Pulse	255				14714498	62396	0
00XAM9	554	Pulse	255				14734498	82396	0
00XAM9	555	Picture	txt,1,1	txt	1	1	14740632	0	1	20173	1	0	next	other	0
00XAM9	555	Pulse	255				14754498	13866	0
00XAM9	556	Pulse	255				14774498	13692	0
00XAM9	557	Picture	stm,1,1	stm	1	1	14775977	0	1	20173	1	0	next	hit	1142
00XAM9	557	Response	2				14787897	11921	0
00XAM9	557	Pulse	255				14794497	18521	0
00XAM9	559	Picture	stm,1,1	stm	1	1	14806487	0	1	20173	1	0	next	miss	0
00XAM9	559	Pulse	255				14814498	8010	0
00XAM9	559	Response	1				14826538	20050	0
00XAM9	560	Pulse	255				14834498	7837	0
00XAM9	561	Picture	stm,1,1	stm	1	1	14844333	0	1	20173	1	0	next	hit	1150
00XAM9	561	Pulse	255				14854498	10164	0
00XAM9	561	Response	2				14857568	13234	0
00XAM9	562	Pulse	255				14874498	9991	0
00XAM9	563	Picture	stm,1,1	stm	1	1	14879012	0	1	20173	1	0	next	hit	1153
00XAM9	563	Response	2				14887877	8866	0
00XAM9	563	Pulse	255				14894497	15486	0
00XAM9	565	Pulse	255				14914498	1141	0
00XAM9	565	Pulse	255				14934498	21141	0
00XAM9	565	Pulse	255				14954498	41141	0
00XAM9	565	Pulse	255				14974498	61141	0
00XAM9	565	Pulse	255				14994498	81141	0
00XAM9	565	Pulse	255				15014498	101141	0
00XAM9	566	Picture	txt,5,2	txt	5	2	15014557	0	1	20173	1	0	next	other	0
00XAM9	566	Pulse	255				15034498	19940	0
00XAM9	568	Picture	stm,5,2	stm	5	2	15049903	0	1	20173	1	0	next	hit	1165
00XAM9	568	Pulse	255				15054498	4595	0
00XAM9	568	Response	2				15057147	7245	0
00XAM9	569	Pulse	255				15074498	4422	0
00XAM9	570	Picture	stm,5,2	stm	5	2	15084247	0	1	20173	1	0	next	hit	1169
00XAM9	570	Pulse	255				15094498	10250	0
00XAM9	570	Response	2				15098228	13980	0
00XAM9	571	Pulse	255				15114498	10077	0
00XAM9	572	Picture	stm,5,2	stm	5	2	15114758	0	1	20173	1	0	next	hit	1172
00XAM9	572	Response	1				15121628	6870	0
00XAM9	572	Pulse	255				15134498	19740	0
00XAM9	574	Picture	stm,5,2	stm	5	2	15148102	0	1	20173	1	0	next	hit	1176
00XAM9	574	Pulse	255				15154498	6396	0
00XAM9	574	Response	2				15154508	6406	0
00XAM9	575	Pulse	255				15174498	6222	0
00XAM9	576	Pulse	255				15194488	13041	0
00XAM9	576	Pulse	255				15214498	33051	0
00XAM9	576	Pulse	255				15234488	53041	0
00XAM9	576	Pulse	255				15254488	73041	0
00XAM9	576	Pulse	255				15274488	93041	0
00XAM9	577	Picture	txt,6,2	txt	6	2	15275312	0	1	20173	1	0	next	other	0
00XAM9	577	Pulse	255				15294488	19176	0
00XAM9	579	Picture	stm,6,2	stm	6	2	15310657	0	1	20173	1	0	next	hit	1187
00XAM9	579	Pulse	255				15314488	3831	0
00XAM9	579	Response	1				15320298	9641	0
00XAM9	580	Pulse	255				15334488	3657	0
00XAM9	581	Picture	stm,6,2	stm	6	2	15341167	0	1	20173	1	0	next	hit	1190
00XAM9	581	Response	1				15348388	7220	0
00XAM9	581	Pulse	255				15354488	13320	0
00XAM9	583	Picture	stm,6,2	stm	6	2	15371678	0	1	20173	1	0	next	hit	1194
00XAM9	583	Pulse	255				15374488	2810	0
00XAM9	583	Response	1				15380898	9220	0
00XAM9	584	Pulse	255				15394488	2637	0
00XAM9	585	Picture	stm,6,2	stm	6	2	15402521	0	1	20173	1	0	next	hit	1197
00XAM9	585	Response	2				15413198	10677	0
00XAM9	585	Pulse	255				15414488	11966	0
00XAM9	586	Pulse	255				15434488	11793	0
00XAM9	587	Pulse	255				15454488	9619	0
00XAM9	587	Pulse	255				15474488	29619	0
00XAM9	587	Pulse	255				15494488	49619	0
00XAM9	587	Pulse	255				15514488	69619	0
00XAM9	588	Picture	txt,3,3	txt	3	3	15529064	0	1	20173	1	0	next	other	0
00XAM9	588	Pulse	255				15534488	5424	0
00XAM9	589	Pulse	255				15554488	5251	0
00XAM9	590	Picture	stm,3,3	stm	3	3	15564409	0	1	20173	1	0	next	hit	1209
00XAM9	590	Pulse	255				15574488	10079	0
00XAM9	590	Response	1				15578618	14209	0
00XAM9	591	Pulse	255				15594488	9905	0
00XAM9	592	Picture	stm,3,3	stm	3	3	15606257	0	1	20173	1	0	next	hit	1213
00XAM9	592	Pulse	255				15614488	8231	0
00XAM9	592	Response	1				15616978	10721	0
00XAM9	593	Pulse	255				15634488	8058	0
00XAM9	594	Picture	stm,3,3	stm	3	3	15643769	0	1	20173	1	0	next	hit	1216
00XAM9	594	Response	2				15649758	5989	0
00XAM9	594	Pulse	255				15654488	10719	0
00XAM9	595	Pulse	255				15674488	10545	0
00XAM9	596	Picture	stm,3,3	stm	3	3	15682115	0	1	20173	1	0	next	hit	1220
00XAM9	596	Response	2				15691928	9812	0
00XAM9	596	Pulse	255				15694487	12372	0
00XAM9	597	Pulse	255				15714488	12199	0
00XAM9	598	Picture	finish	finish			15722129	0	1	104540	1	0	next	other	0
00XAM9	598	Response	3				15814018	91889	0
