Scenario - 
Logfile written - 03/25/2019 17:19:17

Subject	Trial	Event Type	Code	type(str)	condition(num)	emotion(num)	Time	TTime	Uncertainty	Duration	Uncertainty	ReqTime	ReqDur	Stim Type	Pair Index

0DPYE0	0	Pulse	255				58451	58451	0
0DPYE0	1	Picture	welcome	welcome			58519	0	1	167	1	0	next	other	0
0DPYE0	2	Pulse	255				78451	19764	0
0DPYE0	2	Pulse	255				98450	39764	0
0DPYE0	2	Pulse	255				118451	59764	0
0DPYE0	2	Pulse	255				138450	79764	0
0DPYE0	2	Pulse	255				158450	99764	0
0DPYE0	3	Picture	txt,1,3	txt	1	3	158553	0	1	20173	1	0	next	other	0
0DPYE0	3	Pulse	255				178450	19897	0
0DPYE0	5	Picture	stm,1,3	stm	1	3	193898	0	1	20173	1	0	next	miss	0
0DPYE0	5	Pulse	255				198450	4552	0
0DPYE0	6	Response	1				214720	649	0
0DPYE0	6	Pulse	255				218450	4378	0
0DPYE0	7	Picture	stm,1,3	stm	1	3	227906	0	14	20177	14	0	next	hit	16
0DPYE0	7	Pulse	255				238450	10544	0
0DPYE0	7	Response	2				242990	15083	0
0DPYE0	8	Pulse	255				258450	10367	0
0DPYE0	9	Picture	stm,1,3	stm	1	3	261754	0	1	20173	1	0	next	hit	19
0DPYE0	9	Response	1				277182	15427	0
0DPYE0	9	Pulse	255				278450	16696	0
0DPYE0	11	Picture	stm,1,3	stm	1	3	298100	0	1	20173	1	0	next	hit	23
0DPYE0	11	Pulse	255				298450	351	0
0DPYE0	11	Response	2				308120	10021	0
0DPYE0	12	Pulse	255				318450	177	0
0DPYE0	13	Pulse	255				338450	7006	0
0DPYE0	13	Pulse	255				358450	27006	0
0DPYE0	13	Pulse	255				378450	47006	0
0DPYE0	13	Pulse	255				398450	67006	0
0DPYE0	13	Pulse	255				418450	87006	0
0DPYE0	14	Picture	txt,4,2	txt	4	2	431478	0	1	20173	1	0	next	other	0
0DPYE0	14	Pulse	255				438450	6972	0
0DPYE0	15	Pulse	255				458450	6799	0
0DPYE0	16	Picture	stm,4,2	stm	4	2	466823	0	1	20173	1	0	next	hit	34
0DPYE0	16	Response	1				476380	9557	0
0DPYE0	16	Pulse	255				478449	11626	0
0DPYE0	17	Pulse	255				498450	11454	0
0DPYE0	18	Picture	stm,4,2	stm	4	2	511838	0	1	20173	1	0	next	hit	39
0DPYE0	18	Pulse	255				518450	6612	0
0DPYE0	18	Response	1				519949	8111	0
0DPYE0	19	Pulse	255				538450	6439	0
0DPYE0	20	Picture	stm,4,2	stm	4	2	542682	0	1	20173	1	0	next	hit	42
0DPYE0	20	Response	2				555800	13118	0
0DPYE0	20	Pulse	255				558449	15768	0
0DPYE0	22	Picture	stm,4,2	stm	4	2	577693	0	1	20173	1	0	next	hit	46
0DPYE0	22	Pulse	255				578450	757	0
0DPYE0	22	Response	2				586090	8396	0
0DPYE0	23	Pulse	255				598450	583	0
0DPYE0	24	Pulse	255				618450	5411	0
0DPYE0	24	Pulse	255				638450	25411	0
0DPYE0	24	Pulse	255				658450	45411	0
0DPYE0	24	Pulse	255				678450	65411	0
0DPYE0	24	Pulse	255				698450	85411	0
0DPYE0	25	Picture	txt,2,3	txt	2	3	702569	0	1	20173	1	0	next	other	0
0DPYE0	25	Pulse	255				718450	15881	0
0DPYE0	27	Picture	stm,2,3	stm	2	3	737914	0	1	20173	1	0	next	hit	57
0DPYE0	27	Pulse	255				738450	536	0
0DPYE0	27	Response	1				749400	11486	0
0DPYE0	28	Pulse	255				758450	362	0
0DPYE0	29	Picture	stm,2,3	stm	2	3	771092	0	1	20173	1	0	next	hit	61
0DPYE0	29	Pulse	255				778450	7358	0
0DPYE0	29	Response	1				784930	13838	0
0DPYE0	30	Pulse	255				798450	7185	0
0DPYE0	31	Picture	stm,2,3	stm	2	3	801935	0	1	20173	1	0	next	hit	64
0DPYE0	31	Response	2				813480	11544	0
0DPYE0	31	Pulse	255				818449	16514	0
0DPYE0	32	Pulse	255				838450	16341	0
0DPYE0	33	Picture	stm,2,3	stm	2	3	840281	0	1	20173	1	0	next	miss	0
0DPYE0	33	Pulse	255				858450	18168	0
0DPYE0	34	Response	1				860989	535	0
0DPYE0	35	Pulse	255				878449	5991	0
0DPYE0	35	Pulse	255				898449	25991	0
0DPYE0	35	Pulse	255				918449	45991	0
0DPYE0	35	Pulse	255				938449	65991	0
0DPYE0	36	Picture	txt,4,1	txt	4	1	955820	0	1	20173	1	0	next	other	0
0DPYE0	36	Pulse	255				958449	2629	0
0DPYE0	37	Pulse	255				978449	2456	0
0DPYE0	38	Picture	stm,4,1	stm	4	1	991165	0	1	20173	1	0	next	hit	79
0DPYE0	38	Pulse	255				998449	7284	0
0DPYE0	38	Response	1				1002279	11114	0
0DPYE0	39	Pulse	255				1018449	7111	0
0DPYE0	40	Picture	stm,4,1	stm	4	1	1026510	0	1	20173	1	0	next	hit	83
0DPYE0	40	Pulse	255				1038449	11939	0
0DPYE0	40	Response	1				1040099	13588	0
0DPYE0	42	Picture	stm,4,1	stm	4	1	1058021	0	1	20173	1	0	next	hit	86
0DPYE0	42	Pulse	255				1058449	428	0
0DPYE0	42	Response	2				1071309	13288	0
0DPYE0	43	Pulse	255				1078449	255	0
0DPYE0	44	Picture	stm,4,1	stm	4	1	1089360	0	12	20008	33	0	next	hit	90
0DPYE0	44	Pulse	255				1098449	9090	0
0DPYE0	44	Response	2				1100529	11169	0
0DPYE0	45	Pulse	255				1118449	9081	0
0DPYE0	46	Pulse	255				1138449	12739	0
0DPYE0	46	Pulse	255				1158449	32739	0
0DPYE0	46	Pulse	255				1178449	52739	0
0DPYE0	46	Pulse	255				1198449	72739	0
0DPYE0	46	Pulse	255				1218449	92739	0
0DPYE0	47	Picture	txt,3,1	txt	3	1	1230912	0	1	20173	1	0	next	other	0
0DPYE0	47	Pulse	255				1238449	7537	0
0DPYE0	48	Pulse	255				1258449	7363	0
0DPYE0	49	Picture	stm,3,1	stm	3	1	1266257	0	1	20173	1	0	next	hit	102
0DPYE0	49	Pulse	255				1278449	12192	0
0DPYE0	49	Response	1				1278629	12372	0
0DPYE0	50	Pulse	255				1298449	12018	0
0DPYE0	51	Picture	stm,3,1	stm	3	1	1301269	0	1	20173	1	0	next	hit	105
0DPYE0	51	Response	2				1316009	14740	0
0DPYE0	51	Pulse	255				1318448	17179	0
0DPYE0	52	Pulse	255				1338449	17006	0
0DPYE0	53	Picture	stm,3,1	stm	3	1	1347451	0	1	20173	1	0	next	hit	110
0DPYE0	53	Pulse	255				1358449	10998	0
0DPYE0	53	Response	1				1361368	13917	0
0DPYE0	54	Pulse	255				1378449	10824	0
0DPYE0	55	Picture	stm,3,1	stm	3	1	1383130	0	1	20173	1	0	next	hit	113
0DPYE0	55	Response	1				1394679	11549	0
0DPYE0	55	Pulse	255				1398448	15318	0
0DPYE0	56	Pulse	255				1418449	15145	0
0DPYE0	57	Pulse	255				1438449	18306	0
0DPYE0	57	Pulse	255				1458449	38306	0
0DPYE0	57	Pulse	255				1478449	58306	0
0DPYE0	57	Pulse	255				1498449	78306	0
0DPYE0	57	Pulse	255				1518439	98296	0
0DPYE0	58	Picture	txt,6,1	txt	6	1	1527845	0	1	20173	1	0	next	other	0
0DPYE0	58	Pulse	255				1538439	10594	0
0DPYE0	59	Pulse	255				1558439	10420	0
0DPYE0	60	Picture	stm,6,1	stm	6	1	1563190	0	1	20173	1	0	next	hit	126
0DPYE0	60	Pulse	255				1578439	15248	0
0DPYE0	60	Response	1				1580718	17528	0
0DPYE0	62	Picture	stm,6,1	stm	6	1	1597869	0	1	20173	1	0	next	hit	129
0DPYE0	62	Pulse	255				1598439	570	0
0DPYE0	62	Response	2				1609128	11260	0
0DPYE0	63	Pulse	255				1618438	396	0
0DPYE0	64	Picture	stm,6,1	stm	6	1	1634881	0	1	20173	1	0	next	hit	133
0DPYE0	64	Pulse	255				1638439	3558	0
0DPYE0	64	Response	1				1648758	13877	0
0DPYE0	65	Pulse	255				1658438	3384	0
0DPYE0	66	Picture	stm,6,1	stm	6	1	1666725	0	1	20173	1	0	next	hit	137
0DPYE0	66	Pulse	255				1678438	11713	0
0DPYE0	66	Response	2				1682278	15553	0
0DPYE0	67	Pulse	255				1698438	11540	0
0DPYE0	68	Pulse	255				1718438	7032	0
0DPYE0	68	Pulse	255				1738439	27032	0
0DPYE0	68	Pulse	255				1758438	47032	0
0DPYE0	68	Pulse	255				1778438	67032	0
0DPYE0	68	Pulse	255				1798438	87032	0
0DPYE0	69	Picture	txt,2,2	txt	2	2	1814108	0	1	20173	1	0	next	other	0
0DPYE0	69	Pulse	255				1818438	4331	0
0DPYE0	70	Pulse	255				1838438	4157	0
0DPYE0	71	Picture	stm,2,2	stm	2	2	1849453	0	1	20173	1	0	next	hit	149
0DPYE0	71	Pulse	255				1858438	8985	0
0DPYE0	71	Response	2				1861068	11615	0
0DPYE0	72	Pulse	255				1878438	8812	0
0DPYE0	73	Picture	stm,2,2	stm	2	2	1895302	0	1	20173	1	0	next	hit	153
0DPYE0	73	Pulse	255				1898438	3137	0
0DPYE0	73	Response	1				1901858	6556	0
0DPYE0	74	Pulse	255				1918438	2963	0
0DPYE0	75	Picture	stm,2,2	stm	2	2	1926812	0	1	20173	1	0	next	hit	157
0DPYE0	75	Pulse	255				1938438	11626	0
0DPYE0	75	Response	2				1941188	14375	0
0DPYE0	77	Picture	stm,2,2	stm	2	2	1957489	0	1	20173	1	0	next	hit	160
0DPYE0	77	Pulse	255				1958438	949	0
0DPYE0	77	Response	1				1967808	10319	0
0DPYE0	78	Pulse	255				1978438	775	0
0DPYE0	79	Pulse	255				1998438	8271	0
0DPYE0	79	Pulse	255				2018438	28271	0
0DPYE0	79	Pulse	255				2038438	48271	0
0DPYE0	79	Pulse	255				2058438	68271	0
0DPYE0	79	Pulse	255				2078438	88271	0
0DPYE0	80	Picture	txt,4,3	txt	4	3	2091367	0	1	20173	1	0	next	other	0
0DPYE0	80	Pulse	255				2098438	7071	0
0DPYE0	81	Pulse	255				2118438	6897	0
0DPYE0	82	Picture	stm,4,3	stm	4	3	2126712	0	1	20173	1	0	next	hit	172
0DPYE0	82	Pulse	255				2138438	11725	0
0DPYE0	82	Response	2				2140708	13995	0
0DPYE0	83	Pulse	255				2158438	11552	0
0DPYE0	84	Picture	stm,4,3	stm	4	3	2169393	0	1	20173	1	0	next	hit	176
0DPYE0	84	Pulse	255				2178438	9044	0
0DPYE0	84	Response	1				2180227	10834	0
0DPYE0	85	Pulse	255				2198438	8871	0
0DPYE0	86	Picture	stm,4,3	stm	4	3	2199904	0	1	20173	1	0	next	hit	179
0DPYE0	86	Response	2				2211048	11144	0
0DPYE0	86	Pulse	255				2218438	18534	0
0DPYE0	88	Picture	stm,4,3	stm	4	3	2236572	0	17	20017	17	0	next	hit	183
0DPYE0	88	Pulse	255				2238438	1866	0
0DPYE0	88	Response	1				2256278	19706	0
0DPYE0	89	Pulse	255				2258438	1848	0
0DPYE0	90	Pulse	255				2278438	7844	0
0DPYE0	90	Pulse	255				2298438	27844	0
0DPYE0	90	Pulse	255				2318438	47844	0
0DPYE0	90	Pulse	255				2338438	67844	0
0DPYE0	91	Picture	txt,5,2	txt	5	2	2354789	0	1	20173	1	0	next	other	0
0DPYE0	91	Pulse	255				2358438	3649	0
0DPYE0	92	Pulse	255				2378437	3475	0
0DPYE0	93	Picture	stm,5,2	stm	5	2	2390134	0	1	20173	1	0	next	hit	194
0DPYE0	93	Pulse	255				2398437	8303	0
0DPYE0	93	Response	1				2400487	10353	0
0DPYE0	94	Pulse	255				2418437	8130	0
0DPYE0	94	Pulse	255				2438437	28130	0
0DPYE0	95	Picture	stm,5,2	stm	5	2	2439640	0	11	20008	33	0	next	hit	198
0DPYE0	95	Response	2				2449007	9367	0
0DPYE0	95	Pulse	255				2458437	18797	0
0DPYE0	97	Picture	stm,5,2	stm	5	2	2476496	0	1	20173	1	0	next	hit	202
0DPYE0	97	Pulse	255				2478437	1941	0
0DPYE0	97	Response	2				2486897	10401	0
0DPYE0	98	Pulse	255				2498437	1768	0
0DPYE0	99	Picture	stm,5,2	stm	5	2	2507673	0	1	20173	1	0	next	hit	205
0DPYE0	99	Response	1				2518307	10634	0
0DPYE0	99	Pulse	255				2518437	10763	0
0DPYE0	100	Pulse	255				2538437	10591	0
0DPYE0	101	Pulse	255				2558437	19420	0
0DPYE0	101	Pulse	255				2578437	39420	0
0DPYE0	101	Pulse	255				2598437	59420	0
0DPYE0	101	Pulse	255				2618437	79420	0
0DPYE0	102	Picture	txt,1,1	txt	1	1	2630881	0	1	20173	1	0	next	other	0
0DPYE0	102	Pulse	255				2638437	7556	0
0DPYE0	103	Pulse	255				2658437	7382	0
0DPYE0	104	Picture	stm,1,1	stm	1	1	2666227	0	1	20173	1	0	next	hit	216
0DPYE0	104	Response	2				2677687	11461	0
0DPYE0	104	Pulse	255				2678437	12210	0
0DPYE0	105	Pulse	255				2698437	12037	0
0DPYE0	106	Picture	stm,1,1	stm	1	1	2705573	0	1	20173	1	0	next	hit	220
0DPYE0	106	Response	2				2717857	12284	0
0DPYE0	106	Pulse	255				2718436	12863	0
0DPYE0	107	Pulse	255				2738437	12691	0
0DPYE0	108	Picture	stm,1,1	stm	1	1	2742085	0	1	20173	1	0	next	hit	224
0DPYE0	108	Response	1				2751327	9242	0
0DPYE0	108	Pulse	255				2758437	16352	0
0DPYE0	110	Picture	stm,1,1	stm	1	1	2773262	0	1	20173	1	0	next	hit	228
0DPYE0	110	Pulse	255				2778437	5175	0
0DPYE0	110	Response	1				2783786	10524	0
0DPYE0	111	Pulse	255				2798437	5001	0
0DPYE0	112	Pulse	255				2818437	6662	0
0DPYE0	112	Pulse	255				2838437	26662	0
0DPYE0	112	Pulse	255				2858437	46662	0
0DPYE0	112	Pulse	255				2878437	66662	0
0DPYE0	112	Pulse	255				2898437	86662	0
0DPYE0	113	Picture	txt,6,2	txt	6	2	2912476	0	1	20173	1	0	next	other	0
0DPYE0	113	Pulse	255				2918437	5961	0
0DPYE0	114	Pulse	255				2938437	5788	0
0DPYE0	115	Picture	stm,6,2	stm	6	2	2947821	0	1	20173	1	0	next	hit	240
0DPYE0	115	Pulse	255				2958437	10616	0
0DPYE0	115	Response	1				2961726	13905	0
0DPYE0	116	Pulse	255				2978437	10442	0
0DPYE0	117	Picture	stm,6,2	stm	6	2	2994670	0	1	20173	1	0	next	hit	244
0DPYE0	117	Pulse	255				2998437	3767	0
0DPYE0	117	Response	1				3005196	10527	0
0DPYE0	118	Pulse	255				3018437	3594	0
0DPYE0	119	Picture	stm,6,2	stm	6	2	3027181	0	1	20173	1	0	next	hit	247
0DPYE0	119	Response	1				3036847	9666	0
0DPYE0	119	Pulse	255				3038436	11256	0
0DPYE0	120	Pulse	255				3058437	11082	0
0DPYE0	121	Picture	stm,6,2	stm	6	2	3060525	0	1	20173	1	0	next	hit	251
0DPYE0	121	Response	1				3076806	16281	0
0DPYE0	121	Pulse	255				3078436	17911	0
0DPYE0	122	Pulse	255				3098436	17738	0
0DPYE0	123	Pulse	255				3118436	11062	0
0DPYE0	123	Pulse	255				3138436	31062	0
0DPYE0	123	Pulse	255				3158437	51062	0
0DPYE0	123	Pulse	255				3178436	71062	0
0DPYE0	123	Pulse	255				3198436	91062	0
0DPYE0	124	Picture	txt,2,1	txt	2	1	3201239	0	1	20173	1	0	next	other	0
0DPYE0	124	Pulse	255				3218436	17197	0
0DPYE0	126	Picture	stm,2,1	stm	2	1	3236584	0	1	20173	1	0	next	hit	263
0DPYE0	126	Pulse	255				3238436	1852	0
0DPYE0	126	Response	1				3249906	13322	0
0DPYE0	127	Pulse	255				3258436	1679	0
0DPYE0	128	Picture	stm,2,1	stm	2	1	3271763	0	1	20173	1	0	next	hit	267
0DPYE0	128	Pulse	255				3278436	6674	0
0DPYE0	128	Response	2				3286596	14833	0
0DPYE0	129	Pulse	255				3298436	6500	0
0DPYE0	130	Picture	stm,2,1	stm	2	1	3310442	0	1	20173	1	0	next	hit	271
0DPYE0	130	Pulse	255				3318436	7994	0
0DPYE0	130	Response	1				3321236	10794	0
0DPYE0	131	Pulse	255				3338436	7820	0
0DPYE0	132	Picture	stm,2,1	stm	2	1	3343287	0	1	20173	1	0	next	hit	274
0DPYE0	132	Response	2				3354606	11319	0
0DPYE0	132	Pulse	255				3358436	15149	0
0DPYE0	134	Pulse	255				3378436	138	0
0DPYE0	134	Pulse	255				3398436	20138	0
0DPYE0	134	Pulse	255				3418436	40138	0
0DPYE0	134	Pulse	255				3438436	60138	0
0DPYE0	134	Pulse	255				3458436	80138	0
0DPYE0	135	Picture	txt,1,2	txt	1	2	3477332	0	1	20173	1	0	next	other	0
0DPYE0	135	Pulse	255				3478436	1104	0
0DPYE0	136	Pulse	255				3498436	931	0
0DPYE0	137	Picture	stm,1,2	stm	1	2	3512677	0	1	20173	1	0	next	hit	286
0DPYE0	137	Pulse	255				3518436	5759	0
0DPYE0	137	Response	1				3519685	7008	0
0DPYE0	138	Pulse	255				3538436	5586	0
0DPYE0	139	Picture	stm,1,2	stm	1	2	3550690	0	1	20173	1	0	next	hit	290
0DPYE0	139	Pulse	255				3558436	7746	0
0DPYE0	139	Response	2				3566636	15946	0
0DPYE0	140	Pulse	255				3578436	7573	0
0DPYE0	141	Picture	stm,1,2	stm	1	2	3585368	0	1	20173	1	0	next	miss	0
0DPYE0	141	Pulse	255				3598436	13068	0
0DPYE0	142	Response	2				3607846	2305	0
0DPYE0	142	Pulse	255				3618436	12895	0
0DPYE0	143	Picture	stm,1,2	stm	1	2	3619204	0	10	20016	10	0	next	hit	297
0DPYE0	143	Response	1				3629206	10002	0
0DPYE0	143	Pulse	255				3638436	19232	0
0DPYE0	145	Pulse	255				3658436	8380	0
0DPYE0	145	Pulse	255				3678436	28380	0
0DPYE0	145	Pulse	255				3698436	48380	0
0DPYE0	145	Pulse	255				3718436	68380	0
0DPYE0	145	Pulse	255				3738436	88380	0
0DPYE0	146	Picture	txt,5,3	txt	5	3	3738586	0	1	20173	1	0	next	other	0
0DPYE0	146	Pulse	255				3758436	19850	0
0DPYE0	148	Picture	stm,5,3	stm	5	3	3773931	0	1	20173	1	0	next	hit	308
0DPYE0	148	Pulse	255				3778436	4505	0
0DPYE0	148	Response	2				3787226	13295	0
0DPYE0	149	Pulse	255				3798426	4321	0
0DPYE0	150	Picture	stm,5,3	stm	5	3	3808443	0	1	20173	1	0	next	hit	312
0DPYE0	150	Pulse	255				3818436	9993	0
0DPYE0	150	Response	1				3820935	12492	0
0DPYE0	151	Pulse	255				3838426	9810	0
0DPYE0	152	Picture	stm,5,3	stm	5	3	3840620	0	1	20173	1	0	next	hit	315
0DPYE0	152	Response	2				3852915	12295	0
0DPYE0	152	Pulse	255				3858436	17816	0
0DPYE0	154	Picture	stm,5,3	stm	5	3	3873298	0	1	20173	1	0	next	miss	0
0DPYE0	154	Pulse	255				3878436	5138	0
0DPYE0	155	Response	1				3894726	1255	0
0DPYE0	155	Pulse	255				3898425	4954	0
0DPYE0	156	Pulse	255				3918426	13617	0
0DPYE0	156	Pulse	255				3938425	33617	0
0DPYE0	156	Pulse	255				3958425	53617	0
0DPYE0	156	Pulse	255				3978425	73617	0
0DPYE0	157	Picture	txt,6,3	txt	6	3	3989003	0	1	20173	1	0	next	other	0
0DPYE0	157	Pulse	255				3998425	9422	0
0DPYE0	158	Pulse	255				4018425	9249	0
0DPYE0	159	Picture	stm,6,3	stm	6	3	4024348	0	1	20173	1	0	next	miss	0
0DPYE0	159	Pulse	255				4038425	14077	0
0DPYE0	160	Response	1				4045905	1384	0
0DPYE0	161	Picture	stm,6,3	stm	6	3	4057026	0	1	20173	1	0	next	hit	333
0DPYE0	161	Pulse	255				4058425	1399	0
0DPYE0	161	Response	1				4070325	13299	0
0DPYE0	162	Pulse	255				4078425	1226	0
0DPYE0	163	Picture	stm,6,3	stm	6	3	4092871	0	1	20173	1	0	next	hit	337
0DPYE0	163	Pulse	255				4098425	5554	0
0DPYE0	163	Response	1				4105035	12163	0
0DPYE0	164	Pulse	255				4118425	5381	0
0DPYE0	165	Picture	stm,6,3	stm	6	3	4123537	0	20	20008	30	0	next	hit	340
0DPYE0	165	Response	1				4132875	9338	0
0DPYE0	165	Pulse	255				4138425	14888	0
0DPYE0	167	Pulse	255				4158425	4700	0
0DPYE0	167	Pulse	255				4178425	24700	0
0DPYE0	167	Pulse	255				4198425	44700	0
0DPYE0	167	Pulse	255				4218425	64700	0
0DPYE0	167	Pulse	255				4238425	84700	0
0DPYE0	168	Picture	txt,3,2	txt	3	2	4240587	0	1	20173	1	0	next	other	0
0DPYE0	168	Pulse	255				4258425	17838	0
0DPYE0	170	Picture	stm,3,2	stm	3	2	4275933	0	1	20173	1	0	next	hit	351
0DPYE0	170	Pulse	255				4278425	2492	0
0DPYE0	170	Response	1				4289415	13482	0
0DPYE0	171	Pulse	255				4298425	2319	0
0DPYE0	172	Picture	stm,3,2	stm	3	2	4314779	0	1	20173	1	0	next	hit	355
0DPYE0	172	Pulse	255				4318425	3646	0
0DPYE0	172	Response	1				4325265	10486	0
0DPYE0	173	Pulse	255				4338425	3473	0
0DPYE0	174	Picture	stm,3,2	stm	3	2	4349457	0	1	20173	1	0	next	hit	359
0DPYE0	174	Pulse	255				4358425	8968	0
0DPYE0	174	Response	2				4359304	9847	0
0DPYE0	175	Pulse	255				4378425	8794	0
0DPYE0	176	Picture	stm,3,2	stm	3	2	4383135	0	1	20173	1	0	next	hit	362
0DPYE0	176	Response	2				4395035	11900	0
0DPYE0	176	Pulse	255				4398424	15289	0
0DPYE0	178	Pulse	255				4418425	4946	0
0DPYE0	178	Pulse	255				4438425	24946	0
0DPYE0	178	Pulse	255				4458425	44946	0
0DPYE0	178	Pulse	255				4478425	64946	0
0DPYE0	178	Pulse	255				4498425	84946	0
0DPYE0	179	Picture	txt,5,1	txt	5	1	4507844	0	1	20173	1	0	next	other	0
0DPYE0	179	Pulse	255				4518425	10581	0
0DPYE0	180	Pulse	255				4538425	10408	0
0DPYE0	181	Picture	stm,5,1	stm	5	1	4543189	0	1	20173	1	0	next	hit	373
0DPYE0	181	Response	2				4553615	10426	0
0DPYE0	181	Pulse	255				4558425	15236	0
0DPYE0	183	Picture	stm,5,1	stm	5	1	4575033	0	1	20173	1	0	next	hit	377
0DPYE0	183	Pulse	255				4578425	3392	0
0DPYE0	183	Response	1				4585725	10692	0
0DPYE0	184	Pulse	255				4598424	3218	0
0DPYE0	185	Picture	stm,5,1	stm	5	1	4606043	0	1	20173	1	0	next	hit	381
0DPYE0	185	Pulse	255				4618424	12381	0
0DPYE0	185	Response	1				4624175	18131	0
0DPYE0	187	Picture	stm,5,1	stm	5	1	4636720	0	1	20173	1	0	next	hit	384
0DPYE0	187	Pulse	255				4638424	1704	0
0DPYE0	187	Response	1				4654475	17754	0
0DPYE0	188	Pulse	255				4658424	1531	0
0DPYE0	189	Pulse	255				4678424	8360	0
0DPYE0	189	Pulse	255				4698424	28360	0
0DPYE0	189	Pulse	255				4718424	48360	0
0DPYE0	189	Pulse	255				4738424	68360	0
0DPYE0	189	Pulse	255				4758424	88360	0
0DPYE0	190	Picture	txt,3,3	txt	3	3	4770432	0	1	20173	1	0	next	other	0
0DPYE0	190	Pulse	255				4778424	7993	0
0DPYE0	191	Pulse	255				4798424	7819	0
0DPYE0	192	Picture	stm,3,3	stm	3	3	4805777	0	1	20173	1	0	next	hit	396
0DPYE0	192	Pulse	255				4818424	12647	0
0DPYE0	192	Response	2				4822124	16347	0
0DPYE0	193	Pulse	255				4838424	12474	0
0DPYE0	194	Picture	stm,3,3	stm	3	3	4839955	0	1	20173	1	0	next	hit	399
0DPYE0	194	Response	2				4850644	10689	0
0DPYE0	194	Pulse	255				4858424	18469	0
0DPYE0	196	Picture	stm,3,3	stm	3	3	4874300	0	1	20173	1	0	next	hit	403
0DPYE0	196	Pulse	255				4878424	4124	0
0DPYE0	196	Response	2				4883254	8954	0
0DPYE0	197	Pulse	255				4898424	3951	0
0DPYE0	198	Picture	stm,3,3	stm	3	3	4908478	0	1	20173	1	0	next	hit	407
0DPYE0	198	Pulse	255				4918424	9946	0
0DPYE0	198	Response	1				4922764	14286	0
0DPYE0	200	Picture	break	break			4946642	0	17	24690	17	0	next	other	0
0DPYE0	200	Response	3				4971171	24528	0
0DPYE0	201	Pulse	255				5158164	186832	0
0DPYE0	201	Pulse	255				5178164	206831	0
0DPYE0	201	Pulse	255				5198164	226832	0
0DPYE0	201	Pulse	255				5218164	246831	0
0DPYE0	201	Pulse	255				5238164	266831	0
0DPYE0	202	Picture	txt,3,1	txt	3	1	5238255	0	1	20173	1	0	next	other	0
0DPYE0	202	Pulse	255				5258164	19909	0
0DPYE0	204	Picture	stm,3,1	stm	3	1	5273600	0	1	20173	1	0	next	hit	419
0DPYE0	204	Pulse	255				5278164	4563	0
0DPYE0	204	Response	1				5282613	9013	0
0DPYE0	205	Pulse	255				5298164	4390	0
0DPYE0	205	Pulse	255				5318164	24390	0
0DPYE0	206	Picture	stm,3,1	stm	3	1	5318282	0	1	20173	1	0	next	hit	423
0DPYE0	206	Response	1				5328413	10132	0
0DPYE0	206	Pulse	255				5338163	19882	0
0DPYE0	208	Picture	stm,3,1	stm	3	1	5354794	0	1	20173	1	0	next	hit	427
0DPYE0	208	Pulse	255				5358163	3369	0
0DPYE0	208	Response	1				5363043	8249	0
0DPYE0	209	Pulse	255				5378163	3196	0
0DPYE0	210	Picture	stm,3,1	stm	3	1	5396641	0	1	20173	1	0	next	hit	431
0DPYE0	210	Pulse	255				5398163	1522	0
0DPYE0	210	Response	1				5405863	9222	0
0DPYE0	211	Pulse	255				5418163	1349	0
0DPYE0	212	Pulse	255				5438163	9678	0
0DPYE0	212	Pulse	255				5458163	29678	0
0DPYE0	212	Pulse	255				5478163	49678	0
0DPYE0	212	Pulse	255				5498163	69678	0
0DPYE0	212	Pulse	255				5518163	89678	0
0DPYE0	213	Picture	txt,6,3	txt	6	3	5533687	0	1	20173	1	0	next	other	0
0DPYE0	213	Pulse	255				5538163	4476	0
0DPYE0	214	Pulse	255				5558163	4302	0
0DPYE0	215	Picture	stm,6,3	stm	6	3	5569032	0	1	20173	1	0	next	hit	443
0DPYE0	215	Pulse	255				5578163	9131	0
0DPYE0	215	Response	2				5579233	10200	0
0DPYE0	216	Pulse	255				5598163	8957	0
0DPYE0	217	Picture	stm,6,3	stm	6	3	5607212	0	1	20173	1	0	next	hit	446
0DPYE0	217	Response	2				5615033	7821	0
0DPYE0	217	Pulse	255				5618163	10951	0
0DPYE0	218	Pulse	255				5638163	10778	0
0DPYE0	219	Picture	stm,6,3	stm	6	3	5641890	0	1	20173	1	0	next	hit	451
0DPYE0	219	Pulse	255				5658163	16273	0
0DPYE0	219	Response	1				5661423	19532	0
0DPYE0	220	Pulse	255				5678163	16099	0
0DPYE0	221	Picture	stm,6,3	stm	6	3	5678402	0	1	20173	1	0	next	hit	454
0DPYE0	221	Response	1				5686623	8220	0
0DPYE0	221	Pulse	255				5698163	19761	0
0DPYE0	223	Pulse	255				5718163	8917	0
0DPYE0	223	Pulse	255				5738163	28917	0
0DPYE0	223	Pulse	255				5758163	48917	0
0DPYE0	223	Pulse	255				5778163	68917	0
0DPYE0	224	Picture	txt,2,1	txt	2	1	5796109	0	1	20173	1	0	next	other	0
0DPYE0	224	Pulse	255				5798163	2054	0
0DPYE0	225	Pulse	255				5818163	1881	0
0DPYE0	226	Picture	stm,2,1	stm	2	1	5831454	0	1	20173	1	0	next	hit	465
0DPYE0	226	Pulse	255				5838163	6709	0
0DPYE0	226	Response	2				5839482	8029	0
0DPYE0	226	Response	1				5849643	18189	0
0DPYE0	227	Pulse	255				5858163	6536	0
0DPYE0	228	Picture	stm,2,1	stm	2	1	5873968	0	1	20173	1	0	next	hit	470
0DPYE0	228	Pulse	255				5878163	4195	0
0DPYE0	228	Response	1				5888363	14395	0
0DPYE0	229	Pulse	255				5898163	4021	0
0DPYE0	230	Picture	stm,2,1	stm	2	1	5905145	0	1	20173	1	0	next	hit	473
0DPYE0	230	Response	2				5913863	8718	0
0DPYE0	230	Pulse	255				5918163	13018	0
0DPYE0	232	Picture	stm,2,1	stm	2	1	5937981	0	17	20015	17	0	next	hit	477
0DPYE0	232	Pulse	255				5938163	182	0
0DPYE0	232	Response	1				5948773	10792	0
0DPYE0	233	Pulse	255				5958163	167	0
0DPYE0	234	Pulse	255				5978163	9830	0
0DPYE0	234	Pulse	255				5998153	29820	0
0DPYE0	234	Pulse	255				6018153	49820	0
0DPYE0	234	Pulse	255				6038153	69820	0
0DPYE0	234	Pulse	255				6058153	89820	0
0DPYE0	235	Picture	txt,4,3	txt	4	3	6062698	0	1	20173	1	0	next	other	0
0DPYE0	235	Pulse	255				6078153	15455	0
0DPYE0	237	Picture	stm,4,3	stm	4	3	6098043	0	1	20173	1	0	next	hit	488
0DPYE0	237	Pulse	255				6098153	110	0
0DPYE0	237	Response	2				6108333	10290	0
0DPYE0	237	Pulse	255				6118153	20109	0
0DPYE0	239	Picture	stm,4,3	stm	4	3	6135556	0	1	20173	1	0	next	miss	0
0DPYE0	239	Pulse	255				6138152	2597	0
0DPYE0	240	Response	2				6156863	1134	0
0DPYE0	240	Pulse	255				6158152	2423	0
0DPYE0	241	Picture	stm,4,3	stm	4	3	6167400	0	1	20173	1	0	next	hit	496
0DPYE0	241	Pulse	255				6178152	10753	0
0DPYE0	241	Response	2				6180932	13532	0
0DPYE0	242	Pulse	255				6198152	10579	0
0DPYE0	243	Picture	stm,4,3	stm	4	3	6204579	0	1	20173	1	0	next	hit	499
0DPYE0	243	Response	2				6215172	10594	0
0DPYE0	243	Pulse	255				6218152	13573	0
0DPYE0	245	Pulse	255				6238152	1229	0
0DPYE0	245	Pulse	255				6258152	21229	0
0DPYE0	245	Pulse	255				6278152	41229	0
0DPYE0	245	Pulse	255				6298152	61229	0
0DPYE0	245	Pulse	255				6318152	81229	0
0DPYE0	246	Picture	txt,2,2	txt	2	2	6321118	0	1	20173	1	0	next	other	0
0DPYE0	246	Pulse	255				6338152	17034	0
0DPYE0	248	Picture	stm,2,2	stm	2	2	6356463	0	1	20173	1	0	next	hit	510
0DPYE0	248	Pulse	255				6358152	1689	0
0DPYE0	248	Response	1				6364132	7669	0
0DPYE0	249	Pulse	255				6378152	1516	0
0DPYE0	250	Picture	stm,2,2	stm	2	2	6394142	0	1	20173	1	0	next	hit	514
0DPYE0	250	Pulse	255				6398152	4010	0
0DPYE0	250	Response	1				6400632	6489	0
0DPYE0	251	Pulse	255				6418152	3837	0
0DPYE0	252	Picture	stm,2,2	stm	2	2	6425653	0	1	20173	1	0	next	hit	517
0DPYE0	252	Response	1				6434692	9039	0
0DPYE0	252	Pulse	255				6438152	12499	0
0DPYE0	253	Pulse	255				6458152	12326	0
0DPYE0	254	Picture	stm,2,2	stm	2	2	6472168	0	1	20173	1	0	next	hit	522
0DPYE0	254	Pulse	255				6478152	5984	0
0DPYE0	254	Response	2				6480721	8553	0
0DPYE0	255	Pulse	255				6498152	5810	0
0DPYE0	256	Pulse	255				6518152	12306	0
0DPYE0	256	Pulse	255				6538152	32305	0
0DPYE0	256	Pulse	255				6558152	52306	0
0DPYE0	256	Pulse	255				6578152	72306	0
0DPYE0	256	Pulse	255				6598152	92305	0
0DPYE0	257	Picture	txt,5,2	txt	5	2	6605880	0	1	20173	1	0	next	other	0
0DPYE0	257	Pulse	255				6618152	12272	0
0DPYE0	258	Pulse	255				6638152	12098	0
0DPYE0	259	Picture	stm,5,2	stm	5	2	6641225	0	1	20173	1	0	next	hit	533
0DPYE0	259	Response	1				6650532	9307	0
0DPYE0	259	Pulse	255				6658152	16927	0
0DPYE0	261	Picture	stm,5,2	stm	5	2	6677070	0	1	20173	1	0	next	hit	537
0DPYE0	261	Pulse	255				6678152	1081	0
0DPYE0	261	Response	1				6687112	10041	0
0DPYE0	262	Pulse	255				6698152	908	0
0DPYE0	263	Picture	stm,5,2	stm	5	2	6708748	0	1	20173	1	0	next	hit	541
0DPYE0	263	Pulse	255				6718152	9404	0
0DPYE0	263	Response	2				6721742	12994	0
0DPYE0	264	Pulse	255				6738152	9230	0
0DPYE0	265	Picture	stm,5,2	stm	5	2	6739925	0	1	20173	1	0	next	hit	544
0DPYE0	265	Response	2				6756322	16397	0
0DPYE0	265	Pulse	255				6758152	18227	0
0DPYE0	267	Pulse	255				6778151	5716	0
0DPYE0	267	Pulse	255				6798151	25716	0
0DPYE0	267	Pulse	255				6818152	45716	0
0DPYE0	267	Pulse	255				6838152	65716	0
0DPYE0	267	Pulse	255				6858151	85716	0
0DPYE0	268	Picture	txt,3,2	txt	3	2	6872803	0	1	20173	1	0	next	other	0
0DPYE0	268	Pulse	255				6878151	5349	0
0DPYE0	269	Pulse	255				6898151	5175	0
0DPYE0	270	Picture	stm,3,2	stm	3	2	6908148	0	1	20173	1	0	next	hit	556
0DPYE0	270	Pulse	255				6918151	10004	0
0DPYE0	270	Response	2				6924921	16774	0
0DPYE0	271	Pulse	255				6938151	9830	0
0DPYE0	272	Picture	stm,3,2	stm	3	2	6943826	0	1	20173	1	0	next	hit	559
0DPYE0	272	Response	2				6953001	9175	0
0DPYE0	272	Pulse	255				6958151	14325	0
0DPYE0	273	Pulse	255				6978151	14151	0
0DPYE0	274	Picture	stm,3,2	stm	3	2	6980505	0	1	20173	1	0	next	hit	563
0DPYE0	274	Response	2				6990871	10366	0
0DPYE0	274	Pulse	255				6998151	17646	0
0DPYE0	276	Picture	stm,3,2	stm	3	2	7014850	0	1	20173	1	0	next	hit	567
0DPYE0	276	Pulse	255				7018151	3301	0
0DPYE0	276	Response	1				7031011	16161	0
0DPYE0	277	Pulse	255				7038151	3128	0
0DPYE0	278	Pulse	255				7058151	787	0
0DPYE0	278	Pulse	255				7078151	20787	0
0DPYE0	278	Pulse	255				7098151	40787	0
0DPYE0	278	Pulse	255				7118151	60787	0
0DPYE0	278	Pulse	255				7138151	80787	0
0DPYE0	278	Pulse	255				7158151	100787	0
0DPYE0	279	Picture	txt,6,1	txt	6	1	7165067	0	1	20173	1	0	next	other	0
0DPYE0	279	Pulse	255				7178151	13084	0
0DPYE0	280	Pulse	255				7198151	12910	0
0DPYE0	281	Picture	stm,6,1	stm	6	1	7200412	0	1	20173	1	0	next	hit	579
0DPYE0	281	Response	1				7209751	9339	0
0DPYE0	281	Pulse	255				7218151	17738	0
0DPYE0	283	Picture	stm,6,1	stm	6	1	7231423	0	1	20173	1	0	next	hit	583
0DPYE0	283	Pulse	255				7238151	6728	0
0DPYE0	283	Response	2				7242151	10728	0
0DPYE0	284	Pulse	255				7258151	6555	0
0DPYE0	285	Picture	stm,6,1	stm	6	1	7263267	0	1	20173	1	0	next	hit	586
0DPYE0	285	Response	1				7270661	7394	0
0DPYE0	285	Pulse	255				7278151	14884	0
0DPYE0	287	Picture	stm,6,1	stm	6	1	7295944	0	1	20173	1	0	next	hit	590
0DPYE0	287	Pulse	255				7298151	2206	0
0DPYE0	287	Response	2				7306481	10536	0
0DPYE0	288	Pulse	255				7318151	2033	0
0DPYE0	289	Pulse	255				7338151	8862	0
0DPYE0	289	Pulse	255				7358151	28862	0
0DPYE0	289	Pulse	255				7378151	48862	0
0DPYE0	289	Pulse	255				7398151	68862	0
0DPYE0	290	Picture	txt,4,1	txt	4	1	7412650	0	1	20173	1	0	next	other	0
0DPYE0	290	Pulse	255				7418151	5500	0
0DPYE0	291	Pulse	255				7438151	5327	0
0DPYE0	292	Picture	stm,4,1	stm	4	1	7447995	0	1	20173	1	0	next	hit	601
0DPYE0	292	Pulse	255				7458151	10155	0
0DPYE0	292	Response	2				7461270	13275	0
0DPYE0	293	Pulse	255				7478151	9982	0
0DPYE0	294	Picture	stm,4,1	stm	4	1	7494178	0	1	20173	1	0	next	hit	605
0DPYE0	294	Pulse	255				7498151	3973	0
0DPYE0	294	Response	2				7504180	10003	0
0DPYE0	295	Pulse	255				7518151	3800	0
0DPYE0	296	Picture	stm,4,1	stm	4	1	7525021	0	1	20173	1	0	next	hit	608
0DPYE0	296	Response	1				7536961	11939	0
0DPYE0	296	Pulse	255				7538151	13129	0
0DPYE0	298	Picture	stm,4,1	stm	4	1	7555531	0	1	20173	1	0	next	hit	612
0DPYE0	298	Pulse	255				7558150	2619	0
0DPYE0	298	Response	1				7562580	7049	0
0DPYE0	299	Pulse	255				7578150	2446	0
0DPYE0	300	Pulse	255				7598150	10108	0
0DPYE0	300	Pulse	255				7618150	30108	0
0DPYE0	300	Pulse	255				7638150	50108	0
0DPYE0	300	Pulse	255				7658150	70108	0
0DPYE0	300	Pulse	255				7678150	90108	0
0DPYE0	301	Picture	txt,1,1	txt	1	1	7688743	0	1	20173	1	0	next	other	0
0DPYE0	301	Pulse	255				7698150	9408	0
0DPYE0	302	Pulse	255				7718150	9234	0
0DPYE0	303	Picture	stm,1,1	stm	1	1	7724088	0	1	20173	1	0	next	hit	623
0DPYE0	303	Response	2				7733280	9192	0
0DPYE0	303	Pulse	255				7738150	14062	0
0DPYE0	304	Pulse	255				7758150	13889	0
0DPYE0	305	Picture	stm,1,1	stm	1	1	7760100	0	1	20173	1	0	next	hit	627
0DPYE0	305	Response	1				7772810	12710	0
0DPYE0	305	Pulse	255				7778150	18050	0
0DPYE0	307	Picture	stm,1,1	stm	1	1	7792944	0	1	20173	1	0	next	hit	631
0DPYE0	307	Pulse	255				7798150	5206	0
0DPYE0	307	Response	1				7808250	15306	0
0DPYE0	308	Pulse	255				7818150	5032	0
0DPYE0	309	Picture	stm,1,1	stm	1	1	7826289	0	1	20173	1	0	next	hit	635
0DPYE0	309	Pulse	255				7838150	11861	0
0DPYE0	309	Response	1				7838250	11962	0
0DPYE0	311	Pulse	255				7858150	851	0
0DPYE0	311	Pulse	255				7878150	20851	0
0DPYE0	311	Pulse	255				7898150	40851	0
0DPYE0	311	Pulse	255				7918150	60851	0
0DPYE0	311	Pulse	255				7938150	80851	0
0DPYE0	312	Picture	txt,3,3	txt	3	3	7956332	0	1	20173	1	0	next	other	0
0DPYE0	312	Pulse	255				7958150	1818	0
0DPYE0	313	Pulse	255				7978150	1644	0
0DPYE0	314	Picture	stm,3,3	stm	3	3	7991678	0	1	20173	1	0	next	hit	646
0DPYE0	314	Pulse	255				7998150	6473	0
0DPYE0	314	Response	2				8002750	11072	0
0DPYE0	315	Pulse	255				8018150	6299	0
0DPYE0	315	Pulse	255				8038150	26300	0
0DPYE0	316	Picture	stm,3,3	stm	3	3	8039027	0	1	20173	1	0	next	miss	0
0DPYE0	316	Pulse	255				8058150	19123	0
0DPYE0	317	Pulse	255				8078150	18950	0
0DPYE0	318	Picture	stm,3,3	stm	3	3	8081208	0	1	20173	1	0	next	hit	653
0DPYE0	318	Response	2				8096990	15782	0
0DPYE0	318	Pulse	255				8098150	16942	0
0DPYE0	320	Picture	stm,3,3	stm	3	3	8114885	0	1	20173	1	0	next	hit	657
0DPYE0	320	Pulse	255				8118150	3264	0
0DPYE0	320	Response	2				8124150	9264	0
0DPYE0	321	Pulse	255				8138150	3091	0
0DPYE0	322	Pulse	255				8158150	9586	0
0DPYE0	322	Pulse	255				8178150	29586	0
0DPYE0	322	Pulse	255				8198150	49586	0
0DPYE0	322	Pulse	255				8218150	69586	0
0DPYE0	322	Pulse	255				8238150	89586	0
0DPYE0	323	Picture	txt,5,3	txt	5	3	8240428	0	1	20173	1	0	next	other	0
0DPYE0	323	Pulse	255				8258150	17722	0
0DPYE0	325	Picture	stm,5,3	stm	5	3	8275773	0	1	20173	1	0	next	hit	668
0DPYE0	325	Pulse	255				8278140	2367	0
0DPYE0	325	Response	2				8287940	12167	0
0DPYE0	326	Pulse	255				8298140	2193	0
0DPYE0	327	Picture	stm,5,3	stm	5	3	8309284	0	1	20173	1	0	next	hit	672
0DPYE0	327	Pulse	255				8318140	8856	0
0DPYE0	327	Response	1				8321620	12336	0
0DPYE0	328	Pulse	255				8338140	8682	0
0DPYE0	329	Picture	stm,5,3	stm	5	3	8346296	0	1	20173	1	0	next	hit	676
0DPYE0	329	Pulse	255				8358139	11843	0
0DPYE0	329	Response	2				8359929	13633	0
0DPYE0	331	Picture	stm,5,3	stm	5	3	8377807	0	1	20173	1	0	next	miss	0
0DPYE0	331	Pulse	255				8378140	333	0
0DPYE0	332	Pulse	255				8398139	159	0
0DPYE0	332	Response	1				8398250	270	0
0DPYE0	333	Pulse	255				8418139	6488	0
0DPYE0	333	Pulse	255				8438139	26488	0
0DPYE0	333	Pulse	255				8458139	46488	0
0DPYE0	333	Pulse	255				8478139	66488	0
0DPYE0	333	Pulse	255				8498139	86488	0
0DPYE0	334	Picture	txt,4,2	txt	4	2	8514353	0	1	20173	1	0	next	other	0
0DPYE0	334	Pulse	255				8518139	3787	0
0DPYE0	335	Pulse	255				8538139	3613	0
0DPYE0	336	Picture	stm,4,2	stm	4	2	8549698	0	1	20173	1	0	next	hit	691
0DPYE0	336	Pulse	255				8558139	8441	0
0DPYE0	336	Response	2				8560179	10481	0
0DPYE0	337	Pulse	255				8578139	8268	0
0DPYE0	338	Picture	stm,4,2	stm	4	2	8587377	0	1	20173	1	0	next	hit	694
0DPYE0	338	Response	1				8596399	9022	0
0DPYE0	338	Pulse	255				8598139	10762	0
0DPYE0	339	Pulse	255				8618139	10589	0
0DPYE0	340	Picture	stm,4,2	stm	4	2	8618888	0	1	20173	1	0	next	hit	698
0DPYE0	340	Response	2				8633499	14611	0
0DPYE0	340	Pulse	255				8638139	19251	0
0DPYE0	342	Picture	stm,4,2	stm	4	2	8649731	0	1	20173	1	0	next	hit	702
0DPYE0	342	Pulse	255				8658139	8408	0
0DPYE0	342	Response	1				8668859	19128	0
0DPYE0	343	Pulse	255				8678139	8234	0
0DPYE0	344	Pulse	255				8698139	16897	0
0DPYE0	344	Pulse	255				8718139	36897	0
0DPYE0	344	Pulse	255				8738139	56897	0
0DPYE0	344	Pulse	255				8758139	76897	0
0DPYE0	345	Picture	txt,1,3	txt	1	3	8775107	0	1	20173	1	0	next	other	0
0DPYE0	345	Pulse	255				8778139	3032	0
0DPYE0	346	Pulse	255				8798139	2859	0
0DPYE0	347	Picture	stm,1,3	stm	1	3	8810452	0	1	20173	1	0	next	hit	713
0DPYE0	347	Pulse	255				8818139	7687	0
0DPYE0	347	Response	2				8820228	9777	0
0DPYE0	348	Pulse	255				8838139	7514	0
0DPYE0	349	Picture	stm,1,3	stm	1	3	8848631	0	1	20173	1	0	next	hit	717
0DPYE0	349	Pulse	255				8858139	9508	0
0DPYE0	349	Response	1				8858758	10127	0
0DPYE0	350	Pulse	255				8878139	9334	0
0DPYE0	351	Picture	stm,1,3	stm	1	3	8879975	0	1	20173	1	0	next	hit	720
0DPYE0	351	Response	1				8890189	10214	0
0DPYE0	351	Pulse	255				8898139	18163	0
0DPYE0	353	Picture	stm,1,3	stm	1	3	8915820	0	1	20173	1	0	next	hit	724
0DPYE0	353	Pulse	255				8918139	2318	0
0DPYE0	353	Response	1				8924309	8488	0
0DPYE0	354	Pulse	255				8938139	2145	0
0DPYE0	355	Pulse	255				8958139	9474	0
0DPYE0	355	Pulse	255				8978139	29474	0
0DPYE0	355	Pulse	255				8998139	49474	0
0DPYE0	355	Pulse	255				9018139	69474	0
0DPYE0	355	Pulse	255				9038139	89474	0
0DPYE0	356	Picture	txt,6,2	txt	6	2	9049865	0	1	20173	1	0	next	other	0
0DPYE0	356	Pulse	255				9058139	8273	0
0DPYE0	357	Pulse	255				9078139	8100	0
0DPYE0	358	Picture	stm,6,2	stm	6	2	9085211	0	1	20173	1	0	next	hit	736
0DPYE0	358	Pulse	255				9098139	12928	0
0DPYE0	358	Response	1				9100448	15238	1
0DPYE0	359	Pulse	255				9118138	12754	0
0DPYE0	360	Picture	stm,6,2	stm	6	2	9120219	0	4	20177	4	0	next	hit	739
0DPYE0	360	Response	1				9127428	7209	0
0DPYE0	360	Pulse	255				9138138	17919	0
0DPYE0	362	Picture	stm,6,2	stm	6	2	9151066	0	1	20173	1	0	next	hit	743
0DPYE0	362	Pulse	255				9158138	7072	0
0DPYE0	362	Response	1				9164958	13892	0
0DPYE0	363	Pulse	255				9178138	6899	0
0DPYE0	364	Picture	stm,6,2	stm	6	2	9188078	0	1	20173	1	0	next	hit	747
0DPYE0	364	Pulse	255				9198138	10060	0
0DPYE0	364	Response	1				9198628	10549	0
0DPYE0	365	Pulse	255				9218138	9887	0
0DPYE0	366	Pulse	255				9238138	18883	0
0DPYE0	366	Pulse	255				9258138	38883	0
0DPYE0	366	Pulse	255				9278138	58883	0
0DPYE0	366	Pulse	255				9298138	78883	0
0DPYE0	367	Picture	txt,2,3	txt	2	3	9307785	0	1	20173	1	0	next	other	0
0DPYE0	367	Pulse	255				9318138	10353	0
0DPYE0	368	Pulse	255				9338138	10180	0
0DPYE0	369	Picture	stm,2,3	stm	2	3	9343130	0	1	20174	1	0	next	hit	757
0DPYE0	369	Response	2				9357858	14728	0
0DPYE0	369	Pulse	255				9358138	15007	0
0DPYE0	370	Pulse	255				9378138	14834	0
0DPYE0	371	Picture	stm,2,3	stm	2	3	9382310	0	1	20173	1	0	next	hit	761
0DPYE0	371	Response	2				9391448	9138	0
0DPYE0	371	Pulse	255				9398138	15828	0
0DPYE0	372	Pulse	255				9418139	15655	0
0DPYE0	373	Picture	stm,2,3	stm	2	3	9424157	0	1	20173	1	0	next	hit	766
0DPYE0	373	Pulse	255				9438138	13981	0
0DPYE0	373	Response	2				9440018	15860	0
0DPYE0	374	Pulse	255				9458138	13807	0
0DPYE0	375	Picture	stm,2,3	stm	2	3	9461170	0	1	20173	1	0	next	hit	769
0DPYE0	375	Response	1				9473378	12208	0
0DPYE0	375	Pulse	255				9478138	16968	0
0DPYE0	377	Pulse	255				9498138	1623	0
0DPYE0	377	Pulse	255				9518138	21623	0
0DPYE0	377	Pulse	255				9538138	41623	0
0DPYE0	377	Pulse	255				9558138	61623	0
0DPYE0	377	Pulse	255				9578138	81623	0
0DPYE0	378	Picture	txt,5,1	txt	5	1	9580710	0	1	20173	1	0	next	other	0
0DPYE0	378	Pulse	255				9598138	17428	0
0DPYE0	380	Picture	stm,5,1	stm	5	1	9616055	0	1	20173	1	0	next	miss	0
0DPYE0	380	Pulse	255				9618138	2083	0
0DPYE0	381	Pulse	255				9638138	1909	0
0DPYE0	382	Picture	stm,5,1	stm	5	1	9651234	0	1	20173	1	0	next	hit	783
0DPYE0	382	Pulse	255				9658138	6904	0
0DPYE0	382	Response	1				9660628	9394	0
0DPYE0	383	Pulse	255				9678138	6731	0
0DPYE0	384	Picture	stm,5,1	stm	5	1	9682911	0	1	20173	1	0	next	hit	786
0DPYE0	384	Response	2				9696137	13227	0
0DPYE0	384	Pulse	255				9698138	15227	0
0DPYE0	386	Picture	stm,5,1	stm	5	1	9714079	0	12	20008	34	0	next	hit	790
0DPYE0	386	Pulse	255				9718138	4058	0
0DPYE0	386	Response	2				9723988	9908	0
0DPYE0	387	Pulse	255				9738138	4050	0
0DPYE0	388	Pulse	255				9758138	13539	0
0DPYE0	388	Pulse	255				9778138	33539	0
0DPYE0	388	Pulse	255				9798138	53539	0
0DPYE0	388	Pulse	255				9818138	73539	0
0DPYE0	388	Pulse	255				9838137	93539	0
0DPYE0	389	Picture	txt,1,2	txt	1	2	9842964	0	1	20173	1	0	next	other	0
0DPYE0	389	Pulse	255				9858138	15173	0
0DPYE0	390	Pulse	255				9878137	15000	0
0DPYE0	391	Picture	stm,1,2	stm	1	2	9878310	0	1	20173	1	0	next	hit	801
0DPYE0	391	Response	1				9884517	6208	0
0DPYE0	391	Pulse	255				9898137	19828	0
0DPYE0	393	Picture	stm,1,2	stm	1	2	9915322	0	1	20173	1	0	next	hit	805
0DPYE0	393	Pulse	255				9918137	2815	0
0DPYE0	393	Response	2				9922557	7235	0
0DPYE0	394	Pulse	255				9938137	2642	0
0DPYE0	395	Picture	stm,1,2	stm	1	2	9955669	0	1	20173	1	0	next	hit	809
0DPYE0	395	Pulse	255				9958137	2468	0
0DPYE0	395	Response	1				9965107	9438	0
0DPYE0	396	Pulse	255				9978137	2295	0
0DPYE0	397	Picture	stm,1,2	stm	1	2	9990847	0	1	20173	1	0	next	hit	813
0DPYE0	397	Pulse	255				9998137	7290	0
0DPYE0	397	Response	2				10001887	11040	0
0DPYE0	398	Pulse	255				10018137	7117	0
0DPYE0	399	Picture	break	break			10036529	0	1	77526	1	0	next	other	0
0DPYE0	399	Response	3				10113964	77435	0
0DPYE0	400	Pulse	255				10288227	174172	0
0DPYE0	400	Pulse	255				10308237	194182	0
0DPYE0	400	Pulse	255				10328227	214172	0
0DPYE0	400	Pulse	255				10348227	234172	0
0DPYE0	400	Pulse	255				10368227	254172	0
0DPYE0	401	Picture	txt,5,3	txt	5	3	10368307	0	1	20173	1	0	next	other	0
0DPYE0	401	Pulse	255				10388227	19920	0
0DPYE0	403	Picture	stm,5,3	stm	5	3	10403652	0	1	20173	1	0	next	hit	826
0DPYE0	403	Pulse	255				10408227	4575	0
0DPYE0	403	Response	2				10416657	13004	0
0DPYE0	404	Pulse	255				10428227	4401	0
0DPYE0	404	Pulse	255				10448227	24401	0
0DPYE0	405	Picture	stm,5,3	stm	5	3	10448334	0	1	20173	1	0	next	hit	830
0DPYE0	405	Response	1				10457867	9533	0
0DPYE0	405	Pulse	255				10468227	19893	0
0DPYE0	407	Picture	stm,5,3	stm	5	3	10480178	0	1	20173	1	0	next	hit	834
0DPYE0	407	Pulse	255				10488227	8049	0
0DPYE0	407	Response	1				10488367	8189	0
0DPYE0	408	Pulse	255				10508227	7875	0
0DPYE0	409	Picture	stm,5,3	stm	5	3	10511022	0	1	20173	1	0	next	hit	837
0DPYE0	409	Response	2				10519127	8105	0
0DPYE0	409	Pulse	255				10528227	17205	0
0DPYE0	410	Pulse	255				10548227	17032	0
0DPYE0	411	Pulse	255				10568227	17525	0
0DPYE0	411	Pulse	255				10588227	37525	0
0DPYE0	411	Pulse	255				10608226	57525	0
0DPYE0	411	Pulse	255				10628226	77525	0
0DPYE0	411	Pulse	255				10648226	97525	0
0DPYE0	412	Picture	txt,3,2	txt	3	2	10651402	0	1	20173	1	0	next	other	0
0DPYE0	412	Pulse	255				10668226	16824	0
0DPYE0	414	Picture	stm,3,2	stm	3	2	10686747	0	1	20173	1	0	next	hit	849
0DPYE0	414	Pulse	255				10688226	1479	0
0DPYE0	414	Response	1				10696436	9689	0
0DPYE0	415	Pulse	255				10708226	1306	0
0DPYE0	416	Picture	stm,3,2	stm	3	2	10722593	0	1	20173	1	0	next	hit	853
0DPYE0	416	Pulse	255				10728226	5634	0
0DPYE0	416	Response	2				10740056	17464	0
0DPYE0	417	Pulse	255				10748226	5460	0
0DPYE0	418	Picture	stm,3,2	stm	3	2	10760772	0	1	20173	1	0	next	hit	857
0DPYE0	418	Pulse	255				10768226	7454	0
0DPYE0	418	Response	2				10768956	8184	0
0DPYE0	419	Pulse	255				10788226	7281	0
0DPYE0	420	Picture	stm,3,2	stm	3	2	10791609	0	8	20008	25	0	next	hit	860
0DPYE0	420	Response	1				10803476	11867	0
0DPYE0	420	Pulse	255				10808226	16617	0
0DPYE0	422	Pulse	255				10828226	4933	0
0DPYE0	422	Pulse	255				10848226	24933	0
0DPYE0	422	Pulse	255				10868226	44933	0
0DPYE0	422	Pulse	255				10888226	64933	0
0DPYE0	423	Picture	txt,5,1	txt	5	1	10907488	0	1	20173	1	0	next	other	0
0DPYE0	423	Pulse	255				10908226	738	0
0DPYE0	424	Pulse	255				10928226	565	0
0DPYE0	425	Picture	stm,5,1	stm	5	1	10942833	0	1	20173	1	0	next	hit	871
0DPYE0	425	Pulse	255				10948226	5393	0
0DPYE0	425	Response	1				10955636	12803	0
0DPYE0	426	Pulse	255				10968226	5220	0
0DPYE0	427	Picture	stm,5,1	stm	5	1	10986681	0	1	20173	1	0	next	hit	875
0DPYE0	427	Pulse	255				10988226	1545	0
0DPYE0	427	Response	2				10993746	7065	0
0DPYE0	428	Pulse	255				11008226	1371	0
0DPYE0	429	Picture	stm,5,1	stm	5	1	11026361	0	1	20173	1	0	next	hit	879
0DPYE0	429	Pulse	255				11028226	1865	0
0DPYE0	429	Response	1				11043836	17475	0
0DPYE0	430	Pulse	255				11048226	1691	0
0DPYE0	431	Picture	stm,5,1	stm	5	1	11058198	0	21	20008	33	0	next	hit	883
0DPYE0	431	Pulse	255				11068226	10028	0
0DPYE0	431	Response	2				11069735	11537	0
0DPYE0	432	Pulse	255				11088226	10020	0
0DPYE0	433	Pulse	255				11108226	16009	0
0DPYE0	433	Pulse	255				11128226	36009	0
0DPYE0	433	Pulse	255				11148226	56009	0
0DPYE0	433	Pulse	255				11168226	76009	0
0DPYE0	434	Picture	txt,6,3	txt	6	3	11180746	0	1	20173	1	0	next	other	0
0DPYE0	434	Pulse	255				11188226	7480	0
0DPYE0	435	Pulse	255				11208226	7306	0
0DPYE0	436	Picture	stm,6,3	stm	6	3	11216091	0	1	20173	1	0	next	hit	894
0DPYE0	436	Pulse	255				11228226	12134	0
0DPYE0	436	Response	1				11229685	13594	0
0DPYE0	438	Picture	stm,6,3	stm	6	3	11246601	0	1	20173	1	0	next	hit	897
0DPYE0	438	Pulse	255				11248226	1624	0
0DPYE0	438	Response	1				11250265	3664	0
0DPYE0	439	Pulse	255				11268226	1451	0
0DPYE0	440	Picture	stm,6,3	stm	6	3	11278946	0	1	20173	1	0	next	hit	900
0DPYE0	440	Response	1				11284456	5510	0
0DPYE0	440	Pulse	255				11288225	9280	0
0DPYE0	441	Pulse	255				11308226	9107	0
0DPYE0	442	Picture	stm,6,3	stm	6	3	11322627	0	1	20173	1	0	next	hit	905
0DPYE0	442	Pulse	255				11328226	5599	0
0DPYE0	442	Response	1				11329035	6408	0
0DPYE0	443	Pulse	255				11348226	5425	0
0DPYE0	444	Pulse	255				11368225	10427	0
0DPYE0	444	Pulse	255				11388225	30426	0
0DPYE0	444	Pulse	255				11408225	50427	0
0DPYE0	444	Pulse	255				11428225	70426	0
0DPYE0	444	Pulse	255				11448225	90426	0
0DPYE0	445	Picture	txt,3,1	txt	3	1	11457839	0	1	20173	1	0	next	other	0
0DPYE0	445	Pulse	255				11468225	10386	0
0DPYE0	446	Pulse	255				11488225	10213	0
0DPYE0	447	Picture	stm,3,1	stm	3	1	11493184	0	1	20173	1	0	next	hit	917
0DPYE0	447	Pulse	255				11508225	15041	0
0DPYE0	447	Response	2				11509665	16481	0
0DPYE0	448	Pulse	255				11528225	14868	0
0DPYE0	449	Picture	stm,3,1	stm	3	1	11533031	0	1	20173	1	0	next	hit	920
0DPYE0	449	Response	2				11545245	12214	0
0DPYE0	449	Pulse	255				11548225	15194	0
0DPYE0	451	Picture	stm,3,1	stm	3	1	11564875	0	1	20173	1	0	next	hit	924
0DPYE0	451	Pulse	255				11568225	3350	0
0DPYE0	451	Response	2				11572325	7450	0
0DPYE0	452	Pulse	255				11588225	3177	0
0DPYE0	453	Picture	stm,3,1	stm	3	1	11595385	0	1	20173	1	0	next	hit	927
0DPYE0	453	Response	2				11602845	7460	0
0DPYE0	453	Pulse	255				11608225	12840	0
0DPYE0	454	Pulse	255				11628225	12667	0
0DPYE0	455	Pulse	255				11648225	14161	0
0DPYE0	455	Pulse	255				11668225	34160	0
0DPYE0	455	Pulse	255				11688225	54160	0
0DPYE0	455	Pulse	255				11708225	74160	0
0DPYE0	456	Picture	txt,1,3	txt	1	3	11727929	0	1	20173	1	0	next	other	0
0DPYE0	456	Pulse	255				11728225	296	0
0DPYE0	457	Pulse	255				11748225	122	0
0DPYE0	458	Picture	stm,1,3	stm	1	3	11763275	0	1	20173	1	0	next	hit	939
0DPYE0	458	Pulse	255				11768225	4950	0
0DPYE0	458	Response	2				11774765	11490	0
0DPYE0	459	Pulse	255				11788225	4777	0
0DPYE0	460	Picture	stm,1,3	stm	1	3	11803788	0	1	20173	1	0	next	hit	943
0DPYE0	460	Pulse	255				11808225	4437	0
0DPYE0	460	Response	1				11815555	11767	0
0DPYE0	461	Pulse	255				11828225	4263	0
0DPYE0	462	Picture	stm,1,3	stm	1	3	11834965	0	1	20173	1	0	next	hit	947
0DPYE0	462	Pulse	255				11848225	13260	0
0DPYE0	462	Response	1				11850334	15369	0
0DPYE0	464	Picture	stm,1,3	stm	1	3	11866643	0	1	20173	1	0	next	hit	950
0DPYE0	464	Pulse	255				11868225	1582	0
0DPYE0	464	Response	1				11876965	10322	0
0DPYE0	465	Pulse	255				11888225	1409	0
0DPYE0	466	Pulse	255				11908225	7738	0
0DPYE0	466	Pulse	255				11928225	27738	0
0DPYE0	466	Pulse	255				11948225	47737	0
0DPYE0	466	Pulse	255				11968225	67738	0
0DPYE0	467	Picture	txt,4,1	txt	4	1	11984682	0	1	20173	1	0	next	other	0
0DPYE0	467	Pulse	255				11988225	3543	0
0DPYE0	468	Pulse	255				12008225	3369	0
0DPYE0	469	Picture	stm,4,1	stm	4	1	12020027	0	1	20173	1	0	next	hit	960
0DPYE0	469	Response	2				12028145	8117	0
0DPYE0	469	Pulse	255				12028224	8197	0
0DPYE0	470	Pulse	255				12048225	8024	0
0DPYE0	471	Picture	stm,4,1	stm	4	1	12052872	0	1	20173	1	0	next	hit	964
0DPYE0	471	Response	2				12063044	10173	0
0DPYE0	471	Pulse	255				12068225	15353	0
0DPYE0	472	Pulse	255				12088224	15179	0
0DPYE0	473	Picture	stm,4,1	stm	4	1	12089050	0	1	20173	1	0	next	hit	968
0DPYE0	473	Response	1				12100804	11754	0
0DPYE0	473	Pulse	255				12108224	19174	0
0DPYE0	475	Picture	stm,4,1	stm	4	1	12119727	0	1	20173	1	0	next	hit	971
0DPYE0	475	Response	1				12127714	7987	0
0DPYE0	475	Pulse	255				12128224	8497	0
0DPYE0	476	Pulse	255				12148224	8324	0
0DPYE0	477	Pulse	255				12168225	17820	0
0DPYE0	477	Pulse	255				12188224	37820	0
0DPYE0	477	Pulse	255				12208225	57820	0
0DPYE0	477	Pulse	255				12228224	77820	0
0DPYE0	478	Picture	txt,2,2	txt	2	2	12233766	0	1	20173	1	0	next	other	0
0DPYE0	478	Pulse	255				12248224	14459	0
0DPYE0	479	Pulse	255				12268224	14285	0
0DPYE0	480	Picture	stm,2,2	stm	2	2	12269111	0	1	20173	1	0	next	hit	982
0DPYE0	480	Response	1				12282364	13253	0
0DPYE0	480	Pulse	255				12288224	19113	0
0DPYE0	481	Pulse	255				12308224	18940	0
0DPYE0	482	Picture	stm,2,2	stm	2	2	12318127	0	1	20173	1	0	next	hit	986
0DPYE0	482	Response	1				12325104	6977	0
0DPYE0	482	Pulse	255				12328224	10097	0
0DPYE0	483	Pulse	255				12348224	9924	0
0DPYE0	484	Picture	stm,2,2	stm	2	2	12352972	0	1	20173	1	0	next	hit	990
0DPYE0	484	Response	1				12359364	6392	0
0DPYE0	484	Pulse	255				12368224	15252	0
0DPYE0	486	Picture	stm,2,2	stm	2	2	12383482	0	1	20173	1	0	next	hit	994
0DPYE0	486	Pulse	255				12388224	4742	0
0DPYE0	486	Response	2				12391174	7691	0
0DPYE0	487	Pulse	255				12408224	4568	0
0DPYE0	488	Pulse	255				12428224	10730	0
0DPYE0	488	Pulse	255				12448224	30730	0
0DPYE0	488	Pulse	255				12468224	50730	0
0DPYE0	488	Pulse	255				12488224	70730	0
0DPYE0	488	Pulse	255				12508224	90730	0
0DPYE0	489	Picture	txt,2,1	txt	2	1	12525197	0	1	20173	1	0	next	other	0
0DPYE0	489	Pulse	255				12528224	3027	0
0DPYE0	490	Pulse	255				12548224	2854	0
0DPYE0	491	Picture	stm,2,1	stm	2	1	12560542	0	1	20173	1	0	next	hit	1006
0DPYE0	491	Pulse	255				12568224	7682	0
0DPYE0	491	Response	1				12571163	10622	0
0DPYE0	492	Pulse	255				12588214	7499	0
0DPYE0	493	Picture	stm,2,1	stm	2	1	12593219	0	1	20173	1	0	next	hit	1009
0DPYE0	493	Response	2				12601734	8514	0
0DPYE0	493	Pulse	255				12608224	15004	0
0DPYE0	494	Pulse	255				12628214	14821	0
0DPYE0	495	Picture	stm,2,1	stm	2	1	12634900	0	1	20173	1	0	next	hit	1013
0DPYE0	495	Response	2				12648063	13164	0
0DPYE0	495	Pulse	255				12648213	13313	0
0DPYE0	497	Picture	stm,2,1	stm	2	1	12665410	0	1	20173	1	0	next	hit	1017
0DPYE0	497	Pulse	255				12668214	2804	0
0DPYE0	497	Response	1				12672824	7414	0
0DPYE0	498	Pulse	255				12688214	2630	0
0DPYE0	499	Pulse	255				12708214	12293	0
0DPYE0	499	Pulse	255				12728214	32293	0
0DPYE0	499	Pulse	255				12748214	52293	0
0DPYE0	499	Pulse	255				12768214	72293	0
0DPYE0	499	Pulse	255				12788214	92293	0
0DPYE0	500	Picture	txt,4,3	txt	4	3	12794287	0	1	20173	1	0	next	other	0
0DPYE0	500	Pulse	255				12808214	13927	0
0DPYE0	501	Pulse	255				12828214	13753	0
0DPYE0	502	Picture	stm,4,3	stm	4	3	12829632	0	1	20173	1	0	next	hit	1028
0DPYE0	502	Response	2				12839213	9582	0
0DPYE0	502	Pulse	255				12848213	18582	0
0DPYE0	503	Pulse	255				12868213	18408	0
0DPYE0	504	Picture	stm,4,3	stm	4	3	12868812	0	1	20173	1	0	next	hit	1032
0DPYE0	504	Response	1				12883703	14892	0
0DPYE0	504	Pulse	255				12888213	19402	0
0DPYE0	506	Picture	stm,4,3	stm	4	3	12903990	0	1	20173	1	0	next	hit	1036
0DPYE0	506	Pulse	255				12908213	4223	0
0DPYE0	506	Response	1				12920783	16793	0
0DPYE0	507	Pulse	255				12928213	4050	0
0DPYE0	508	Picture	stm,4,3	stm	4	3	12934834	0	1	20173	1	0	next	hit	1040
0DPYE0	508	Pulse	255				12948213	13380	0
0DPYE0	508	Response	2				12949713	14879	0
0DPYE0	510	Pulse	255				12968213	1035	0
0DPYE0	510	Pulse	255				12988213	21035	0
0DPYE0	510	Pulse	255				13008213	41035	0
0DPYE0	510	Pulse	255				13028213	61035	0
0DPYE0	510	Pulse	255				13048213	81035	0
0DPYE0	511	Picture	txt,6,1	txt	6	1	13054040	0	1	20173	1	0	next	other	0
0DPYE0	511	Pulse	255				13068213	14173	0
0DPYE0	512	Pulse	255				13088213	13999	0
0DPYE0	513	Picture	stm,6,1	stm	6	1	13089386	0	1	20173	1	0	next	hit	1050
0DPYE0	513	Response	2				13096303	6917	0
0DPYE0	513	Pulse	255				13108213	18828	0
0DPYE0	514	Pulse	255				13128213	18654	0
0DPYE0	515	Picture	stm,6,1	stm	6	1	13128565	0	1	20173	1	0	next	hit	1054
0DPYE0	515	Response	1				13138633	10068	0
0DPYE0	515	Pulse	255				13148213	19648	0
0DPYE0	517	Picture	stm,6,1	stm	6	1	13159242	0	1	20173	1	0	next	hit	1058
0DPYE0	517	Pulse	255				13168213	8971	0
0DPYE0	517	Response	2				13169952	10710	0
0DPYE0	518	Pulse	255				13188213	8797	0
0DPYE0	519	Picture	stm,6,1	stm	6	1	13192754	0	1	20173	1	0	next	hit	1061
0DPYE0	519	Response	1				13200873	8119	0
0DPYE0	519	Pulse	255				13208213	15459	0
0DPYE0	520	Pulse	255				13228213	15286	0
0DPYE0	521	Pulse	255				13248213	17113	0
0DPYE0	521	Pulse	255				13268213	37113	0
0DPYE0	521	Pulse	255				13288213	57113	0
0DPYE0	521	Pulse	255				13308213	77113	0
0DPYE0	521	Pulse	255				13328213	97113	0
0DPYE0	522	Picture	txt,1,2	txt	1	2	13332300	0	1	20173	1	0	next	other	0
0DPYE0	522	Pulse	255				13348213	15913	0
0DPYE0	524	Picture	stm,1,2	stm	1	2	13367645	0	1	20173	1	0	next	hit	1073
0DPYE0	524	Pulse	255				13368213	567	0
0DPYE0	524	Response	1				13375283	7637	0
0DPYE0	525	Pulse	255				13388213	394	0
0DPYE0	525	Pulse	255				13408213	20394	0
0DPYE0	526	Picture	stm,1,2	stm	1	2	13410493	0	1	20173	1	0	next	hit	1077
0DPYE0	526	Response	2				13419463	8970	0
0DPYE0	526	Pulse	255				13428213	17720	0
0DPYE0	528	Picture	stm,1,2	stm	1	2	13445505	0	1	20173	1	0	next	hit	1081
0DPYE0	528	Pulse	255				13448213	2708	0
0DPYE0	528	Response	2				13454102	8598	0
0DPYE0	529	Pulse	255				13468213	2534	0
0DPYE0	530	Picture	stm,1,2	stm	1	2	13482851	0	1	20173	1	0	next	hit	1085
0DPYE0	530	Pulse	255				13488213	5362	0
0DPYE0	530	Response	1				13490872	8022	0
0DPYE0	531	Pulse	255				13508213	5189	0
0DPYE0	532	Pulse	255				13528213	13518	0
0DPYE0	532	Pulse	255				13548213	33518	0
0DPYE0	532	Pulse	255				13568213	53518	0
0DPYE0	532	Pulse	255				13588213	73518	0
0DPYE0	533	Picture	txt,4,2	txt	4	2	13604225	0	1	20173	1	0	next	other	0
0DPYE0	533	Pulse	255				13608212	3988	0
0DPYE0	534	Pulse	255				13628212	3814	0
0DPYE0	535	Picture	stm,4,2	stm	4	2	13639570	0	1	20173	1	0	next	hit	1096
0DPYE0	535	Pulse	255				13648212	8643	0
0DPYE0	535	Response	2				13649752	10182	0
0DPYE0	536	Pulse	255				13668212	8469	0
0DPYE0	537	Picture	stm,4,2	stm	4	2	13681084	0	1	20173	1	0	next	hit	1100
0DPYE0	537	Pulse	255				13688212	7129	0
0DPYE0	537	Response	1				13690342	9258	0
0DPYE0	538	Pulse	255				13708212	6955	0
0DPYE0	539	Picture	stm,4,2	stm	4	2	13720930	0	1	20173	1	0	next	hit	1104
0DPYE0	539	Pulse	255				13728212	7282	0
0DPYE0	539	Response	1				13730012	9081	0
0DPYE0	540	Pulse	255				13748212	7108	0
0DPYE0	541	Picture	stm,4,2	stm	4	2	13754608	0	1	20173	1	0	next	hit	1107
0DPYE0	541	Response	2				13761792	7184	0
0DPYE0	541	Pulse	255				13768212	13604	0
0DPYE0	543	Pulse	255				13788212	2760	0
0DPYE0	543	Pulse	255				13808212	22760	0
0DPYE0	543	Pulse	255				13828212	42760	0
0DPYE0	543	Pulse	255				13848212	62760	0
0DPYE0	543	Pulse	255				13868212	82760	0
0DPYE0	544	Picture	txt,2,3	txt	2	3	13885819	0	1	20173	1	0	next	other	0
0DPYE0	544	Pulse	255				13888212	2393	0
0DPYE0	545	Pulse	255				13908212	2220	0
0DPYE0	546	Picture	stm,2,3	stm	2	3	13921164	0	1	20173	1	0	next	hit	1119
0DPYE0	546	Pulse	255				13928212	7048	0
0DPYE0	546	Response	1				13930402	9237	0
0DPYE0	547	Pulse	255				13948212	6874	0
0DPYE0	548	Picture	stm,2,3	stm	2	3	13952008	0	1	20173	1	0	next	hit	1122
0DPYE0	548	Response	2				13958302	6294	0
0DPYE0	548	Pulse	255				13968212	16204	0
0DPYE0	550	Picture	stm,2,3	stm	2	3	13985352	0	1	20173	1	0	next	hit	1126
0DPYE0	550	Pulse	255				13988212	2860	0
0DPYE0	550	Response	1				13997212	11859	0
0DPYE0	551	Pulse	255				14008212	2686	0
0DPYE0	552	Picture	stm,2,3	stm	2	3	14015863	0	1	20173	1	0	next	hit	1129
0DPYE0	552	Response	2				14026112	10249	0
0DPYE0	552	Pulse	255				14028212	12349	0
0DPYE0	553	Pulse	255				14048212	12176	0
0DPYE0	554	Pulse	255				14068212	7834	0
0DPYE0	554	Pulse	255				14088212	27834	0
0DPYE0	554	Pulse	255				14108211	47834	0
0DPYE0	554	Pulse	255				14128212	67834	0
0DPYE0	554	Pulse	255				14148212	87834	0
0DPYE0	555	Picture	txt,1,1	txt	1	1	14165579	0	1	20173	1	0	next	other	0
0DPYE0	555	Pulse	255				14168212	2632	0
0DPYE0	556	Pulse	255				14188212	2459	0
0DPYE0	557	Picture	stm,1,1	stm	1	1	14200925	0	1	20173	1	0	next	hit	1142
0DPYE0	557	Pulse	255				14208212	7287	0
0DPYE0	557	Response	1				14211671	10746	0
0DPYE0	558	Pulse	255				14228211	7113	0
0DPYE0	559	Picture	stm,1,1	stm	1	1	14231435	0	1	20173	1	0	next	hit	1145
0DPYE0	559	Response	1				14242802	11367	0
0DPYE0	559	Pulse	255				14248211	16777	0
0DPYE0	560	Pulse	255				14268212	16603	0
0DPYE0	561	Picture	stm,1,1	stm	1	1	14269281	0	1	20173	1	0	next	hit	1149
0DPYE0	561	Response	2				14281372	12091	0
0DPYE0	561	Pulse	255				14288212	18931	0
0DPYE0	563	Picture	stm,1,1	stm	1	1	14303959	0	1	20173	1	0	next	hit	1153
0DPYE0	563	Pulse	255				14308212	4252	0
0DPYE0	563	Response	2				14314051	10092	0
0DPYE0	564	Pulse	255				14328212	4079	0
0DPYE0	565	Pulse	255				14348211	9907	0
0DPYE0	565	Pulse	255				14368211	29907	0
0DPYE0	565	Pulse	255				14388212	49908	0
0DPYE0	565	Pulse	255				14408211	69907	0
0DPYE0	565	Pulse	255				14428211	89907	0
0DPYE0	566	Picture	txt,5,2	txt	5	2	14432669	0	1	20173	1	0	next	other	0
0DPYE0	566	Pulse	255				14448211	15542	0
0DPYE0	568	Picture	stm,5,2	stm	5	2	14468014	0	1	20173	1	0	next	hit	1164
0DPYE0	568	Pulse	255				14468211	197	0
0DPYE0	568	Response	2				14474321	6307	0
0DPYE0	569	Pulse	255				14488211	24	0
0DPYE0	570	Picture	stm,5,2	stm	5	2	14502359	0	1	20173	1	0	next	hit	1168
0DPYE0	570	Pulse	255				14508211	5852	0
0DPYE0	570	Response	1				14509071	6712	0
0DPYE0	571	Pulse	255				14528211	5679	0
0DPYE0	572	Picture	stm,5,2	stm	5	2	14532869	0	1	20173	1	0	next	hit	1171
0DPYE0	572	Response	1				14545151	12282	0
0DPYE0	572	Pulse	255				14548211	15342	0
0DPYE0	574	Picture	stm,5,2	stm	5	2	14566214	0	1	20173	1	0	next	hit	1175
0DPYE0	574	Pulse	255				14568211	1998	0
0DPYE0	574	Response	2				14575741	9527	0
0DPYE0	575	Pulse	255				14588211	1824	0
0DPYE0	576	Pulse	255				14608211	8653	0
0DPYE0	576	Pulse	255				14628211	28653	0
0DPYE0	576	Pulse	255				14648211	48653	0
0DPYE0	576	Pulse	255				14668211	68653	0
0DPYE0	576	Pulse	255				14688211	88653	0
0DPYE0	577	Picture	txt,6,2	txt	6	2	14691422	0	1	20173	1	0	next	other	0
0DPYE0	577	Pulse	255				14708211	16789	0
0DPYE0	579	Picture	stm,6,2	stm	6	2	14726768	0	1	20173	1	0	next	hit	1186
0DPYE0	579	Pulse	255				14728211	1443	0
0DPYE0	579	Response	1				14743191	16423	0
0DPYE0	580	Pulse	255				14748211	1270	0
0DPYE0	581	Picture	stm,6,2	stm	6	2	14757278	0	1	20173	1	0	next	hit	1190
0DPYE0	581	Pulse	255				14768211	10933	0
0DPYE0	581	Response	1				14771200	13923	0
0DPYE0	583	Picture	stm,6,2	stm	6	2	14787788	0	1	20173	1	0	next	hit	1193
0DPYE0	583	Pulse	255				14788211	423	0
0DPYE0	583	Response	1				14795681	7893	0
0DPYE0	584	Pulse	255				14808211	249	0
0DPYE0	585	Picture	stm,6,2	stm	6	2	14818632	0	1	20173	1	0	next	hit	1196
0DPYE0	585	Response	1				14828101	9469	0
0DPYE0	585	Pulse	255				14828210	9579	0
0DPYE0	586	Pulse	255				14848211	9406	0
0DPYE0	587	Pulse	255				14868201	7222	0
0DPYE0	587	Pulse	255				14888211	27232	0
0DPYE0	587	Pulse	255				14908201	47222	0
0DPYE0	587	Pulse	255				14928201	67222	0
0DPYE0	587	Pulse	255				14948201	87221	0
0DPYE0	588	Picture	txt,3,3	txt	3	3	14963680	0	1	20173	1	0	next	other	0
0DPYE0	588	Pulse	255				14968201	4520	0
0DPYE0	589	Pulse	255				14988201	4347	0
0DPYE0	590	Picture	stm,3,3	stm	3	3	14999025	0	1	20173	1	0	next	hit	1208
0DPYE0	590	Response	1				15008111	9085	0
0DPYE0	590	Pulse	255				15008200	9175	0
0DPYE0	591	Pulse	255				15028201	9002	0
0DPYE0	592	Picture	stm,3,3	stm	3	3	15040873	0	1	20173	1	0	next	hit	1213
0DPYE0	592	Pulse	255				15048201	7328	0
0DPYE0	592	Response	2				15050650	9777	0
0DPYE0	593	Pulse	255				15068200	7154	0
0DPYE0	594	Picture	stm,3,3	stm	3	3	15078385	0	1	20173	1	0	next	hit	1217
0DPYE0	594	Pulse	255				15088200	9815	0
0DPYE0	594	Response	1				15090480	12095	0
0DPYE0	595	Pulse	255				15108200	9642	0
0DPYE0	596	Picture	stm,3,3	stm	3	3	15116731	0	1	20173	1	0	next	hit	1221
0DPYE0	596	Pulse	255				15128200	11469	0
0DPYE0	596	Response	1				15128331	11599	0
0DPYE0	597	Pulse	255				15148200	11296	0
0DPYE0	598	Picture	finish	finish			15156745	0	1	557066	1	0	next	other	0
0DPYE0	598	Response	3				15701100	544356	0
