Scenario - 
Logfile written - 02/27/2020 12:56:13

Subject	Trial	Event Type	Code	type(str)	condition(num)	emotion(num)	Time	TTime	Uncertainty	Duration	Uncertainty	ReqTime	ReqDur	Stim Type	Pair Index

1EZIDV	0	Pulse	255				133394	133394	0
1EZIDV	1	Picture	welcome	welcome			133545	0	1	167	1	0	next	other	0
1EZIDV	2	Pulse	255				153394	19682	0
1EZIDV	2	Pulse	255				173394	39682	0
1EZIDV	2	Pulse	255				193394	59683	0
1EZIDV	2	Pulse	255				213394	79682	0
1EZIDV	2	Pulse	255				233394	99683	0
1EZIDV	3	Picture	txt,1,3	txt	1	3	233579	0	1	20173	1	0	next	other	0
1EZIDV	3	Pulse	255				253394	19816	0
1EZIDV	5	Picture	stm,1,3	stm	1	3	268924	0	1	20173	1	0	next	miss	0
1EZIDV	5	Pulse	255				273394	4470	0
1EZIDV	6	Response	2				289334	237	0
1EZIDV	6	Pulse	255				293394	4297	0
1EZIDV	7	Picture	stm,1,3	stm	1	3	302932	0	5	20177	5	0	next	hit	16
1EZIDV	7	Pulse	255				313394	10462	0
1EZIDV	7	Response	2				315654	12722	0
1EZIDV	8	Pulse	255				333394	10286	0
1EZIDV	9	Picture	stm,1,3	stm	1	3	336780	0	1	20173	1	0	next	hit	19
1EZIDV	9	Response	1				346774	9994	0
1EZIDV	9	Pulse	255				353394	16614	0
1EZIDV	11	Picture	stm,1,3	stm	1	3	373126	0	1	20173	1	0	next	hit	23
1EZIDV	11	Pulse	255				373394	269	0
1EZIDV	11	Response	2				387244	14119	0
1EZIDV	12	Pulse	255				393394	95	0
1EZIDV	13	Pulse	255				413394	6924	0
1EZIDV	13	Pulse	255				433394	26924	0
1EZIDV	13	Pulse	255				453394	46924	0
1EZIDV	13	Pulse	255				473394	66924	0
1EZIDV	13	Pulse	255				493394	86924	0
1EZIDV	13	Pulse	255				513394	106924	0
1EZIDV	14	Picture	txt,4,2	txt	4	2	514173	0	1	20173	1	0	next	other	0
1EZIDV	14	Pulse	255				533394	19221	0
1EZIDV	16	Picture	stm,4,2	stm	4	2	549518	0	1	20173	1	0	next	hit	35
1EZIDV	16	Pulse	255				553394	3876	0
1EZIDV	16	Response	1				558944	9426	0
1EZIDV	17	Pulse	255				573394	3702	0
1EZIDV	17	Pulse	255				593394	23703	0
1EZIDV	18	Picture	stm,4,2	stm	4	2	594533	0	1	20173	1	0	next	hit	39
1EZIDV	18	Response	1				603994	9461	0
1EZIDV	18	Pulse	255				613394	18861	0
1EZIDV	20	Picture	stm,4,2	stm	4	2	625377	0	1	20173	1	0	next	hit	43
1EZIDV	20	Pulse	255				633394	8017	0
1EZIDV	20	Response	2				638044	12667	0
1EZIDV	21	Pulse	255				653394	7844	0
1EZIDV	22	Picture	stm,4,2	stm	4	2	660389	0	1	20173	1	0	next	hit	46
1EZIDV	22	Response	2				669064	8675	0
1EZIDV	22	Pulse	255				673394	13005	0
1EZIDV	23	Pulse	255				693394	12832	0
1EZIDV	24	Pulse	255				713394	17660	0
1EZIDV	24	Pulse	255				733394	37660	0
1EZIDV	24	Pulse	255				753394	57660	0
1EZIDV	24	Pulse	255				773394	77660	0
1EZIDV	24	Pulse	255				793394	97660	0
1EZIDV	25	Picture	txt,2,3	txt	2	3	794768	0	1	20173	1	0	next	other	0
1EZIDV	25	Pulse	255				813394	18627	0
1EZIDV	27	Picture	stm,2,3	stm	2	3	830113	0	1	20173	1	0	next	hit	58
1EZIDV	27	Pulse	255				833394	3282	0
1EZIDV	27	Response	2				843194	13081	0
1EZIDV	28	Pulse	255				853394	3108	0
1EZIDV	29	Picture	stm,2,3	stm	2	3	863291	0	1	20173	1	0	next	hit	62
1EZIDV	29	Pulse	255				873394	10104	0
1EZIDV	29	Response	1				874944	11653	0
1EZIDV	30	Pulse	255				893394	9930	0
1EZIDV	31	Picture	stm,2,3	stm	2	3	894134	0	1	20173	1	0	next	hit	65
1EZIDV	31	Response	2				904644	10510	0
1EZIDV	31	Pulse	255				913394	19260	0
1EZIDV	33	Picture	stm,2,3	stm	2	3	932481	0	1	20173	1	0	next	hit	69
1EZIDV	33	Pulse	255				933394	914	0
1EZIDV	33	Response	2				946354	13874	0
1EZIDV	34	Pulse	255				953394	740	0
1EZIDV	35	Pulse	255				973394	8736	0
1EZIDV	35	Pulse	255				993394	28736	0
1EZIDV	35	Pulse	255				1013394	48736	0
1EZIDV	35	Pulse	255				1033395	68736	0
1EZIDV	36	Picture	txt,4,1	txt	4	1	1051521	0	1	20173	1	0	next	other	0
1EZIDV	36	Pulse	255				1053394	1874	0
1EZIDV	37	Pulse	255				1073394	1700	0
1EZIDV	38	Picture	stm,4,1	stm	4	1	1086866	0	1	20173	1	0	next	hit	80
1EZIDV	38	Pulse	255				1093394	6528	0
1EZIDV	38	Response	1				1097344	10478	0
1EZIDV	39	Pulse	255				1113394	6355	0
1EZIDV	40	Picture	stm,4,1	stm	4	1	1122211	0	1	20173	1	0	next	hit	84
1EZIDV	40	Pulse	255				1133395	11183	0
1EZIDV	40	Response	1				1138324	16113	0
1EZIDV	41	Pulse	255				1153395	11010	0
1EZIDV	42	Picture	stm,4,1	stm	4	1	1153722	0	1	20173	1	0	next	hit	87
1EZIDV	42	Response	2				1171324	17603	0
1EZIDV	42	Pulse	255				1173395	19673	0
1EZIDV	44	Picture	stm,4,1	stm	4	1	1185060	0	16	20012	16	0	next	hit	91
1EZIDV	44	Pulse	255				1193394	8334	0
1EZIDV	44	Response	2				1197864	12804	0
1EZIDV	45	Pulse	255				1213394	8322	0
1EZIDV	46	Pulse	255				1233395	11983	0
1EZIDV	46	Pulse	255				1253394	31983	0
1EZIDV	46	Pulse	255				1273394	51983	0
1EZIDV	46	Pulse	255				1293394	71983	0
1EZIDV	46	Pulse	255				1313394	91983	0
1EZIDV	47	Picture	txt,3,1	txt	3	1	1321445	0	1	20173	1	0	next	other	0
1EZIDV	47	Pulse	255				1333395	11950	0
1EZIDV	48	Pulse	255				1353394	11776	0
1EZIDV	49	Picture	stm,3,1	stm	3	1	1356790	0	1	20173	1	0	next	hit	102
1EZIDV	49	Response	2				1373115	16324	0
1EZIDV	49	Pulse	255				1373395	16605	0
1EZIDV	51	Picture	stm,3,1	stm	3	1	1391802	0	1	20173	1	0	next	hit	106
1EZIDV	51	Pulse	255				1393394	1592	0
1EZIDV	51	Response	2				1402995	11193	0
1EZIDV	52	Pulse	255				1413395	1419	0
1EZIDV	52	Pulse	255				1433395	21419	0
1EZIDV	53	Picture	stm,3,1	stm	3	1	1437984	0	1	20173	1	0	next	hit	110
1EZIDV	53	Response	1				1451434	13450	0
1EZIDV	53	Pulse	255				1453396	15411	0
1EZIDV	54	Pulse	255				1473394	15236	0
1EZIDV	55	Picture	stm,3,1	stm	3	1	1473663	0	1	20173	1	0	next	hit	114
1EZIDV	55	Response	2				1489605	15942	0
1EZIDV	55	Pulse	255				1493394	19731	0
1EZIDV	57	Pulse	255				1513395	2719	0
1EZIDV	57	Pulse	255				1533395	22719	0
1EZIDV	57	Pulse	255				1553395	42719	0
1EZIDV	57	Pulse	255				1573395	62719	0
1EZIDV	57	Pulse	255				1593395	82719	0
1EZIDV	58	Picture	txt,6,1	txt	6	1	1594037	0	1	20173	1	0	next	other	0
1EZIDV	58	Pulse	255				1613395	19358	0
1EZIDV	60	Picture	stm,6,1	stm	6	1	1629382	0	1	20173	1	0	next	hit	125
1EZIDV	60	Pulse	255				1633395	4013	0
1EZIDV	60	Response	1				1646965	17583	0
1EZIDV	61	Pulse	255				1653395	3839	0
1EZIDV	62	Picture	stm,6,1	stm	6	1	1664060	0	1	20173	1	0	next	miss	0
1EZIDV	62	Pulse	255				1673385	9324	0
1EZIDV	63	Pulse	255				1693385	9151	0
1EZIDV	64	Picture	stm,6,1	stm	6	1	1701073	0	1	20173	1	0	next	hit	132
1EZIDV	64	Pulse	255				1713385	12312	0
1EZIDV	64	Response	1				1719735	18662	0
1EZIDV	66	Picture	stm,6,1	stm	6	1	1732917	0	1	20173	1	0	next	hit	135
1EZIDV	66	Pulse	255				1733385	468	0
1EZIDV	66	Response	2				1750035	17118	0
1EZIDV	67	Pulse	255				1753385	294	0
1EZIDV	67	Pulse	255				1773385	20294	0
1EZIDV	68	Pulse	255				1793385	15786	0
1EZIDV	68	Pulse	255				1813385	35786	0
1EZIDV	68	Pulse	255				1833385	55786	0
1EZIDV	68	Pulse	255				1853385	75786	0
1EZIDV	69	Picture	txt,2,2	txt	2	2	1867129	0	1	20173	1	0	next	other	0
1EZIDV	69	Pulse	255				1873385	6256	0
1EZIDV	70	Pulse	255				1893385	6083	0
1EZIDV	71	Picture	stm,2,2	stm	2	2	1902474	0	1	20173	1	0	next	hit	146
1EZIDV	71	Response	2				1910705	8231	0
1EZIDV	71	Pulse	255				1913386	10912	0
1EZIDV	72	Pulse	255				1933384	10737	0
1EZIDV	73	Picture	stm,2,2	stm	2	2	1948323	0	1	20173	1	0	next	hit	151
1EZIDV	73	Pulse	255				1953385	5062	0
1EZIDV	73	Response	1				1956554	8232	0
1EZIDV	74	Pulse	255				1973385	4889	0
1EZIDV	75	Picture	stm,2,2	stm	2	2	1979833	0	1	20173	1	0	next	hit	154
1EZIDV	75	Response	2				1991075	11241	0
1EZIDV	75	Pulse	255				1993386	13552	0
1EZIDV	77	Picture	stm,2,2	stm	2	2	2010510	0	1	20173	1	0	next	hit	158
1EZIDV	77	Pulse	255				2013384	2874	0
1EZIDV	77	Response	1				2017735	7224	0
1EZIDV	78	Pulse	255				2033385	2701	0
1EZIDV	79	Pulse	255				2053385	10197	0
1EZIDV	79	Pulse	255				2073385	30197	0
1EZIDV	79	Pulse	255				2093385	50197	0
1EZIDV	79	Pulse	255				2113385	70197	0
1EZIDV	80	Picture	txt,4,3	txt	4	3	2127383	0	1	20173	1	0	next	other	0
1EZIDV	80	Pulse	255				2133385	6002	0
1EZIDV	81	Pulse	255				2153385	5828	0
1EZIDV	82	Picture	stm,4,3	stm	4	3	2162728	0	1	20173	1	0	next	hit	169
1EZIDV	82	Pulse	255				2173385	10657	0
1EZIDV	82	Response	2				2180065	17337	0
1EZIDV	83	Pulse	255				2193385	10483	0
1EZIDV	84	Picture	stm,4,3	stm	4	3	2205409	0	1	20173	1	0	next	hit	173
1EZIDV	84	Pulse	255				2213385	7976	0
1EZIDV	84	Response	2				2215245	9835	0
1EZIDV	85	Pulse	255				2233385	7802	0
1EZIDV	86	Picture	stm,4,3	stm	4	3	2235920	0	1	20173	1	0	next	hit	176
1EZIDV	86	Response	2				2246145	10225	0
1EZIDV	86	Pulse	255				2253385	17465	0
1EZIDV	88	Picture	stm,4,3	stm	4	3	2272588	0	12	20017	12	0	next	hit	180
1EZIDV	88	Pulse	255				2273385	797	0
1EZIDV	88	Response	2				2286225	13637	0
1EZIDV	89	Pulse	255				2293385	780	0
1EZIDV	90	Pulse	255				2313385	6775	0
1EZIDV	90	Pulse	255				2333385	26775	0
1EZIDV	90	Pulse	255				2353385	46775	0
1EZIDV	90	Pulse	255				2373385	66775	0
1EZIDV	90	Pulse	255				2393385	86775	0
1EZIDV	91	Picture	txt,5,2	txt	5	2	2407804	0	14	20008	30	0	next	other	0
1EZIDV	91	Pulse	255				2413385	5581	0
1EZIDV	92	Pulse	255				2433385	5573	0
1EZIDV	93	Picture	stm,5,2	stm	5	2	2442989	0	1	20173	1	0	next	hit	191
1EZIDV	93	Response	1				2449615	6626	0
1EZIDV	93	Pulse	255				2453385	10395	0
1EZIDV	94	Pulse	255				2473385	10222	0
1EZIDV	95	Picture	stm,5,2	stm	5	2	2492506	0	1	20173	1	0	next	hit	196
1EZIDV	95	Pulse	255				2493385	879	0
1EZIDV	95	Response	2				2498835	6329	0
1EZIDV	96	Pulse	255				2513385	705	0
1EZIDV	97	Picture	stm,5,2	stm	5	2	2529519	0	1	20173	1	0	next	hit	200
1EZIDV	97	Pulse	255				2533385	3867	0
1EZIDV	97	Response	2				2540105	10587	0
1EZIDV	98	Pulse	255				2553385	3693	0
1EZIDV	99	Picture	stm,5,2	stm	5	2	2560696	0	1	20173	1	0	next	hit	203
1EZIDV	99	Response	1				2567705	7009	0
1EZIDV	99	Pulse	255				2573386	12690	0
1EZIDV	101	Pulse	255				2593385	1345	0
1EZIDV	101	Pulse	255				2613385	21346	0
1EZIDV	101	Pulse	255				2633385	41346	0
1EZIDV	101	Pulse	255				2653385	61346	0
1EZIDV	101	Pulse	255				2673385	81346	0
1EZIDV	102	Picture	txt,1,1	txt	1	1	2692407	0	1	20173	1	0	next	other	0
1EZIDV	102	Pulse	255				2693385	979	0
1EZIDV	103	Pulse	255				2713385	805	0
1EZIDV	104	Picture	stm,1,1	stm	1	1	2727752	0	1	20173	1	0	next	hit	215
1EZIDV	104	Pulse	255				2733385	5633	0
1EZIDV	104	Response	2				2741565	13813	0
1EZIDV	105	Pulse	255				2753385	5460	0
1EZIDV	106	Picture	stm,1,1	stm	1	1	2767099	0	1	20173	1	0	next	hit	219
1EZIDV	106	Pulse	255				2773385	6287	0
1EZIDV	106	Response	2				2778685	11587	0
1EZIDV	107	Pulse	255				2793385	6113	0
1EZIDV	108	Picture	stm,1,1	stm	1	1	2803611	0	1	20173	1	0	next	hit	223
1EZIDV	108	Pulse	255				2813385	9774	0
1EZIDV	108	Response	1				2820585	16974	0
1EZIDV	109	Pulse	255				2833385	9601	0
1EZIDV	110	Picture	stm,1,1	stm	1	1	2834788	0	1	20173	1	0	next	hit	227
1EZIDV	110	Pulse	255				2853385	18597	0
1EZIDV	110	Response	2				2854775	19987	0
1EZIDV	112	Pulse	255				2873385	84	0
1EZIDV	112	Pulse	255				2893385	20084	0
1EZIDV	112	Pulse	255				2913385	40084	0
1EZIDV	112	Pulse	255				2933385	60084	0
1EZIDV	112	Pulse	255				2953385	80084	0
1EZIDV	113	Picture	txt,6,2	txt	6	2	2961831	0	1	20173	1	0	next	other	0
1EZIDV	113	Pulse	255				2973385	11554	0
1EZIDV	114	Pulse	255				2993385	11381	0
1EZIDV	115	Picture	stm,6,2	stm	6	2	2997176	0	1	20173	1	0	next	hit	237
1EZIDV	115	Response	2				3009805	12629	0
1EZIDV	115	Pulse	255				3013385	16209	0
1EZIDV	116	Pulse	255				3033385	16036	0
1EZIDV	117	Picture	stm,6,2	stm	6	2	3044025	0	1	20173	1	0	next	hit	241
1EZIDV	117	Response	1				3051985	7960	0
1EZIDV	117	Pulse	255				3053386	9361	0
1EZIDV	118	Pulse	255				3073385	9186	0
1EZIDV	119	Picture	stm,6,2	stm	6	2	3076536	0	1	20173	1	0	next	hit	245
1EZIDV	119	Response	1				3088265	11729	0
1EZIDV	119	Pulse	255				3093385	16849	0
1EZIDV	121	Picture	stm,6,2	stm	6	2	3109881	0	1	20173	1	0	next	hit	249
1EZIDV	121	Pulse	255				3113385	3505	0
1EZIDV	121	Response	2				3126655	16775	0
1EZIDV	122	Pulse	255				3133386	3331	0
1EZIDV	122	Pulse	255				3153385	23331	0
1EZIDV	123	Pulse	255				3173385	16656	0
1EZIDV	123	Pulse	255				3193385	36656	0
1EZIDV	123	Pulse	255				3213385	56656	0
1EZIDV	123	Pulse	255				3233385	76656	0
1EZIDV	124	Picture	txt,2,1	txt	2	1	3251095	0	1	20173	1	0	next	other	0
1EZIDV	124	Pulse	255				3253385	2290	0
1EZIDV	125	Pulse	255				3273385	2117	0
1EZIDV	126	Picture	stm,2,1	stm	2	1	3286440	0	1	20173	1	0	next	hit	261
1EZIDV	126	Pulse	255				3293385	6945	0
1EZIDV	126	Response	1				3300065	13625	0
1EZIDV	127	Pulse	255				3313385	6772	0
1EZIDV	128	Picture	stm,2,1	stm	2	1	3321619	0	1	20173	1	0	next	hit	265
1EZIDV	128	Pulse	255				3333386	11767	0
1EZIDV	128	Response	2				3334405	12787	0
1EZIDV	129	Pulse	255				3353385	11593	0
1EZIDV	130	Picture	stm,2,1	stm	2	1	3360298	0	1	20173	1	0	next	hit	268
1EZIDV	130	Response	1				3371635	11337	0
1EZIDV	130	Pulse	255				3373387	13088	0
1EZIDV	132	Picture	stm,2,1	stm	2	1	3393143	0	1	20173	1	0	next	hit	272
1EZIDV	132	Pulse	255				3393385	242	0
1EZIDV	132	Response	2				3400976	7833	0
1EZIDV	133	Pulse	255				3413385	69	0
1EZIDV	134	Pulse	255				3433386	5231	0
1EZIDV	134	Pulse	255				3453375	25221	0
1EZIDV	134	Pulse	255				3473376	45221	0
1EZIDV	134	Pulse	255				3493376	65221	0
1EZIDV	134	Pulse	255				3513376	85221	0
1EZIDV	135	Picture	txt,1,2	txt	1	2	3533357	0	1	20173	1	0	next	other	0
1EZIDV	135	Pulse	255				3533376	19	0
1EZIDV	135	Pulse	255				3553375	20019	0
1EZIDV	137	Picture	stm,1,2	stm	1	2	3568702	0	1	20173	1	0	next	hit	284
1EZIDV	137	Pulse	255				3573375	4674	0
1EZIDV	137	Response	1				3577045	8343	0
1EZIDV	138	Pulse	255				3593376	4500	0
1EZIDV	139	Picture	stm,1,2	stm	1	2	3606715	0	1	20173	1	0	next	hit	288
1EZIDV	139	Pulse	255				3613376	6661	0
1EZIDV	139	Response	2				3621106	14391	0
1EZIDV	140	Pulse	255				3633376	6487	0
1EZIDV	141	Picture	stm,1,2	stm	1	2	3641393	0	1	20173	1	0	next	hit	291
1EZIDV	141	Response	2				3647846	6453	0
1EZIDV	141	Pulse	255				3653376	11982	0
1EZIDV	142	Pulse	255				3673376	11809	0
1EZIDV	143	Picture	stm,1,2	stm	1	2	3675238	0	1	20173	1	0	next	hit	295
1EZIDV	143	Response	2				3690476	15238	0
1EZIDV	143	Pulse	255				3693375	18137	0
1EZIDV	145	Pulse	255				3713376	7127	0
1EZIDV	145	Pulse	255				3733376	27127	0
1EZIDV	145	Pulse	255				3753376	47127	0
1EZIDV	145	Pulse	255				3773376	67127	0
1EZIDV	145	Pulse	255				3793376	87127	0
1EZIDV	146	Picture	txt,5,3	txt	5	3	3804615	0	1	20173	1	0	next	other	0
1EZIDV	146	Pulse	255				3813376	8761	0
1EZIDV	147	Pulse	255				3833376	8588	0
1EZIDV	148	Picture	stm,5,3	stm	5	3	3839960	0	1	20173	1	0	next	hit	307
1EZIDV	148	Pulse	255				3853376	13416	0
1EZIDV	148	Response	2				3853625	13665	0
1EZIDV	149	Pulse	255				3873376	13242	0
1EZIDV	150	Picture	stm,5,3	stm	5	3	3874472	0	1	20173	1	0	next	hit	310
1EZIDV	150	Response	2				3890006	15534	0
1EZIDV	150	Pulse	255				3893375	18904	0
1EZIDV	152	Picture	stm,5,3	stm	5	3	3906649	0	1	20173	1	0	next	hit	314
1EZIDV	152	Pulse	255				3913376	6727	0
1EZIDV	152	Response	2				3917646	10997	0
1EZIDV	153	Pulse	255				3933376	6553	0
1EZIDV	154	Picture	stm,5,3	stm	5	3	3939327	0	1	20173	1	0	next	hit	317
1EZIDV	154	Response	2				3950246	10919	0
1EZIDV	154	Pulse	255				3953375	14049	0
1EZIDV	156	Pulse	255				3973376	2538	0
1EZIDV	156	Pulse	255				3993376	22538	0
1EZIDV	156	Pulse	255				4013376	42538	0
1EZIDV	156	Pulse	255				4033376	62538	0
1EZIDV	156	Pulse	255				4053376	82538	0
1EZIDV	157	Picture	txt,6,3	txt	6	3	4071538	0	1	20173	1	0	next	other	0
1EZIDV	157	Pulse	255				4073376	1838	0
1EZIDV	158	Pulse	255				4093376	1664	0
1EZIDV	159	Picture	stm,6,3	stm	6	3	4106883	0	1	20173	1	0	next	hit	329
1EZIDV	159	Pulse	255				4113376	6493	0
1EZIDV	159	Response	1				4118586	11703	0
1EZIDV	160	Pulse	255				4133376	6319	0
1EZIDV	161	Picture	stm,6,3	stm	6	3	4139561	0	1	20173	1	0	next	hit	332
1EZIDV	161	Response	1				4152146	12585	0
1EZIDV	161	Pulse	255				4153377	13816	0
1EZIDV	162	Pulse	255				4173375	13641	0
1EZIDV	163	Picture	stm,6,3	stm	6	3	4175406	0	1	20173	1	0	next	hit	336
1EZIDV	163	Response	2				4188596	13190	0
1EZIDV	163	Pulse	255				4193376	17969	0
1EZIDV	165	Picture	stm,6,3	stm	6	3	4206083	0	1	20173	1	0	next	hit	340
1EZIDV	165	Pulse	255				4213376	7293	0
1EZIDV	165	Response	1				4221426	15343	0
1EZIDV	166	Pulse	255				4233376	7119	0
1EZIDV	167	Pulse	255				4253376	16949	0
1EZIDV	167	Pulse	255				4273376	36949	0
1EZIDV	167	Pulse	255				4293376	56949	0
1EZIDV	167	Pulse	255				4313376	76949	0
1EZIDV	168	Picture	txt,3,2	txt	3	2	4328291	0	1	20173	1	0	next	other	0
1EZIDV	168	Pulse	255				4333376	5085	0
1EZIDV	169	Pulse	255				4353376	4911	0
1EZIDV	170	Picture	stm,3,2	stm	3	2	4363636	0	1	20173	1	0	next	hit	351
1EZIDV	170	Pulse	255				4373376	9739	0
1EZIDV	170	Response	2				4380696	17060	0
1EZIDV	171	Pulse	255				4393376	9566	0
1EZIDV	172	Picture	stm,3,2	stm	3	2	4402483	0	1	20173	1	0	next	hit	355
1EZIDV	172	Pulse	255				4413376	10893	0
1EZIDV	172	Response	1				4419956	17473	0
1EZIDV	173	Pulse	255				4433376	10720	0
1EZIDV	174	Picture	stm,3,2	stm	3	2	4437161	0	1	20173	1	0	next	hit	358
1EZIDV	174	Response	2				4448186	11025	0
1EZIDV	174	Pulse	255				4453376	16215	0
1EZIDV	176	Picture	stm,3,2	stm	3	2	4470839	0	1	20173	1	0	next	hit	362
1EZIDV	176	Pulse	255				4473376	2537	0
1EZIDV	176	Response	2				4480916	10077	0
1EZIDV	177	Pulse	255				4493376	2363	0
1EZIDV	178	Pulse	255				4513376	12193	0
1EZIDV	178	Pulse	255				4533376	32193	0
1EZIDV	178	Pulse	255				4553376	52193	0
1EZIDV	178	Pulse	255				4573376	72193	0
1EZIDV	178	Pulse	255				4593376	92193	0
1EZIDV	179	Picture	txt,5,1	txt	5	1	4595048	0	1	20173	1	0	next	other	0
1EZIDV	179	Pulse	255				4613376	18328	0
1EZIDV	181	Picture	stm,5,1	stm	5	1	4630393	0	1	20173	1	0	next	hit	373
1EZIDV	181	Pulse	255				4633376	2983	0
1EZIDV	181	Response	2				4649396	19003	0
1EZIDV	182	Pulse	255				4653375	2809	0
1EZIDV	183	Picture	stm,5,1	stm	5	1	4662237	0	1	20173	1	0	next	hit	377
1EZIDV	183	Pulse	255				4673376	11139	0
1EZIDV	183	Response	1				4676456	14219	0
1EZIDV	185	Picture	stm,5,1	stm	5	1	4693247	0	1	20173	1	0	next	hit	380
1EZIDV	185	Pulse	255				4693376	129	0
1EZIDV	185	Response	2				4705146	11899	0
1EZIDV	185	Pulse	255				4713376	20129	0
1EZIDV	187	Picture	stm,5,1	stm	5	1	4723924	0	1	20173	1	0	next	hit	384
1EZIDV	187	Pulse	255				4733376	9452	0
1EZIDV	187	Response	1				4735556	11632	0
1EZIDV	188	Pulse	255				4753376	9278	0
1EZIDV	189	Pulse	255				4773376	16107	0
1EZIDV	189	Pulse	255				4793376	36107	0
1EZIDV	189	Pulse	255				4813376	56107	0
1EZIDV	189	Pulse	255				4833376	76107	0
1EZIDV	189	Pulse	255				4853376	96107	0
1EZIDV	190	Picture	txt,3,3	txt	3	3	4859970	0	1	20173	1	0	next	other	0
1EZIDV	190	Pulse	255				4873376	13406	0
1EZIDV	191	Pulse	255				4893376	13232	0
1EZIDV	192	Picture	stm,3,3	stm	3	3	4895315	0	1	20173	1	0	next	hit	395
1EZIDV	192	Response	2				4903376	8061	0
1EZIDV	192	Pulse	255				4913376	18061	0
1EZIDV	194	Picture	stm,3,3	stm	3	3	4929478	0	18	20023	18	0	next	hit	399
1EZIDV	194	Pulse	255				4933376	3898	0
1EZIDV	194	Response	2				4940606	11129	0
1EZIDV	195	Pulse	255				4953376	3876	0
1EZIDV	196	Picture	stm,3,3	stm	3	3	4963672	0	1	20173	1	0	next	hit	403
1EZIDV	196	Pulse	255				4973376	9704	0
1EZIDV	196	Response	2				4979176	15504	0
1EZIDV	197	Pulse	255				4993376	9531	0
1EZIDV	198	Picture	stm,3,3	stm	3	3	4997850	0	1	20173	1	0	next	hit	406
1EZIDV	198	Response	1				5013956	16106	0
1EZIDV	200	Picture	break	break			5036029	0	1	482996	1	0	next	other	0
1EZIDV	200	Response	3				5518950	482920	0
1EZIDV	201	Pulse	255				5866857	347832	0
1EZIDV	201	Pulse	255				5886857	367831	0
1EZIDV	201	Pulse	255				5906857	387831	0
1EZIDV	201	Pulse	255				5926857	407831	0
1EZIDV	201	Pulse	255				5946857	427831	0
1EZIDV	202	Picture	txt,3,1	txt	3	1	5947003	0	1	20173	1	0	next	other	0
1EZIDV	202	Pulse	255				5966857	19854	0
1EZIDV	204	Picture	stm,3,1	stm	3	1	5982348	0	1	20173	1	0	next	hit	418
1EZIDV	204	Pulse	255				5986857	4508	0
1EZIDV	204	Response	2				5992287	9938	0
1EZIDV	205	Pulse	255				6006857	4335	0
1EZIDV	205	Pulse	255				6026857	24335	0
1EZIDV	206	Picture	stm,3,1	stm	3	1	6027030	0	1	20173	1	0	next	hit	422
1EZIDV	206	Response	1				6036657	9627	0
1EZIDV	206	Pulse	255				6046857	19827	0
1EZIDV	208	Picture	stm,3,1	stm	3	1	6063542	0	1	20173	1	0	next	hit	426
1EZIDV	208	Pulse	255				6066857	3314	0
1EZIDV	208	Response	1				6075657	12114	0
1EZIDV	209	Pulse	255				6086857	3141	0
1EZIDV	210	Picture	stm,3,1	stm	3	1	6105390	0	1	20173	1	0	next	hit	430
1EZIDV	210	Pulse	255				6106857	1467	0
1EZIDV	210	Response	2				6115877	10487	0
1EZIDV	211	Pulse	255				6126857	1294	0
1EZIDV	212	Pulse	255				6146857	9623	0
1EZIDV	212	Pulse	255				6166857	29623	0
1EZIDV	212	Pulse	255				6186857	49623	0
1EZIDV	212	Pulse	255				6206857	69623	0
1EZIDV	213	Picture	txt,6,3	txt	6	3	6220595	0	1	20173	1	0	next	other	0
1EZIDV	213	Pulse	255				6226857	6262	0
1EZIDV	214	Pulse	255				6246857	6088	0
1EZIDV	215	Picture	stm,6,3	stm	6	3	6255940	0	1	20173	1	0	next	hit	441
1EZIDV	215	Pulse	255				6266857	10916	0
1EZIDV	215	Response	2				6271867	15926	0
1EZIDV	216	Pulse	255				6286857	10743	0
1EZIDV	217	Picture	stm,6,3	stm	6	3	6294120	0	1	20173	1	0	next	hit	445
1EZIDV	217	Pulse	255				6306857	12737	0
1EZIDV	217	Response	2				6311217	17097	0
1EZIDV	218	Pulse	255				6326857	12563	0
1EZIDV	219	Picture	stm,6,3	stm	6	3	6328798	0	1	20173	1	0	next	hit	448
1EZIDV	219	Response	1				6342937	14139	0
1EZIDV	219	Pulse	255				6346856	18058	0
1EZIDV	221	Picture	stm,6,3	stm	6	3	6365311	0	1	20173	1	0	next	hit	452
1EZIDV	221	Pulse	255				6366857	1546	0
1EZIDV	221	Response	1				6374317	9006	0
1EZIDV	222	Pulse	255				6386857	1373	0
1EZIDV	223	Pulse	255				6406857	10702	0
1EZIDV	223	Pulse	255				6426857	30703	0
1EZIDV	223	Pulse	255				6446857	50703	0
1EZIDV	223	Pulse	255				6466857	70703	0
1EZIDV	223	Pulse	255				6486857	90702	0
1EZIDV	224	Picture	txt,2,1	txt	2	1	6498856	0	1	20173	1	0	next	other	0
1EZIDV	224	Pulse	255				6506857	8001	0
1EZIDV	225	Pulse	255				6526857	7828	0
1EZIDV	226	Picture	stm,2,1	stm	2	1	6534201	0	1	20173	1	0	next	hit	464
1EZIDV	226	Pulse	255				6546857	12656	0
1EZIDV	226	Response	1				6552947	18746	0
1EZIDV	227	Pulse	255				6566857	12483	0
1EZIDV	228	Picture	stm,2,1	stm	2	1	6576715	0	1	20173	1	0	next	hit	468
1EZIDV	228	Pulse	255				6586857	10142	0
1EZIDV	228	Response	2				6589207	12492	0
1EZIDV	229	Pulse	255				6606857	9968	0
1EZIDV	230	Picture	stm,2,1	stm	2	1	6607892	0	1	20173	1	0	next	hit	471
1EZIDV	230	Response	2				6619497	11605	0
1EZIDV	230	Pulse	255				6626857	18965	0
1EZIDV	232	Picture	stm,2,1	stm	2	1	6640728	0	17	20015	17	0	next	hit	475
1EZIDV	232	Pulse	255				6646857	6128	0
1EZIDV	232	Response	1				6651447	10718	0
1EZIDV	233	Pulse	255				6666857	6114	0
1EZIDV	234	Pulse	255				6686857	15777	0
1EZIDV	234	Pulse	255				6706857	35777	0
1EZIDV	234	Pulse	255				6726857	55777	0
1EZIDV	234	Pulse	255				6746857	75777	0
1EZIDV	234	Pulse	255				6766857	95777	0
1EZIDV	235	Picture	txt,4,3	txt	4	3	6771781	0	1	20173	1	0	next	other	0
1EZIDV	235	Pulse	255				6786857	15076	0
1EZIDV	236	Pulse	255				6806847	14893	0
1EZIDV	237	Picture	stm,4,3	stm	4	3	6807126	0	1	20173	1	0	next	hit	486
1EZIDV	237	Response	2				6818837	11711	0
1EZIDV	237	Pulse	255				6826857	19731	0
1EZIDV	239	Picture	stm,4,3	stm	4	3	6844639	0	1	20173	1	0	next	hit	490
1EZIDV	239	Pulse	255				6846847	2208	0
1EZIDV	239	Response	2				6852327	7688	0
1EZIDV	240	Pulse	255				6866847	2035	0
1EZIDV	241	Picture	stm,4,3	stm	4	3	6876483	0	1	20173	1	0	next	hit	493
1EZIDV	241	Response	2				6886597	10114	0
1EZIDV	241	Pulse	255				6886847	10364	0
1EZIDV	242	Pulse	255				6906847	10190	0
1EZIDV	243	Picture	stm,4,3	stm	4	3	6913662	0	1	20173	1	0	next	hit	497
1EZIDV	243	Response	2				6923187	9525	0
1EZIDV	243	Pulse	255				6926847	13185	0
1EZIDV	245	Pulse	255				6946847	841	0
1EZIDV	245	Pulse	255				6966847	20841	0
1EZIDV	245	Pulse	255				6986847	40841	0
1EZIDV	245	Pulse	255				7006847	60841	0
1EZIDV	245	Pulse	255				7026847	80841	0
1EZIDV	245	Pulse	255				7046847	100841	0
1EZIDV	246	Picture	txt,2,2	txt	2	2	7047207	0	1	20173	1	0	next	other	0
1EZIDV	246	Pulse	255				7066847	19640	0
1EZIDV	248	Picture	stm,2,2	stm	2	2	7082552	0	1	20173	1	0	next	hit	509
1EZIDV	248	Pulse	255				7086847	4295	0
1EZIDV	248	Response	1				7090857	8305	0
1EZIDV	249	Pulse	255				7106847	4121	0
1EZIDV	250	Picture	stm,2,2	stm	2	2	7120232	0	1	20173	1	0	next	hit	513
1EZIDV	250	Pulse	255				7126847	6616	0
1EZIDV	250	Response	1				7130837	10606	0
1EZIDV	251	Pulse	255				7146847	6442	0
1EZIDV	252	Picture	stm,2,2	stm	2	2	7151742	0	1	20173	1	0	next	hit	517
1EZIDV	252	Pulse	255				7166847	15105	0
1EZIDV	252	Response	1				7167947	16205	0
1EZIDV	253	Pulse	255				7186847	14931	0
1EZIDV	254	Picture	stm,2,2	stm	2	2	7198258	0	1	20173	1	0	next	hit	520
1EZIDV	254	Response	2				7205527	7269	0
1EZIDV	254	Pulse	255				7206848	8590	0
1EZIDV	255	Pulse	255				7226847	8416	0
1EZIDV	256	Pulse	255				7246847	14911	0
1EZIDV	256	Pulse	255				7266847	34911	0
1EZIDV	256	Pulse	255				7286847	54911	0
1EZIDV	256	Pulse	255				7306847	74911	0
1EZIDV	257	Picture	txt,5,2	txt	5	2	7318798	0	1	20173	1	0	next	other	0
1EZIDV	257	Pulse	255				7326847	8049	0
1EZIDV	258	Pulse	255				7346847	7875	0
1EZIDV	259	Picture	stm,5,2	stm	5	2	7354144	0	1	20173	1	0	next	hit	531
1EZIDV	259	Response	1				7363067	8924	0
1EZIDV	259	Pulse	255				7366847	12703	0
1EZIDV	260	Pulse	255				7386847	12530	0
1EZIDV	261	Picture	stm,5,2	stm	5	2	7389989	0	1	20173	1	0	next	hit	535
1EZIDV	261	Response	1				7396887	6898	0
1EZIDV	261	Pulse	255				7406847	16858	0
1EZIDV	263	Picture	stm,5,2	stm	5	2	7421666	0	1	20173	1	0	next	hit	539
1EZIDV	263	Pulse	255				7426847	5181	0
1EZIDV	263	Response	2				7429797	8131	0
1EZIDV	264	Pulse	255				7446847	5007	0
1EZIDV	265	Picture	stm,5,2	stm	5	2	7452844	0	1	20173	1	0	next	hit	542
1EZIDV	265	Response	2				7465287	12444	0
1EZIDV	265	Pulse	255				7466848	14004	0
1EZIDV	267	Pulse	255				7486847	1492	0
1EZIDV	267	Pulse	255				7506847	21493	0
1EZIDV	267	Pulse	255				7526847	41493	0
1EZIDV	267	Pulse	255				7546847	61493	0
1EZIDV	267	Pulse	255				7566847	81493	0
1EZIDV	268	Picture	txt,3,2	txt	3	2	7577219	0	1	20173	1	0	next	other	0
1EZIDV	268	Pulse	255				7586847	9629	0
1EZIDV	269	Pulse	255				7606847	9455	0
1EZIDV	270	Picture	stm,3,2	stm	3	2	7612564	0	1	20173	1	0	next	hit	553
1EZIDV	270	Response	2				7626267	13703	0
1EZIDV	270	Pulse	255				7626848	14284	0
1EZIDV	271	Pulse	255				7646847	14109	0
1EZIDV	272	Picture	stm,3,2	stm	3	2	7648243	0	1	20173	1	0	next	hit	557
1EZIDV	272	Response	1				7665048	16805	0
1EZIDV	272	Pulse	255				7666848	18606	0
1EZIDV	274	Picture	stm,3,2	stm	3	2	7684922	0	1	20173	1	0	next	hit	561
1EZIDV	274	Pulse	255				7686847	1925	0
1EZIDV	274	Response	2				7695127	10206	0
1EZIDV	275	Pulse	255				7706847	1752	0
1EZIDV	276	Picture	stm,3,2	stm	3	2	7719267	0	1	20173	1	0	next	hit	565
1EZIDV	276	Pulse	255				7726847	7581	0
1EZIDV	276	Response	2				7728017	8750	0
1EZIDV	277	Pulse	255				7746847	7407	0
1EZIDV	278	Pulse	255				7766847	5066	0
1EZIDV	278	Pulse	255				7786847	25066	0
1EZIDV	278	Pulse	255				7806847	45066	0
1EZIDV	278	Pulse	255				7826847	65067	0
1EZIDV	278	Pulse	255				7846847	85066	0
1EZIDV	278	Pulse	255				7866847	105066	0
1EZIDV	279	Picture	txt,6,1	txt	6	1	7869484	0	1	20173	1	0	next	other	0
1EZIDV	279	Pulse	255				7886847	17364	0
1EZIDV	281	Picture	stm,6,1	stm	6	1	7904829	0	1	20173	1	0	next	hit	577
1EZIDV	281	Pulse	255				7906847	2018	0
1EZIDV	281	Response	1				7914898	10068	0
1EZIDV	282	Pulse	255				7926847	1845	0
1EZIDV	283	Picture	stm,6,1	stm	6	1	7935840	0	1	20173	1	0	next	hit	581
1EZIDV	283	Pulse	255				7946847	11008	0
1EZIDV	283	Response	1				7947587	11747	0
1EZIDV	284	Pulse	255				7966847	10834	0
1EZIDV	285	Picture	stm,6,1	stm	6	1	7967684	0	1	20173	1	0	next	hit	584
1EZIDV	285	Response	1				7974508	6824	0
1EZIDV	285	Pulse	255				7986847	19164	0
1EZIDV	287	Picture	stm,6,1	stm	6	1	8000361	0	1	20173	1	0	next	hit	588
1EZIDV	287	Pulse	255				8006847	6486	0
1EZIDV	287	Response	2				8010087	9726	0
1EZIDV	288	Pulse	255				8026848	6313	0
1EZIDV	289	Pulse	255				8046847	13142	0
1EZIDV	289	Pulse	255				8066848	33142	0
1EZIDV	289	Pulse	255				8086848	53142	0
1EZIDV	289	Pulse	255				8106848	73142	0
1EZIDV	290	Picture	txt,4,1	txt	4	1	8117901	0	1	20173	1	0	next	other	0
1EZIDV	290	Pulse	255				8126848	8947	0
1EZIDV	291	Pulse	255				8146847	8773	0
1EZIDV	292	Picture	stm,4,1	stm	4	1	8153246	0	1	20173	1	0	next	hit	598
1EZIDV	292	Response	2				8164008	10761	0
1EZIDV	292	Pulse	255				8166847	13601	0
1EZIDV	293	Pulse	255				8186848	13428	0
1EZIDV	294	Picture	stm,4,1	stm	4	1	8199428	0	1	20173	1	0	next	hit	603
1EZIDV	294	Pulse	255				8206848	7419	0
1EZIDV	294	Response	2				8211208	11779	0
1EZIDV	295	Pulse	255				8226848	7246	0
1EZIDV	296	Picture	stm,4,1	stm	4	1	8230272	0	1	20173	1	0	next	hit	606
1EZIDV	296	Response	2				8244008	13736	0
1EZIDV	296	Pulse	255				8246847	16575	0
1EZIDV	298	Picture	stm,4,1	stm	4	1	8260782	0	1	20173	1	0	next	hit	610
1EZIDV	298	Pulse	255				8266848	6065	0
1EZIDV	298	Response	1				8272108	11325	0
1EZIDV	299	Pulse	255				8286848	5892	0
1EZIDV	300	Pulse	255				8306848	13554	0
1EZIDV	300	Pulse	255				8326848	33554	0
1EZIDV	300	Pulse	255				8346848	53554	0
1EZIDV	300	Pulse	255				8366848	73554	0
1EZIDV	300	Pulse	255				8386848	93554	0
1EZIDV	301	Picture	txt,1,1	txt	1	1	8392327	0	1	20173	1	0	next	other	0
1EZIDV	301	Pulse	255				8406848	14521	0
1EZIDV	302	Pulse	255				8426848	14348	0
1EZIDV	303	Picture	stm,1,1	stm	1	1	8427672	0	1	20173	1	0	next	hit	621
1EZIDV	303	Response	2				8438408	10736	0
1EZIDV	303	Pulse	255				8446848	19176	0
1EZIDV	305	Picture	stm,1,1	stm	1	1	8463684	0	1	20173	1	0	next	hit	625
1EZIDV	305	Pulse	255				8466848	3164	0
1EZIDV	305	Response	1				8474468	10784	0
1EZIDV	306	Pulse	255				8486848	2990	0
1EZIDV	307	Picture	stm,1,1	stm	1	1	8496528	0	1	20173	1	0	next	hit	628
1EZIDV	307	Response	2				8505798	9269	0
1EZIDV	307	Pulse	255				8506848	10320	0
1EZIDV	308	Pulse	255				8526848	10146	0
1EZIDV	309	Picture	stm,1,1	stm	1	1	8529873	0	1	20173	1	0	next	hit	632
1EZIDV	309	Response	1				8543438	13565	0
1EZIDV	309	Pulse	255				8546837	16964	0
1EZIDV	311	Pulse	255				8566849	5965	0
1EZIDV	311	Pulse	255				8586838	25954	0
1EZIDV	311	Pulse	255				8606838	45954	0
1EZIDV	311	Pulse	255				8626838	65954	0
1EZIDV	311	Pulse	255				8646838	85954	0
1EZIDV	312	Picture	txt,3,3	txt	3	3	8660917	0	1	20174	1	0	next	other	0
1EZIDV	312	Pulse	255				8666838	5921	0
1EZIDV	313	Pulse	255				8686838	5747	0
1EZIDV	314	Picture	stm,3,3	stm	3	3	8696262	0	1	20173	1	0	next	hit	644
1EZIDV	314	Pulse	255				8706838	10576	0
1EZIDV	314	Response	2				8709698	13435	0
1EZIDV	315	Pulse	255				8726838	10402	0
1EZIDV	316	Picture	stm,3,3	stm	3	3	8743612	0	1	20173	1	0	next	hit	648
1EZIDV	316	Pulse	255				8746838	3226	0
1EZIDV	316	Response	1				8754518	10906	0
1EZIDV	317	Pulse	255				8766838	3053	0
1EZIDV	318	Picture	stm,3,3	stm	3	3	8785793	0	1	20173	1	0	next	hit	652
1EZIDV	318	Pulse	255				8786838	1045	0
1EZIDV	318	Response	2				8801878	16086	0
1EZIDV	319	Pulse	255				8806838	872	0
1EZIDV	320	Picture	stm,3,3	stm	3	3	8819471	0	1	20173	1	0	next	hit	656
1EZIDV	320	Pulse	255				8826838	7367	0
1EZIDV	320	Response	1				8832768	13297	0
1EZIDV	321	Pulse	255				8846838	7194	0
1EZIDV	322	Pulse	255				8866838	13689	0
1EZIDV	322	Pulse	255				8886838	33689	0
1EZIDV	322	Pulse	255				8906838	53689	0
1EZIDV	322	Pulse	255				8926838	73689	0
1EZIDV	322	Pulse	255				8946838	93689	0
1EZIDV	323	Picture	txt,5,3	txt	5	3	8951515	0	1	20173	1	0	next	other	0
1EZIDV	323	Pulse	255				8966838	15323	0
1EZIDV	324	Pulse	255				8986838	15149	0
1EZIDV	325	Picture	stm,5,3	stm	5	3	8986860	0	1	20173	1	0	next	hit	667
1EZIDV	325	Response	2				8997918	11058	0
1EZIDV	325	Pulse	255				9006838	19978	0
1EZIDV	327	Picture	stm,5,3	stm	5	3	9020372	0	1	20173	1	0	next	hit	671
1EZIDV	327	Pulse	255				9026838	6466	0
1EZIDV	327	Response	2				9031778	11406	0
1EZIDV	328	Pulse	255				9046838	6293	0
1EZIDV	329	Picture	stm,5,3	stm	5	3	9057384	0	1	20173	1	0	next	hit	675
1EZIDV	329	Pulse	255				9066838	9454	0
1EZIDV	329	Response	2				9066978	9594	0
1EZIDV	330	Pulse	255				9086838	9281	0
1EZIDV	331	Picture	stm,5,3	stm	5	3	9088895	0	1	20173	1	0	next	hit	678
1EZIDV	331	Response	2				9100118	11223	0
1EZIDV	331	Pulse	255				9106838	17943	0
1EZIDV	333	Pulse	255				9126838	4099	0
1EZIDV	333	Pulse	255				9146838	24099	0
1EZIDV	333	Pulse	255				9166838	44099	0
1EZIDV	333	Pulse	255				9186838	64099	0
1EZIDV	333	Pulse	255				9206838	84099	0
1EZIDV	334	Picture	txt,4,2	txt	4	2	9206934	0	1	20173	1	0	next	other	0
1EZIDV	334	Pulse	255				9226838	19904	0
1EZIDV	336	Picture	stm,4,2	stm	4	2	9242280	0	1	20173	1	0	next	hit	689
1EZIDV	336	Pulse	255				9246838	4558	0
1EZIDV	336	Response	2				9254768	12488	0
1EZIDV	337	Pulse	255				9266838	4385	0
1EZIDV	338	Picture	stm,4,2	stm	4	2	9279959	0	1	20173	1	0	next	hit	693
1EZIDV	338	Pulse	255				9286838	6879	0
1EZIDV	338	Response	1				9289848	9889	0
1EZIDV	339	Pulse	255				9306838	6706	0
1EZIDV	340	Picture	stm,4,2	stm	4	2	9311470	0	1	20173	1	0	next	hit	696
1EZIDV	340	Response	2				9318968	7498	0
1EZIDV	340	Pulse	255				9326838	15368	0
1EZIDV	342	Picture	stm,4,2	stm	4	2	9342313	0	1	20173	1	0	next	hit	700
1EZIDV	342	Pulse	255				9346838	4525	0
1EZIDV	342	Response	2				9357538	15225	0
1EZIDV	343	Pulse	255				9366838	4351	0
1EZIDV	344	Pulse	255				9386838	13014	0
1EZIDV	344	Pulse	255				9406838	33014	0
1EZIDV	344	Pulse	255				9426838	53014	0
1EZIDV	344	Pulse	255				9446838	73014	0
1EZIDV	344	Pulse	255				9466838	93014	0
1EZIDV	345	Picture	txt,1,3	txt	1	3	9479026	0	1	20173	1	0	next	other	0
1EZIDV	345	Pulse	255				9486838	7812	0
1EZIDV	346	Pulse	255				9506838	7639	0
1EZIDV	347	Picture	stm,1,3	stm	1	3	9514371	0	1	20173	1	0	next	hit	712
1EZIDV	347	Pulse	255				9526838	12467	0
1EZIDV	347	Response	2				9527328	12956	0
1EZIDV	348	Pulse	255				9546838	12293	0
1EZIDV	349	Picture	stm,1,3	stm	1	3	9552551	0	1	20173	1	0	next	hit	716
1EZIDV	349	Pulse	255				9566838	14287	0
1EZIDV	349	Response	2				9571728	19177	0
1EZIDV	351	Picture	stm,1,3	stm	1	3	9583895	0	1	20173	1	0	next	hit	719
1EZIDV	351	Pulse	255				9586838	2943	0
1EZIDV	351	Response	1				9601018	17124	0
1EZIDV	352	Pulse	255				9606838	2770	0
1EZIDV	353	Picture	stm,1,3	stm	1	3	9619740	0	1	20173	1	0	next	hit	723
1EZIDV	353	Pulse	255				9626838	7098	0
1EZIDV	353	Response	1				9631898	12158	0
1EZIDV	354	Pulse	255				9646838	6925	0
1EZIDV	355	Pulse	255				9666838	14254	0
1EZIDV	355	Pulse	255				9686838	34254	0
1EZIDV	355	Pulse	255				9706838	54254	0
1EZIDV	355	Pulse	255				9726838	74254	0
1EZIDV	356	Picture	txt,6,2	txt	6	2	9742115	0	1	20173	1	0	next	other	0
1EZIDV	356	Pulse	255				9746838	4724	0
1EZIDV	357	Pulse	255				9766838	4550	0
1EZIDV	358	Picture	stm,6,2	stm	6	2	9777460	0	1	20173	1	0	next	hit	734
1EZIDV	358	Pulse	255				9786838	9378	0
1EZIDV	358	Response	1				9787048	9588	0
1EZIDV	359	Pulse	255				9806838	9205	0
1EZIDV	360	Picture	stm,6,2	stm	6	2	9812469	0	20	20176	20	0	next	hit	737
1EZIDV	360	Response	1				9821588	9119	0
1EZIDV	360	Pulse	255				9826838	14369	0
1EZIDV	362	Picture	stm,6,2	stm	6	2	9843315	0	1	20173	1	0	next	hit	741
1EZIDV	362	Pulse	255				9846838	3523	0
1EZIDV	362	Response	1				9852328	9013	0
1EZIDV	363	Pulse	255				9866838	3349	0
1EZIDV	364	Picture	stm,6,2	stm	6	2	9880328	0	1	20173	1	0	next	hit	745
1EZIDV	364	Pulse	255				9886838	6511	0
1EZIDV	364	Response	1				9889958	9630	0
1EZIDV	365	Pulse	255				9906838	6337	0
1EZIDV	366	Pulse	255				9926839	15333	0
1EZIDV	366	Pulse	255				9946838	35333	0
1EZIDV	366	Pulse	255				9966839	55334	0
1EZIDV	366	Pulse	255				9986838	75333	0
1EZIDV	366	Pulse	255				10006838	95333	0
1EZIDV	367	Picture	txt,2,3	txt	2	3	10011872	0	1	20173	1	0	next	other	0
1EZIDV	367	Pulse	255				10026838	14966	0
1EZIDV	368	Pulse	255				10046838	14793	0
1EZIDV	369	Picture	stm,2,3	stm	2	3	10047217	0	1	20173	1	0	next	hit	756
1EZIDV	369	Response	2				10059288	12071	0
1EZIDV	369	Pulse	255				10066838	19621	0
1EZIDV	371	Picture	stm,2,3	stm	2	3	10086397	0	1	20173	1	0	next	hit	760
1EZIDV	371	Pulse	255				10086838	441	0
1EZIDV	371	Response	2				10094438	8041	0
1EZIDV	372	Pulse	255				10106838	268	0
1EZIDV	372	Pulse	255				10126839	20268	0
1EZIDV	373	Picture	stm,2,3	stm	2	3	10128234	0	13	20008	30	0	next	hit	764
1EZIDV	373	Response	2				10139998	11765	0
1EZIDV	373	Pulse	255				10146838	18605	0
1EZIDV	375	Picture	stm,2,3	stm	2	3	10165090	0	1	20173	1	0	next	hit	768
1EZIDV	375	Pulse	255				10166838	1748	0
1EZIDV	375	Response	1				10177769	12678	0
1EZIDV	376	Pulse	255				10186839	1575	0
1EZIDV	377	Pulse	255				10206839	6403	0
1EZIDV	377	Pulse	255				10226839	26403	0
1EZIDV	377	Pulse	255				10246829	46393	0
1EZIDV	377	Pulse	255				10266829	66393	0
1EZIDV	377	Pulse	255				10286829	86393	0
1EZIDV	378	Picture	txt,5,1	txt	5	1	10294801	0	1	20173	1	0	next	other	0
1EZIDV	378	Pulse	255				10306829	12028	0
1EZIDV	379	Pulse	255				10326829	11854	0
1EZIDV	380	Picture	stm,5,1	stm	5	1	10330146	0	1	20173	1	0	next	hit	779
1EZIDV	380	Response	2				10346299	16153	0
1EZIDV	380	Pulse	255				10346829	16683	0
1EZIDV	382	Picture	stm,5,1	stm	5	1	10365325	0	1	20173	1	0	next	hit	783
1EZIDV	382	Pulse	255				10366828	1504	0
1EZIDV	382	Response	1				10377999	12674	0
1EZIDV	383	Pulse	255				10386829	1331	0
1EZIDV	384	Picture	stm,5,1	stm	5	1	10397002	0	1	20173	1	0	next	hit	787
1EZIDV	384	Pulse	255				10406829	9827	0
1EZIDV	384	Response	1				10411669	14667	0
1EZIDV	385	Pulse	255				10426829	9653	0
1EZIDV	386	Picture	stm,5,1	stm	5	1	10428179	0	1	20173	1	0	next	hit	790
1EZIDV	386	Response	2				10436829	8649	0
1EZIDV	386	Pulse	255				10446829	18649	0
1EZIDV	388	Pulse	255				10466829	7973	0
1EZIDV	388	Pulse	255				10486829	27973	0
1EZIDV	388	Pulse	255				10506829	47973	0
1EZIDV	388	Pulse	255				10526829	67973	0
1EZIDV	388	Pulse	255				10546829	87973	0
1EZIDV	389	Picture	txt,1,2	txt	1	2	10552721	0	1	20173	1	0	next	other	0
1EZIDV	389	Pulse	255				10566829	14108	0
1EZIDV	390	Pulse	255				10586829	13934	0
1EZIDV	391	Picture	stm,1,2	stm	1	2	10588066	0	1	20173	1	0	next	hit	801
1EZIDV	391	Response	1				10597999	9932	0
1EZIDV	391	Pulse	255				10606829	18762	0
1EZIDV	393	Picture	stm,1,2	stm	1	2	10625079	0	1	20173	1	0	next	hit	805
1EZIDV	393	Pulse	255				10626829	1750	0
1EZIDV	393	Response	2				10632959	7880	0
1EZIDV	394	Pulse	255				10646829	1577	0
1EZIDV	395	Picture	stm,1,2	stm	1	2	10665426	0	1	20173	1	0	next	hit	809
1EZIDV	395	Pulse	255				10666829	1403	0
1EZIDV	395	Response	2				10681269	15843	0
1EZIDV	396	Pulse	255				10686829	1230	0
1EZIDV	397	Picture	stm,1,2	stm	1	2	10700604	0	1	20173	1	0	next	hit	813
1EZIDV	397	Pulse	255				10706829	6225	0
1EZIDV	397	Response	2				10713409	12805	0
1EZIDV	398	Pulse	255				10726829	6051	0
1EZIDV	399	Picture	break	break			10746286	0	1	14838	1	0	next	other	0
1EZIDV	399	Response	3				10760989	14703	0
1EZIDV	400	Pulse	255				11022579	261455	0
1EZIDV	400	Pulse	255				11042579	281454	0
1EZIDV	400	Pulse	255				11062579	301454	0
1EZIDV	400	Pulse	255				11082579	321454	0
1EZIDV	400	Pulse	255				11102579	341454	0
1EZIDV	401	Picture	txt,5,3	txt	5	3	11102740	0	1	20173	1	0	next	other	0
1EZIDV	401	Pulse	255				11122579	19839	0
1EZIDV	403	Picture	stm,5,3	stm	5	3	11138085	0	1	20173	1	0	next	hit	826
1EZIDV	403	Pulse	255				11142579	4494	0
1EZIDV	403	Response	2				11148979	10894	0
1EZIDV	404	Pulse	255				11162579	4321	0
1EZIDV	404	Pulse	255				11182579	24321	0
1EZIDV	405	Picture	stm,5,3	stm	5	3	11182767	0	1	20173	1	0	next	hit	830
1EZIDV	405	Response	1				11198479	15712	0
1EZIDV	405	Pulse	255				11202579	19812	0
1EZIDV	407	Picture	stm,5,3	stm	5	3	11214611	0	1	20173	1	0	next	hit	834
1EZIDV	407	Pulse	255				11222579	7968	0
1EZIDV	407	Response	1				11225059	10448	0
1EZIDV	408	Pulse	255				11242579	7795	0
1EZIDV	409	Picture	stm,5,3	stm	5	3	11245454	0	1	20173	1	0	next	hit	837
1EZIDV	409	Response	2				11252449	6995	0
1EZIDV	409	Pulse	255				11262579	17125	0
1EZIDV	410	Pulse	255				11282579	16951	0
1EZIDV	411	Pulse	255				11302579	17445	0
1EZIDV	411	Pulse	255				11322579	37445	0
1EZIDV	411	Pulse	255				11342579	57445	0
1EZIDV	411	Pulse	255				11362579	77445	0
1EZIDV	411	Pulse	255				11382579	97445	0
1EZIDV	412	Picture	txt,3,2	txt	3	2	11387836	0	1	20173	1	0	next	other	0
1EZIDV	412	Pulse	255				11402579	14743	0
1EZIDV	413	Pulse	255				11422579	14570	0
1EZIDV	414	Picture	stm,3,2	stm	3	2	11423181	0	1	20173	1	0	next	hit	849
1EZIDV	414	Response	1				11433689	10508	0
1EZIDV	414	Pulse	255				11442579	19398	0
1EZIDV	416	Picture	stm,3,2	stm	3	2	11459026	0	1	20173	1	0	next	hit	853
1EZIDV	416	Pulse	255				11462579	3553	0
1EZIDV	416	Response	2				11470899	11873	0
1EZIDV	417	Pulse	255				11482579	3379	0
1EZIDV	418	Picture	stm,3,2	stm	3	2	11497206	0	1	20173	1	0	next	hit	857
1EZIDV	418	Pulse	255				11502579	5373	0
1EZIDV	418	Response	2				11506949	9743	0
1EZIDV	419	Pulse	255				11522579	5200	0
1EZIDV	420	Picture	stm,3,2	stm	3	2	11528042	0	15	20014	15	0	next	hit	861
1EZIDV	420	Pulse	255				11542579	14537	0
1EZIDV	420	Response	1				11542848	14806	0
1EZIDV	422	Pulse	255				11562579	2852	0
1EZIDV	422	Pulse	255				11582579	22852	0
1EZIDV	422	Pulse	255				11602579	42852	0
1EZIDV	422	Pulse	255				11622579	62852	0
1EZIDV	422	Pulse	255				11642579	82852	0
1EZIDV	423	Picture	txt,5,1	txt	5	1	11643922	0	1	20173	1	0	next	other	0
1EZIDV	423	Pulse	255				11662579	18657	0
1EZIDV	425	Picture	stm,5,1	stm	5	1	11679267	0	1	20173	1	0	next	hit	871
1EZIDV	425	Pulse	255				11682579	3312	0
1EZIDV	425	Response	1				11689819	10552	0
1EZIDV	426	Pulse	255				11702579	3139	0
1EZIDV	426	Pulse	255				11722579	23138	0
1EZIDV	427	Picture	stm,5,1	stm	5	1	11723115	0	1	20173	1	0	next	hit	875
1EZIDV	427	Response	2				11729739	6624	0
1EZIDV	427	Pulse	255				11742579	19464	0
1EZIDV	428	Pulse	255				11762579	19290	0
1EZIDV	429	Picture	stm,5,1	stm	5	1	11762795	0	1	20173	1	0	next	hit	879
1EZIDV	429	Response	1				11781049	18254	0
1EZIDV	429	Pulse	255				11782580	19784	0
1EZIDV	431	Picture	stm,5,1	stm	5	1	11794639	0	1	20173	1	0	next	hit	883
1EZIDV	431	Pulse	255				11802579	7939	0
1EZIDV	431	Response	2				11807639	12999	1
1EZIDV	432	Pulse	255				11822569	7756	0
1EZIDV	433	Pulse	255				11842579	13762	0
1EZIDV	433	Pulse	255				11862569	33752	0
1EZIDV	433	Pulse	255				11882569	53752	0
1EZIDV	433	Pulse	255				11902569	73752	0
1EZIDV	433	Pulse	255				11922569	93752	0
1EZIDV	434	Picture	txt,6,3	txt	6	3	11930018	0	1	20173	1	0	next	other	0
1EZIDV	434	Pulse	255				11942569	12551	0
1EZIDV	435	Pulse	255				11962569	12378	0
1EZIDV	436	Picture	stm,6,3	stm	6	3	11965364	0	1	20173	1	0	next	hit	894
1EZIDV	436	Response	2				11978079	12716	0
1EZIDV	436	Pulse	255				11982569	17205	0
1EZIDV	438	Picture	stm,6,3	stm	6	3	11995874	0	1	20173	1	0	next	hit	898
1EZIDV	438	Pulse	255				12002569	6695	0
1EZIDV	438	Response	1				12006919	11045	0
1EZIDV	439	Pulse	255				12022569	6522	0
1EZIDV	440	Picture	stm,6,3	stm	6	3	12028218	0	1	20173	1	0	next	hit	901
1EZIDV	440	Response	1				12037659	9441	0
1EZIDV	440	Pulse	255				12042569	14351	0
1EZIDV	441	Pulse	255				12062569	14178	0
1EZIDV	442	Picture	stm,6,3	stm	6	3	12071899	0	1	20173	1	0	next	hit	906
1EZIDV	442	Pulse	255				12082569	10670	0
1EZIDV	442	Response	1				12083559	11660	0
1EZIDV	443	Pulse	255				12102569	10496	0
1EZIDV	444	Pulse	255				12122569	15491	0
1EZIDV	444	Pulse	255				12142569	35491	0
1EZIDV	444	Pulse	255				12162569	55491	0
1EZIDV	444	Pulse	255				12182569	75491	0
1EZIDV	445	Picture	txt,3,1	txt	3	1	12201443	0	1	20173	1	0	next	other	0
1EZIDV	445	Pulse	255				12202569	1126	0
1EZIDV	446	Pulse	255				12222569	953	0
1EZIDV	447	Picture	stm,3,1	stm	3	1	12236788	0	1	20173	1	0	next	hit	917
1EZIDV	447	Pulse	255				12242569	5781	0
1EZIDV	447	Response	2				12248529	11741	0
1EZIDV	448	Pulse	255				12262569	5608	0
1EZIDV	449	Picture	stm,3,1	stm	3	1	12276635	0	1	20173	1	0	next	hit	921
1EZIDV	449	Pulse	255				12282569	5934	0
1EZIDV	449	Response	2				12290499	13864	0
1EZIDV	450	Pulse	255				12302570	5761	0
1EZIDV	451	Picture	stm,3,1	stm	3	1	12308479	0	1	20173	1	0	next	hit	925
1EZIDV	451	Pulse	255				12322569	14090	0
1EZIDV	451	Response	2				12323119	14640	0
1EZIDV	453	Picture	stm,3,1	stm	3	1	12338989	0	1	20173	1	0	next	hit	928
1EZIDV	453	Pulse	255				12342569	3580	0
1EZIDV	453	Response	1				12349039	10050	0
1EZIDV	454	Pulse	255				12362569	3407	0
1EZIDV	455	Pulse	255				12382569	4900	0
1EZIDV	455	Pulse	255				12402570	24901	0
1EZIDV	455	Pulse	255				12422569	44900	0
1EZIDV	455	Pulse	255				12442569	64900	0
1EZIDV	455	Pulse	255				12462570	84900	0
1EZIDV	455	Pulse	255				12482570	104900	0
1EZIDV	456	Picture	txt,1,3	txt	1	3	12482871	0	1	20173	1	0	next	other	0
1EZIDV	456	Pulse	255				12502570	19698	0
1EZIDV	458	Picture	stm,1,3	stm	1	3	12518216	0	1	20173	1	0	next	hit	940
1EZIDV	458	Pulse	255				12522570	4353	0
1EZIDV	458	Response	2				12526950	8733	0
1EZIDV	459	Pulse	255				12542569	4180	0
1EZIDV	460	Picture	stm,1,3	stm	1	3	12558730	0	1	20173	1	0	next	hit	944
1EZIDV	460	Pulse	255				12562570	3839	0
1EZIDV	460	Response	2				12575640	16910	0
1EZIDV	461	Pulse	255				12582569	3666	0
1EZIDV	462	Picture	stm,1,3	stm	1	3	12589907	0	1	20173	1	0	next	hit	947
1EZIDV	462	Response	2				12601580	11672	0
1EZIDV	462	Pulse	255				12602570	12663	0
1EZIDV	464	Picture	stm,1,3	stm	1	3	12621585	0	1	20173	1	0	next	hit	951
1EZIDV	464	Pulse	255				12622569	984	0
1EZIDV	464	Response	2				12632710	11125	0
1EZIDV	465	Pulse	255				12642570	812	0
1EZIDV	466	Pulse	255				12662570	7140	0
1EZIDV	466	Pulse	255				12682570	27140	0
1EZIDV	466	Pulse	255				12702570	47140	0
1EZIDV	466	Pulse	255				12722570	67140	0
1EZIDV	466	Pulse	255				12742570	87140	0
1EZIDV	467	Picture	txt,4,1	txt	4	1	12749294	0	1	20173	1	0	next	other	0
1EZIDV	467	Pulse	255				12762570	13275	0
1EZIDV	468	Pulse	255				12782570	13102	0
1EZIDV	469	Picture	stm,4,1	stm	4	1	12784639	0	1	20173	1	0	next	hit	962
1EZIDV	469	Response	2				12792250	7610	0
1EZIDV	469	Pulse	255				12802570	17930	0
1EZIDV	471	Picture	stm,4,1	stm	4	1	12817484	0	1	20173	1	0	next	hit	966
1EZIDV	471	Pulse	255				12822570	5086	0
1EZIDV	471	Response	2				12830640	13156	0
1EZIDV	472	Pulse	255				12842570	4912	0
1EZIDV	473	Picture	stm,4,1	stm	4	1	12853663	0	1	20173	1	0	next	hit	970
1EZIDV	473	Pulse	255				12862570	8907	0
1EZIDV	473	Response	1				12873280	19617	0
1EZIDV	474	Pulse	255				12882570	8733	0
1EZIDV	475	Picture	stm,4,1	stm	4	1	12884340	0	1	20173	1	0	next	hit	973
1EZIDV	475	Response	2				12896440	12100	0
1EZIDV	475	Pulse	255				12902570	18230	0
1EZIDV	477	Pulse	255				12922570	7553	0
1EZIDV	477	Pulse	255				12942570	27553	0
1EZIDV	477	Pulse	255				12962570	47553	0
1EZIDV	477	Pulse	255				12982570	67553	0
1EZIDV	477	Pulse	255				13002570	87553	0
1EZIDV	478	Picture	txt,2,2	txt	2	2	13015717	0	1	20173	1	0	next	other	0
1EZIDV	478	Pulse	255				13022570	6852	0
1EZIDV	479	Pulse	255				13042570	6679	0
1EZIDV	480	Picture	stm,2,2	stm	2	2	13051063	0	1	20173	1	0	next	hit	985
1EZIDV	480	Pulse	255				13062570	11507	0
1EZIDV	480	Response	2				13068980	17917	0
1EZIDV	481	Pulse	255				13082570	11334	0
1EZIDV	482	Picture	stm,2,2	stm	2	2	13100079	0	1	20173	1	0	next	hit	989
1EZIDV	482	Pulse	255				13102570	2491	0
1EZIDV	482	Response	1				13110510	10431	0
1EZIDV	483	Pulse	255				13122570	2317	0
1EZIDV	484	Picture	stm,2,2	stm	2	2	13134924	0	1	20173	1	0	next	hit	992
1EZIDV	484	Response	1				13142380	7456	0
1EZIDV	484	Pulse	255				13142570	7646	0
1EZIDV	485	Pulse	255				13162569	7472	0
1EZIDV	486	Picture	stm,2,2	stm	2	2	13165434	0	1	20173	1	0	next	hit	996
1EZIDV	486	Response	2				13174490	9055	0
1EZIDV	486	Pulse	255				13182570	17135	0
1EZIDV	488	Pulse	255				13202570	3124	0
1EZIDV	488	Pulse	255				13222570	23124	0
1EZIDV	488	Pulse	255				13242570	43124	0
1EZIDV	488	Pulse	255				13262570	63124	0
1EZIDV	488	Pulse	255				13282570	83124	0
1EZIDV	489	Picture	txt,2,1	txt	2	1	13282807	0	1	20173	1	0	next	other	0
1EZIDV	489	Pulse	255				13302570	19763	0
1EZIDV	491	Picture	stm,2,1	stm	2	1	13318153	0	1	20173	1	0	next	hit	1007
1EZIDV	491	Pulse	255				13322570	4417	0
1EZIDV	491	Response	2				13335460	17307	0
1EZIDV	492	Pulse	255				13342570	4244	0
1EZIDV	493	Picture	stm,2,1	stm	2	1	13350830	0	1	20173	1	0	next	hit	1011
1EZIDV	493	Pulse	255				13362570	11740	0
1EZIDV	493	Response	2				13363499	12669	0
1EZIDV	494	Pulse	255				13382570	11566	0
1EZIDV	495	Picture	stm,2,1	stm	2	1	13392511	0	1	20173	1	0	next	hit	1015
1EZIDV	495	Pulse	255				13402570	10059	0
1EZIDV	495	Response	2				13407940	15429	0
1EZIDV	496	Pulse	255				13422570	9886	0
1EZIDV	497	Picture	stm,2,1	stm	2	1	13423021	0	1	20173	1	0	next	hit	1018
1EZIDV	497	Response	1				13432360	9339	0
1EZIDV	497	Pulse	255				13442570	19549	0
1EZIDV	499	Pulse	255				13462570	9038	0
1EZIDV	499	Pulse	255				13482570	29038	0
1EZIDV	499	Pulse	255				13502560	49029	0
1EZIDV	499	Pulse	255				13522560	69028	0
1EZIDV	499	Pulse	255				13542570	89038	0
1EZIDV	500	Picture	txt,4,3	txt	4	3	13553899	0	1	20173	1	0	next	other	0
1EZIDV	500	Pulse	255				13562560	8661	0
1EZIDV	501	Pulse	255				13582570	8498	0
1EZIDV	502	Picture	stm,4,3	stm	4	3	13589244	0	1	20173	1	0	next	hit	1029
1EZIDV	502	Response	2				13602480	13236	0
1EZIDV	502	Pulse	255				13602560	13317	0
1EZIDV	503	Pulse	255				13622559	13142	0
1EZIDV	504	Picture	stm,4,3	stm	4	3	13628424	0	1	20173	1	0	next	hit	1033
1EZIDV	504	Response	2				13639560	11136	0
1EZIDV	504	Pulse	255				13642559	14136	0
1EZIDV	505	Pulse	255				13662560	13963	0
1EZIDV	506	Picture	stm,4,3	stm	4	3	13663602	0	1	20173	1	0	next	hit	1037
1EZIDV	506	Response	2				13672470	8868	0
1EZIDV	506	Pulse	255				13682560	18958	0
1EZIDV	508	Picture	stm,4,3	stm	4	3	13694446	0	1	20173	1	0	next	hit	1041
1EZIDV	508	Pulse	255				13702560	8114	0
1EZIDV	508	Response	2				13704730	10284	0
1EZIDV	509	Pulse	255				13722560	7941	0
1EZIDV	510	Pulse	255				13742560	15770	0
1EZIDV	510	Pulse	255				13762560	35770	0
1EZIDV	510	Pulse	255				13782560	55770	0
1EZIDV	510	Pulse	255				13802560	75770	0
1EZIDV	511	Picture	txt,6,1	txt	6	1	13815320	0	1	20173	1	0	next	other	0
1EZIDV	511	Pulse	255				13822560	7240	0
1EZIDV	512	Pulse	255				13842560	7067	0
1EZIDV	513	Picture	stm,6,1	stm	6	1	13850665	0	1	20173	1	0	next	miss	0
1EZIDV	513	Pulse	255				13862560	11895	0
1EZIDV	514	Response	2				13872560	1721	0
1EZIDV	514	Pulse	255				13882560	11721	0
1EZIDV	515	Picture	stm,6,1	stm	6	1	13889845	0	1	20173	1	0	next	hit	1055
1EZIDV	515	Response	2				13902110	12265	0
1EZIDV	515	Pulse	255				13902561	12716	0
1EZIDV	517	Picture	stm,6,1	stm	6	1	13920522	0	1	20173	1	0	next	hit	1059
1EZIDV	517	Pulse	255				13922560	2038	0
1EZIDV	517	Response	2				13931640	11118	0
1EZIDV	518	Pulse	255				13942560	1865	0
1EZIDV	519	Picture	stm,6,1	stm	6	1	13954033	0	1	20173	1	0	next	hit	1063
1EZIDV	519	Pulse	255				13962560	8527	0
1EZIDV	519	Response	1				13963149	9116	0
1EZIDV	520	Pulse	255				13982560	8353	0
1EZIDV	521	Pulse	255				14002560	10181	0
1EZIDV	521	Pulse	255				14022560	30180	0
1EZIDV	521	Pulse	255				14042560	50181	0
1EZIDV	521	Pulse	255				14062560	70180	0
1EZIDV	521	Pulse	255				14082560	90181	0
1EZIDV	522	Picture	txt,1,2	txt	1	2	14091413	0	1	20173	1	0	next	other	0
1EZIDV	522	Pulse	255				14102560	11147	0
1EZIDV	523	Pulse	255				14122560	10974	0
1EZIDV	524	Picture	stm,1,2	stm	1	2	14126758	0	1	20173	1	0	next	hit	1074
1EZIDV	524	Response	1				14135680	8922	0
1EZIDV	524	Pulse	255				14142560	15802	0
1EZIDV	525	Pulse	255				14162560	15629	0
1EZIDV	526	Picture	stm,1,2	stm	1	2	14169606	0	1	20173	1	0	next	hit	1078
1EZIDV	526	Response	2				14178600	8994	0
1EZIDV	526	Pulse	255				14182560	12954	0
1EZIDV	527	Pulse	255				14202560	12781	0
1EZIDV	528	Picture	stm,1,2	stm	1	2	14204618	0	1	20173	1	0	next	hit	1082
1EZIDV	528	Response	2				14218850	14233	0
1EZIDV	528	Pulse	255				14222560	17942	0
1EZIDV	530	Picture	stm,1,2	stm	1	2	14241964	0	1	20173	1	0	next	hit	1086
1EZIDV	530	Pulse	255				14242560	597	0
1EZIDV	530	Response	2				14254290	12327	0
1EZIDV	531	Pulse	255				14262560	423	0
1EZIDV	532	Pulse	255				14282560	8752	0
1EZIDV	532	Pulse	255				14302560	28753	0
1EZIDV	532	Pulse	255				14322560	48753	0
1EZIDV	532	Pulse	255				14342560	68752	0
1EZIDV	532	Pulse	255				14362560	88752	0
1EZIDV	533	Picture	txt,4,2	txt	4	2	14373841	0	1	20173	1	0	next	other	0
1EZIDV	533	Pulse	255				14382560	8719	0
1EZIDV	534	Pulse	255				14402560	8545	0
1EZIDV	535	Picture	stm,4,2	stm	4	2	14409187	0	1	20173	1	0	next	hit	1097
1EZIDV	535	Response	2				14417140	7954	0
1EZIDV	535	Pulse	255				14422560	13374	0
1EZIDV	536	Pulse	255				14442560	13200	0
1EZIDV	537	Picture	stm,4,2	stm	4	2	14450701	0	1	20173	1	0	next	hit	1102
1EZIDV	537	Pulse	255				14462560	11860	0
1EZIDV	537	Response	2				14463330	12629	0
1EZIDV	538	Pulse	255				14482560	11686	0
1EZIDV	539	Picture	stm,4,2	stm	4	2	14490547	0	1	20173	1	0	next	hit	1106
1EZIDV	539	Pulse	255				14502560	12013	0
1EZIDV	539	Response	2				14504760	14213	0
1EZIDV	540	Pulse	255				14522560	11839	0
1EZIDV	541	Picture	stm,4,2	stm	4	2	14524225	0	1	20173	1	0	next	hit	1109
1EZIDV	541	Response	2				14533980	9755	0
1EZIDV	541	Pulse	255				14542560	18335	0
1EZIDV	543	Pulse	255				14562560	7491	0
1EZIDV	543	Pulse	255				14582560	27491	0
1EZIDV	543	Pulse	255				14602560	47491	0
1EZIDV	543	Pulse	255				14622560	67491	0
1EZIDV	544	Picture	txt,2,3	txt	2	3	14639264	0	1	20173	1	0	next	other	0
1EZIDV	544	Pulse	255				14642560	3296	0
1EZIDV	545	Pulse	255				14662560	3123	0
1EZIDV	546	Picture	stm,2,3	stm	2	3	14674609	0	1	20173	1	0	next	hit	1120
1EZIDV	546	Pulse	255				14682560	7951	0
1EZIDV	546	Response	1				14685090	10481	0
1EZIDV	547	Pulse	255				14702561	7778	0
1EZIDV	548	Picture	stm,2,3	stm	2	3	14705453	0	1	20173	1	0	next	hit	1123
1EZIDV	548	Response	2				14714670	9217	0
1EZIDV	548	Pulse	255				14722560	17107	0
1EZIDV	550	Picture	stm,2,3	stm	2	3	14738798	0	1	20173	1	0	next	hit	1127
1EZIDV	550	Pulse	255				14742560	3763	0
1EZIDV	550	Response	2				14750150	11353	0
1EZIDV	551	Pulse	255				14762560	3589	0
1EZIDV	552	Picture	stm,2,3	stm	2	3	14769308	0	1	20173	1	0	next	hit	1130
1EZIDV	552	Response	2				14780321	11013	0
1EZIDV	552	Pulse	255				14782560	13252	0
1EZIDV	553	Pulse	255				14802561	13079	0
1EZIDV	554	Pulse	255				14822561	8738	0
1EZIDV	554	Pulse	255				14842560	28737	0
1EZIDV	554	Pulse	255				14862561	48738	0
1EZIDV	554	Pulse	255				14882561	68738	0
1EZIDV	554	Pulse	255				14902561	88738	0
1EZIDV	555	Picture	txt,1,1	txt	1	1	14921526	0	1	20173	1	0	next	other	0
1EZIDV	555	Pulse	255				14922561	1035	0
1EZIDV	556	Pulse	255				14942561	861	0
1EZIDV	557	Picture	stm,1,1	stm	1	1	14956871	0	1	20173	1	0	next	hit	1143
1EZIDV	557	Pulse	255				14962561	5689	0
1EZIDV	557	Response	1				14969831	12959	0
1EZIDV	558	Pulse	255				14982561	5516	0
1EZIDV	559	Picture	stm,1,1	stm	1	1	14987381	0	1	20173	1	0	next	hit	1146
1EZIDV	559	Response	1				14998211	10829	0
1EZIDV	559	Pulse	255				15002561	15179	0
1EZIDV	560	Pulse	255				15022561	15006	0
1EZIDV	561	Picture	stm,1,1	stm	1	1	15025228	0	1	20173	1	0	next	hit	1150
1EZIDV	561	Response	2				15039421	14193	0
1EZIDV	561	Pulse	255				15042560	17333	0
1EZIDV	563	Picture	stm,1,1	stm	1	1	15059906	0	1	20173	1	0	next	hit	1154
1EZIDV	563	Pulse	255				15062561	2655	0
1EZIDV	563	Response	2				15072131	12225	0
1EZIDV	564	Pulse	255				15082561	2481	0
1EZIDV	565	Pulse	255				15102561	8310	0
1EZIDV	565	Pulse	255				15122561	28310	0
1EZIDV	565	Pulse	255				15142561	48310	0
1EZIDV	565	Pulse	255				15162561	68310	0
1EZIDV	566	Picture	txt,5,2	txt	5	2	15181113	0	1	20173	1	0	next	other	0
1EZIDV	566	Pulse	255				15182561	1447	0
1EZIDV	567	Pulse	255				15202561	1274	0
1EZIDV	568	Picture	stm,5,2	stm	5	2	15216459	0	1	20173	1	0	next	hit	1165
1EZIDV	568	Pulse	255				15222561	6102	0
1EZIDV	568	Response	2				15228871	12412	0
1EZIDV	569	Pulse	255				15242551	5919	0
1EZIDV	570	Picture	stm,5,2	stm	5	2	15250804	0	1	20173	1	0	next	hit	1168
1EZIDV	570	Response	1				15259361	8557	0
1EZIDV	570	Pulse	255				15262560	11757	0
1EZIDV	572	Picture	stm,5,2	stm	5	2	15281314	0	1	20174	1	0	next	hit	1172
1EZIDV	572	Pulse	255				15282551	1237	0
1EZIDV	572	Response	1				15288071	6757	0
1EZIDV	573	Pulse	255				15302551	1063	0
1EZIDV	574	Picture	stm,5,2	stm	5	2	15314658	0	1	20173	1	0	next	hit	1176
1EZIDV	574	Pulse	255				15322551	7892	0
1EZIDV	574	Response	2				15323690	9032	0
1EZIDV	575	Pulse	255				15342551	7719	0
1EZIDV	576	Pulse	255				15362551	14548	0
1EZIDV	576	Pulse	255				15382551	34548	0
1EZIDV	576	Pulse	255				15402551	54548	0
1EZIDV	576	Pulse	255				15422551	74548	0
1EZIDV	577	Picture	txt,6,2	txt	6	2	15437533	0	1	20173	1	0	next	other	0
1EZIDV	577	Pulse	255				15442551	5018	0
1EZIDV	578	Pulse	255				15462551	4844	0
1EZIDV	579	Picture	stm,6,2	stm	6	2	15472878	0	1	20173	1	0	next	hit	1186
1EZIDV	579	Response	1				15481241	8363	0
1EZIDV	579	Pulse	255				15482552	9673	0
1EZIDV	580	Pulse	255				15502550	9499	0
1EZIDV	581	Picture	stm,6,2	stm	6	2	15503389	0	1	20173	1	0	next	hit	1190
1EZIDV	581	Response	1				15513091	9702	0
1EZIDV	581	Pulse	255				15522551	19162	0
1EZIDV	583	Picture	stm,6,2	stm	6	2	15533899	0	1	20173	1	0	next	hit	1193
1EZIDV	583	Response	1				15542071	8172	0
1EZIDV	583	Pulse	255				15542551	8653	0
1EZIDV	584	Pulse	255				15562550	8478	0
1EZIDV	585	Picture	stm,6,2	stm	6	2	15564743	0	1	20173	1	0	next	hit	1197
1EZIDV	585	Response	1				15574181	9438	0
1EZIDV	585	Pulse	255				15582551	17808	0
1EZIDV	586	Pulse	255				15602551	17635	0
1EZIDV	587	Pulse	255				15622551	15461	0
1EZIDV	587	Pulse	255				15642551	35461	0
1EZIDV	587	Pulse	255				15662551	55461	0
1EZIDV	587	Pulse	255				15682551	75461	0
1EZIDV	587	Pulse	255				15702551	95461	0
1EZIDV	588	Picture	txt,3,3	txt	3	3	15705457	0	1	20173	1	0	next	other	0
1EZIDV	588	Pulse	255				15722551	17094	0
1EZIDV	590	Picture	stm,3,3	stm	3	3	15740802	0	1	20173	1	0	next	hit	1209
1EZIDV	590	Pulse	255				15742551	1749	0
1EZIDV	590	Response	2				15752201	11399	0
1EZIDV	591	Pulse	255				15762551	1576	0
1EZIDV	591	Pulse	255				15782551	21576	0
1EZIDV	592	Picture	stm,3,3	stm	3	3	15782649	0	1	20173	1	0	next	hit	1213
1EZIDV	592	Response	2				15793011	10362	0
1EZIDV	592	Pulse	255				15802551	19902	0
1EZIDV	594	Picture	stm,3,3	stm	3	3	15820162	0	1	20173	1	0	next	hit	1217
1EZIDV	594	Pulse	255				15822551	2389	0
1EZIDV	594	Response	1				15834291	14129	0
1EZIDV	595	Pulse	255				15842551	2215	0
1EZIDV	596	Picture	stm,3,3	stm	3	3	15858508	0	1	20173	1	0	next	hit	1221
1EZIDV	596	Pulse	255				15862551	4043	0
1EZIDV	596	Response	1				15870631	12123	0
1EZIDV	597	Pulse	255				15882551	3869	0
1EZIDV	598	Picture	finish	finish			15898522	0	1	4128883	1	0	next	other	0
1EZIDV	598	Response	1				17987833	2089311	0
1EZIDV	598	Response	2				17987833	2089312	0
1EZIDV	598	Response	3				20023357	4124835	0
